<?xml version="1.0" encoding="utf-8"?>
<TestRun id="935f02fa-d874-4cd9-8d0c-c71a9d650774" name="user@DESKTOP-C5LH746 2026-05-01 13:46:54" runUser="DESKTOP-C5LH746\user" xmlns="http://microsoft.com/schemas/VisualStudio/TeamTest/2010">
  <Times creation="2026-05-01T13:46:54.8441412+03:00" queuing="2026-05-01T13:46:54.8441421+03:00" start="2026-05-01T13:46:53.7448907+03:00" finish="2026-05-01T13:46:56.2419600+03:00" />
  <TestSettings name="default" id="fc828b6b-d5f3-42cf-a2dd-af70f0c78ec8">
    <Deployment runDeploymentRoot="user_DESKTOP-C5LH746_2026-05-01_13_46_54" />
  </TestSettings>
  <Results>
    <UnitTestResult executionId="c7c387fb-079c-485a-a317-51e4f5df2f40" testId="d5eb1efe-65d1-9e32-a1e3-b4f04c3ad72f" testName="CalculateCommand_WhenExecuted_UpdatesService" computerName="DESKTOP-C5LH746" duration="00:00:00.0025469" startTime="2026-05-01T13:46:55.9880888+03:00" endTime="2026-05-01T13:46:55.9906358+03:00" testType="13cdc9d9-ddb5-4fa4-a97d-d965ccfc6d4b" outcome="Passed" testListId="8c84fa94-04c1-424b-9868-57a2d4851a1d" relativeResultsDirectory="c7c387fb-079c-485a-a317-51e4f5df2f40" />
    <UnitTestResult executionId="2d578ade-c3a1-47a5-890b-912f728097a8" testId="62c242f5-dc2e-1683-d045-e5ab51a84a92" testName="AddItemWithQuantity_ValidItem_CallsRepository" computerName="DESKTOP-C5LH746" duration="00:00:00.0067000" startTime="2026-05-01T13:46:54.7102247+03:00" endTime="2026-05-01T13:46:54.7169239+03:00" testType="13cdc9d9-ddb5-4fa4-a97d-d965ccfc6d4b" outcome="Passed" testListId="8c84fa94-04c1-424b-9868-57a2d4851a1d" relativeResultsDirectory="2d578ade-c3a1-47a5-890b-912f728097a8" />
    <UnitTestResult executionId="95713a0d-2bc6-4b0d-a056-6e0fbb828e8d" testId="dedb3103-9276-27da-a7b6-545a382b6549" testName="GetItems_SearchCaseInsensitive_ReturnsCorrectCount" computerName="DESKTOP-C5LH746" duration="00:00:00.0008160" startTime="2026-05-01T13:46:56.0541053+03:00" endTime="2026-05-01T13:46:56.0549212+03:00" testType="13cdc9d9-ddb5-4fa4-a97d-d965ccfc6d4b" outcome="Passed" testListId="8c84fa94-04c1-424b-9868-57a2d4851a1d" relativeResultsDirectory="95713a0d-2bc6-4b0d-a056-6e0fbb828e8d" />
    <UnitTestResult executionId="e7459940-2cc6-4ee1-b199-2a1cc143b35f" testId="e01599d7-e485-d166-16d1-057fa01cc4b8" testName="Logout_AfterSuccessfulLogin_ClearsCurrentUser" computerName="DESKTOP-C5LH746" duration="00:00:00.0092070" startTime="2026-05-01T13:46:55.5839402+03:00" endTime="2026-05-01T13:46:55.5931462+03:00" testType="13cdc9d9-ddb5-4fa4-a97d-d965ccfc6d4b" outcome="Passed" testListId="8c84fa94-04c1-424b-9868-57a2d4851a1d" relativeResultsDirectory="e7459940-2cc6-4ee1-b199-2a1cc143b35f" />
    <UnitTestResult executionId="4b6c3810-f0c2-42fc-a257-6f485099cc73" testId="2fd7cf37-7176-fae4-0ded-4c72384b84f1" testName="GetMaxNoteId_WhenUserHasNotes_ReturnsMaximumIdentifier" computerName="DESKTOP-C5LH746" duration="00:00:00.0005330" startTime="2026-05-01T13:46:55.7989615+03:00" endTime="2026-05-01T13:46:55.7994944+03:00" testType="13cdc9d9-ddb5-4fa4-a97d-d965ccfc6d4b" outcome="Passed" testListId="8c84fa94-04c1-424b-9868-57a2d4851a1d" relativeResultsDirectory="4b6c3810-f0c2-42fc-a257-6f485099cc73" />
    <UnitTestResult executionId="f6e4d89d-87d1-4e6e-ae4e-3db26225cb6c" testId="9756b746-04f9-07cf-b186-f0b2d3df9956" testName="ItemUserDiscountString_FormatsAsPercentage" computerName="DESKTOP-C5LH746" duration="00:00:00.0001410" startTime="2026-05-01T13:46:55.7240744+03:00" endTime="2026-05-01T13:46:55.7242149+03:00" testType="13cdc9d9-ddb5-4fa4-a97d-d965ccfc6d4b" outcome="Passed" testListId="8c84fa94-04c1-424b-9868-57a2d4851a1d" relativeResultsDirectory="f6e4d89d-87d1-4e6e-ae4e-3db26225cb6c" />
    <UnitTestResult executionId="3645fca5-efb4-4bb2-ade0-1384936ab2c9" testId="f4d2fa4b-248e-92f4-fd4c-255cf1362bff" testName="ItemActiveDiscount_WithZeroDiscounts_IsZero" computerName="DESKTOP-C5LH746" duration="00:00:00.0001110" startTime="2026-05-01T13:46:55.7220555+03:00" endTime="2026-05-01T13:46:55.7221663+03:00" testType="13cdc9d9-ddb5-4fa4-a97d-d965ccfc6d4b" outcome="Passed" testListId="8c84fa94-04c1-424b-9868-57a2d4851a1d" relativeResultsDirectory="3645fca5-efb4-4bb2-ade0-1384936ab2c9" />
    <UnitTestResult executionId="8b0591a8-3a13-4964-a096-baad7942bd69" testId="1b235830-e375-d2ee-ab1c-812c412da884" testName="Constructor_WhenDiscountsExist_SetsDiscountedPricePresentation" computerName="DESKTOP-C5LH746" duration="00:00:00.0015330" startTime="2026-05-01T13:46:55.8312776+03:00" endTime="2026-05-01T13:46:55.8328103+03:00" testType="13cdc9d9-ddb5-4fa4-a97d-d965ccfc6d4b" outcome="Passed" testListId="8c84fa94-04c1-424b-9868-57a2d4851a1d" relativeResultsDirectory="8b0591a8-3a13-4964-a096-baad7942bd69" />
    <UnitTestResult executionId="2bc62306-60c3-4ece-850b-4c6ccb6e16f6" testId="13764364-153b-ef86-0b4b-18382ccdfa9f" testName="DeleteNoteCommand_WhenDeleteActionIsNull_DoesNotThrow" computerName="DESKTOP-C5LH746" duration="00:00:00.0009740" startTime="2026-05-01T13:46:55.9468938+03:00" endTime="2026-05-01T13:46:55.9478674+03:00" testType="13cdc9d9-ddb5-4fa4-a97d-d965ccfc6d4b" outcome="Passed" testListId="8c84fa94-04c1-424b-9868-57a2d4851a1d" relativeResultsDirectory="2bc62306-60c3-4ece-850b-4c6ccb6e16f6" />
    <UnitTestResult executionId="f8a7acfa-77b7-4120-b8a8-63423841beaa" testId="ede0d7d6-df56-c7f6-a320-35a70e500296" testName="RegisterCommand_WhenServiceThrows_SetsErrorMessage" computerName="DESKTOP-C5LH746" duration="00:00:00.0022390" startTime="2026-05-01T13:46:55.7180906+03:00" endTime="2026-05-01T13:46:55.7203290+03:00" testType="13cdc9d9-ddb5-4fa4-a97d-d965ccfc6d4b" outcome="Passed" testListId="8c84fa94-04c1-424b-9868-57a2d4851a1d" relativeResultsDirectory="f8a7acfa-77b7-4120-b8a8-63423841beaa" />
    <UnitTestResult executionId="01412c65-acf1-4ddc-acf0-e61809e27cfe" testId="5ba31cc7-b83a-50ea-3c83-11514d30862e" testName="GetNotificationsForUser_UserWithNoStockAlerts_ReturnsEmpty" computerName="DESKTOP-C5LH746" duration="00:00:00.0003930" startTime="2026-05-01T13:46:54.7631631+03:00" endTime="2026-05-01T13:46:54.7635557+03:00" testType="13cdc9d9-ddb5-4fa4-a97d-d965ccfc6d4b" outcome="Passed" testListId="8c84fa94-04c1-424b-9868-57a2d4851a1d" relativeResultsDirectory="01412c65-acf1-4ddc-acf0-e61809e27cfe" />
    <UnitTestResult executionId="2051260f-21fb-4e06-8002-53fa372d1c99" testId="4a6e0731-8b4e-2c0c-ac6b-72b75e14bb8b" testName="GetTrackerState_WhenRepositoryReportsConfiguredTracker_ReturnsRealMappedState" computerName="DESKTOP-C5LH746" duration="00:00:00.0031040" startTime="2026-05-01T13:46:55.3606213+03:00" endTime="2026-05-01T13:46:55.3637246+03:00" testType="13cdc9d9-ddb5-4fa4-a97d-d965ccfc6d4b" outcome="Passed" testListId="8c84fa94-04c1-424b-9868-57a2d4851a1d" relativeResultsDirectory="2051260f-21fb-4e06-8002-53fa372d1c99" />
    <UnitTestResult executionId="b1b9965a-82b5-461c-9b02-189d37e60655" testId="26a4e4c8-7904-ce05-a28a-e7b64ffa388b" testName="DeleteNote_WhenCurrentUserIsNull_DoesNothing" computerName="DESKTOP-C5LH746" duration="00:00:00.0007110" startTime="2026-05-01T13:46:55.7934599+03:00" endTime="2026-05-01T13:46:55.7941708+03:00" testType="13cdc9d9-ddb5-4fa4-a97d-d965ccfc6d4b" outcome="Passed" testListId="8c84fa94-04c1-424b-9868-57a2d4851a1d" relativeResultsDirectory="b1b9965a-82b5-461c-9b02-189d37e60655" />
    <UnitTestResult executionId="8846b8d0-1a33-498c-a159-0a40b02131f6" testId="ff670060-3b4f-2c76-1ea9-3a6f9b3f4860" testName="ProducerText_ItemIsNotNull_ReturnsProducer" computerName="DESKTOP-C5LH746" duration="00:00:00.0003089" startTime="2026-05-01T13:46:56.0869786+03:00" endTime="2026-05-01T13:46:56.0872871+03:00" testType="13cdc9d9-ddb5-4fa4-a97d-d965ccfc6d4b" outcome="Passed" testListId="8c84fa94-04c1-424b-9868-57a2d4851a1d" relativeResultsDirectory="8846b8d0-1a33-498c-a159-0a40b02131f6" />
    <UnitTestResult executionId="b286a508-bab1-45f2-958b-858ed6123ffd" testId="f27c3d6e-798d-7bff-6f6b-f2847549fc91" testName="GetNotificationsForUser_StockAlertItemWithNoSubstances_ShowsNoneInMessage" computerName="DESKTOP-C5LH746" duration="00:00:00.0005689" startTime="2026-05-01T13:46:54.7540952+03:00" endTime="2026-05-01T13:46:54.7546636+03:00" testType="13cdc9d9-ddb5-4fa4-a97d-d965ccfc6d4b" outcome="Passed" testListId="8c84fa94-04c1-424b-9868-57a2d4851a1d" relativeResultsDirectory="b286a508-bab1-45f2-958b-858ed6123ffd" />
    <UnitTestResult executionId="a8307917-2e80-470f-a4c6-37d3a76b18f2" testId="2e9cfea5-09d8-ca86-7034-05a128cddcb9" testName="GetNotificationsForUser_ExpiredNotificationBodyContainsProductId_MessageContainsExpectedDetails" computerName="DESKTOP-C5LH746" duration="00:00:00.0006040" startTime="2026-05-01T13:46:54.7522805+03:00" endTime="2026-05-01T13:46:54.7528846+03:00" testType="13cdc9d9-ddb5-4fa4-a97d-d965ccfc6d4b" outcome="Passed" testListId="8c84fa94-04c1-424b-9868-57a2d4851a1d" relativeResultsDirectory="a8307917-2e80-470f-a4c6-37d3a76b18f2" />
    <UnitTestResult executionId="f27aea3d-ffbb-45f7-9b36-2ac3233cec4f" testId="203ddcaf-731b-1f6c-9c49-ab7afbc0f9fa" testName="Login_WithDisabledAccount_ThrowsException" computerName="DESKTOP-C5LH746" duration="00:00:00.0035490" startTime="2026-05-01T13:46:55.5321101+03:00" endTime="2026-05-01T13:46:55.5356585+03:00" testType="13cdc9d9-ddb5-4fa4-a97d-d965ccfc6d4b" outcome="Passed" testListId="8c84fa94-04c1-424b-9868-57a2d4851a1d" relativeResultsDirectory="f27aea3d-ffbb-45f7-9b36-2ac3233cec4f" />
    <UnitTestResult executionId="7b070e83-7b40-42db-b1b6-f82cbb6a5197" testId="188b81e9-1c3c-2003-815e-a7f43135ba4f" testName="GetExpiredItems_EmptyRepository_ReturnsEmptyList" computerName="DESKTOP-C5LH746" duration="00:00:00.0130960" startTime="2026-05-01T13:46:54.7249369+03:00" endTime="2026-05-01T13:46:54.7380322+03:00" testType="13cdc9d9-ddb5-4fa4-a97d-d965ccfc6d4b" outcome="Passed" testListId="8c84fa94-04c1-424b-9868-57a2d4851a1d" relativeResultsDirectory="7b070e83-7b40-42db-b1b6-f82cbb6a5197" />
    <UnitTestResult executionId="b1601841-1551-4715-b7eb-2d436ac195c1" testId="b5d68600-8eb8-6415-e005-5ebb0ebabd80" testName="CancelOrder_WhenCalled_PersistsThroughRepository" computerName="DESKTOP-C5LH746" duration="00:00:00.0014510" startTime="2026-05-01T13:46:55.2842451+03:00" endTime="2026-05-01T13:46:55.2856963+03:00" testType="13cdc9d9-ddb5-4fa4-a97d-d965ccfc6d4b" outcome="Passed" testListId="8c84fa94-04c1-424b-9868-57a2d4851a1d" relativeResultsDirectory="b1601841-1551-4715-b7eb-2d436ac195c1" />
    <UnitTestResult executionId="4c7b726d-98a2-4880-9ca2-e0848803cfd2" testId="6ff76372-3553-118b-b87a-05194a5df58c" testName="RecalculateBasketItemPrices_WithBaseDiscount_ReducesFinalPrice" computerName="DESKTOP-C5LH746" duration="00:00:00.0001760" startTime="2026-05-01T13:46:55.3372839+03:00" endTime="2026-05-01T13:46:55.3374602+03:00" testType="13cdc9d9-ddb5-4fa4-a97d-d965ccfc6d4b" outcome="Passed" testListId="8c84fa94-04c1-424b-9868-57a2d4851a1d" relativeResultsDirectory="4c7b726d-98a2-4880-9ca2-e0848803cfd2" />
    <UnitTestResult executionId="4259c819-909b-4adb-b0bc-91b13bf85969" testId="23cfc758-fafd-bc0c-295b-2a657beeda32" testName="HandleNavigationRequest_UserIsNullAndRequestsCycleTracker_ReturnsLoginView" computerName="DESKTOP-C5LH746" duration="00:00:00.0000730" startTime="2026-05-01T13:46:56.0328501+03:00" endTime="2026-05-01T13:46:56.0329235+03:00" testType="13cdc9d9-ddb5-4fa4-a97d-d965ccfc6d4b" outcome="Passed" testListId="8c84fa94-04c1-424b-9868-57a2d4851a1d" relativeResultsDirectory="4259c819-909b-4adb-b0bc-91b13bf85969" />
    <UnitTestResult executionId="67fc918c-50db-41b7-a0aa-62eb721dbeb8" testId="4b190f0b-824b-f3cf-4c2f-77071de34cd9" testName="DeleteNote_WhenNoteExists_PersistsUser" computerName="DESKTOP-C5LH746" duration="00:00:00.0015060" startTime="2026-05-01T13:46:55.7956494+03:00" endTime="2026-05-01T13:46:55.7971546+03:00" testType="13cdc9d9-ddb5-4fa4-a97d-d965ccfc6d4b" outcome="Passed" testListId="8c84fa94-04c1-424b-9868-57a2d4851a1d" relativeResultsDirectory="67fc918c-50db-41b7-a0aa-62eb721dbeb8" />
    <UnitTestResult executionId="45ba3a17-7bc6-4ee4-beb4-965606c035f4" testId="31817db5-47ae-1797-9d96-37f4c7c78709" testName="PlaceOrderFromBasket_WhenStockInsufficient_DoesNotPlaceOrder" computerName="DESKTOP-C5LH746" duration="00:00:00.0048470" startTime="2026-05-01T13:46:55.3218552+03:00" endTime="2026-05-01T13:46:55.3267012+03:00" testType="13cdc9d9-ddb5-4fa4-a97d-d965ccfc6d4b" outcome="Passed" testListId="8c84fa94-04c1-424b-9868-57a2d4851a1d" relativeResultsDirectory="45ba3a17-7bc6-4ee4-beb4-965606c035f4" />
    <UnitTestResult executionId="e7c9b526-febe-441d-84c4-2376c8dd9105" testId="1a94333e-84b4-6f0b-3493-22b2fc654d79" testName="LoadUsers_WhenServiceReturnsUsers_UpdatesUsersCollection" computerName="DESKTOP-C5LH746" duration="00:00:00.0023390" startTime="2026-05-01T13:46:55.6755181+03:00" endTime="2026-05-01T13:46:55.6778567+03:00" testType="13cdc9d9-ddb5-4fa4-a97d-d965ccfc6d4b" outcome="Passed" testListId="8c84fa94-04c1-424b-9868-57a2d4851a1d" relativeResultsDirectory="e7c9b526-febe-441d-84c4-2376c8dd9105" />
    <UnitTestResult executionId="a739e91a-6b84-4f0f-8074-9ba0cda2cadc" testId="c7601a22-b99e-5e9a-e41c-40cab8e981c5" testName="ProductName_ItemIsNull_ReturnsEmptyString" computerName="DESKTOP-C5LH746" duration="00:00:00.0001280" startTime="2026-05-01T13:46:56.0877455+03:00" endTime="2026-05-01T13:46:56.0878732+03:00" testType="13cdc9d9-ddb5-4fa4-a97d-d965ccfc6d4b" outcome="Passed" testListId="8c84fa94-04c1-424b-9868-57a2d4851a1d" relativeResultsDirectory="a739e91a-6b84-4f0f-8074-9ba0cda2cadc" />
    <UnitTestResult executionId="720add71-f647-4d3b-bec2-a612f1b44c2a" testId="68596f22-1118-2703-b561-3554976bc92c" testName="RemoveItem_WhenCalled_DelegatesToRepository" computerName="DESKTOP-C5LH746" duration="00:00:00.0046280" startTime="2026-05-01T13:46:55.2484190+03:00" endTime="2026-05-01T13:46:55.2530465+03:00" testType="13cdc9d9-ddb5-4fa4-a97d-d965ccfc6d4b" outcome="Passed" testListId="8c84fa94-04c1-424b-9868-57a2d4851a1d" relativeResultsDirectory="720add71-f647-4d3b-bec2-a612f1b44c2a" />
    <UnitTestResult executionId="08d88882-4da0-49f9-8c7c-9bb22ae0a4cd" testId="d2557a4c-d48e-1c70-3dfe-7f1e5801a152" testName="GetItems_DiscountedTrue_ReturnsCorrectCount" computerName="DESKTOP-C5LH746" duration="00:00:00.0004360" startTime="2026-05-01T13:46:56.0361306+03:00" endTime="2026-05-01T13:46:56.0365661+03:00" testType="13cdc9d9-ddb5-4fa4-a97d-d965ccfc6d4b" outcome="Passed" testListId="8c84fa94-04c1-424b-9868-57a2d4851a1d" relativeResultsDirectory="08d88882-4da0-49f9-8c7c-9bb22ae0a4cd" />
    <UnitTestResult executionId="9850fdc4-b4c8-4f63-840f-417ab4c2c3b9" testId="c86fad52-f90e-88cf-a936-85b40f90ebc4" testName="Constructor_WhenTrackerExists_LoadsInitialStateAndBuildsItemRows" computerName="DESKTOP-C5LH746" duration="00:00:00.0008420" startTime="2026-05-01T13:46:55.9928345+03:00" endTime="2026-05-01T13:46:55.9936758+03:00" testType="13cdc9d9-ddb5-4fa4-a97d-d965ccfc6d4b" outcome="Passed" testListId="8c84fa94-04c1-424b-9868-57a2d4851a1d" relativeResultsDirectory="9850fdc4-b4c8-4f63-840f-417ab4c2c3b9" />
    <UnitTestResult executionId="a1c5c346-dbd0-4c53-9334-49f8d5b4e32b" testId="d837b9ee-96af-7157-c1bb-f13edaf78b04" testName="UpdateItem_WhenItemDoesNotExist_ThrowsArgumentException" computerName="DESKTOP-C5LH746" duration="00:00:00.0017230" startTime="2026-05-01T13:46:55.2554732+03:00" endTime="2026-05-01T13:46:55.2571961+03:00" testType="13cdc9d9-ddb5-4fa4-a97d-d965ccfc6d4b" outcome="Passed" testListId="8c84fa94-04c1-424b-9868-57a2d4851a1d" relativeResultsDirectory="a1c5c346-dbd0-4c53-9334-49f8d5b4e32b" />
    <UnitTestResult executionId="f4b2c47f-7f75-40ed-aaa8-f8ab68613277" testId="35b88adb-ff6d-63c8-1d0a-6d6c865c426a" testName="GetItems_SortByPriceDescending_FirstItemIsMostExpensive" computerName="DESKTOP-C5LH746" duration="00:00:00.0009160" startTime="2026-05-01T13:46:56.0754416+03:00" endTime="2026-05-01T13:46:56.0763575+03:00" testType="13cdc9d9-ddb5-4fa4-a97d-d965ccfc6d4b" outcome="Passed" testListId="8c84fa94-04c1-424b-9868-57a2d4851a1d" relativeResultsDirectory="f4b2c47f-7f75-40ed-aaa8-f8ab68613277" />
    <UnitTestResult executionId="41ecdca7-a08c-435a-b496-b84c48195b0f" testId="89aaeb39-af12-3677-0e88-2d42e1a42a67" testName="GetItems_Pagination_SecondPageReturnsRemainingItemsCount" computerName="DESKTOP-C5LH746" duration="00:00:00.0013540" startTime="2026-05-01T13:46:56.0423229+03:00" endTime="2026-05-01T13:46:56.0436770+03:00" testType="13cdc9d9-ddb5-4fa4-a97d-d965ccfc6d4b" outcome="Passed" testListId="8c84fa94-04c1-424b-9868-57a2d4851a1d" relativeResultsDirectory="41ecdca7-a08c-435a-b496-b84c48195b0f" />
    <UnitTestResult executionId="12036f0c-3a49-42a6-9d1b-6dc0d1d2569e" testId="2a3f9f1b-696c-ab84-737a-7a9179f5ee5c" testName="TryAddToBasketrealOrderService_UpdatesQuantityIfAlreadyInBasket" computerName="DESKTOP-C5LH746" duration="00:00:00.0005320" startTime="2026-05-01T13:46:55.2297971+03:00" endTime="2026-05-01T13:46:55.2303293+03:00" testType="13cdc9d9-ddb5-4fa4-a97d-d965ccfc6d4b" outcome="Passed" testListId="8c84fa94-04c1-424b-9868-57a2d4851a1d" relativeResultsDirectory="12036f0c-3a49-42a6-9d1b-6dc0d1d2569e" />
    <UnitTestResult executionId="a1373ff3-e853-40ae-9d78-3a9e77771343" testId="537c7cb5-5367-d8b0-3c85-177ccd2543e5" testName="GetBasketItems_ItemWithMsAppxImagePath_PreservesPath" computerName="DESKTOP-C5LH746" duration="00:00:00.0008580" startTime="2026-05-01T13:46:55.7593567+03:00" endTime="2026-05-01T13:46:55.7602145+03:00" testType="13cdc9d9-ddb5-4fa4-a97d-d965ccfc6d4b" outcome="Passed" testListId="8c84fa94-04c1-424b-9868-57a2d4851a1d" relativeResultsDirectory="a1373ff3-e853-40ae-9d78-3a9e77771343" />
    <UnitTestResult executionId="09644740-0680-45ce-9eee-2b3dc2b8aacf" testId="4d4f09c2-c927-5998-31df-6041dbecf88b" testName="StockText_StockExactlyAtThreshold_ReturnsInStock" computerName="DESKTOP-C5LH746" duration="00:00:00.0001590" startTime="2026-05-01T13:46:56.0881552+03:00" endTime="2026-05-01T13:46:56.0883142+03:00" testType="13cdc9d9-ddb5-4fa4-a97d-d965ccfc6d4b" outcome="Passed" testListId="8c84fa94-04c1-424b-9868-57a2d4851a1d" relativeResultsDirectory="09644740-0680-45ce-9eee-2b3dc2b8aacf" />
    <UnitTestResult executionId="1d08da20-e6b8-4ecb-b3e0-36994407afdc" testId="60537e5b-4c1b-b701-08b0-b54baeea4801" testName="Login_WithEmptyPassword_ThrowsArgumentException" computerName="DESKTOP-C5LH746" duration="00:00:00.0001940" startTime="2026-05-01T13:46:55.5360163+03:00" endTime="2026-05-01T13:46:55.5362105+03:00" testType="13cdc9d9-ddb5-4fa4-a97d-d965ccfc6d4b" outcome="Passed" testListId="8c84fa94-04c1-424b-9868-57a2d4851a1d" relativeResultsDirectory="1d08da20-e6b8-4ecb-b3e0-36994407afdc" />
    <UnitTestResult executionId="e0f8fd82-ad54-4676-85f7-54a27711ba7b" testId="9d98dfb0-42ba-7b4b-f214-086e8fcbcffe" testName="OnPropertyChanged_WithSubscriber_InvokesEvent" computerName="DESKTOP-C5LH746" duration="00:00:00.0003120" startTime="2026-05-01T13:46:56.0858278+03:00" endTime="2026-05-01T13:46:56.0861390+03:00" testType="13cdc9d9-ddb5-4fa4-a97d-d965ccfc6d4b" outcome="Passed" testListId="8c84fa94-04c1-424b-9868-57a2d4851a1d" relativeResultsDirectory="e0f8fd82-ad54-4676-85f7-54a27711ba7b" />
    <UnitTestResult executionId="841a220d-e486-4b06-9168-8b9f58d13c9e" testId="0f3f72a1-35fc-b219-5c6e-ab180b4bc4f5" testName="GetItems_SearchSkipsItemsWithNullName_ReturnsCorrectItemName" computerName="DESKTOP-C5LH746" duration="00:00:00.0004130" startTime="2026-05-01T13:46:56.0631088+03:00" endTime="2026-05-01T13:46:56.0635214+03:00" testType="13cdc9d9-ddb5-4fa4-a97d-d965ccfc6d4b" outcome="Passed" testListId="8c84fa94-04c1-424b-9868-57a2d4851a1d" relativeResultsDirectory="841a220d-e486-4b06-9168-8b9f58d13c9e" />
    <UnitTestResult executionId="b25d4d08-0ade-4983-b292-907b093e1652" testId="d1bc3687-ba39-eaa9-1085-5e33ee7e7bb4" testName="RecalculateBasketItemPrices_WithBaseDiscount_ReducesFinalPriceAfterDiscount" computerName="DESKTOP-C5LH746" duration="00:00:00.0001640" startTime="2026-05-01T13:46:55.7688037+03:00" endTime="2026-05-01T13:46:55.7689675+03:00" testType="13cdc9d9-ddb5-4fa4-a97d-d965ccfc6d4b" outcome="Passed" testListId="8c84fa94-04c1-424b-9868-57a2d4851a1d" relativeResultsDirectory="b25d4d08-0ade-4983-b292-907b093e1652" />
    <UnitTestResult executionId="145c6c25-107f-426c-97df-914b9d8c57f9" testId="0ab5581a-fc6c-8d6c-af3c-0d7953e7d92b" testName="UpdateNote_WhenNoteBodyIsNull_ReplacesWithEmptyString" computerName="DESKTOP-C5LH746" duration="00:00:00.0003600" startTime="2026-05-01T13:46:55.8078690+03:00" endTime="2026-05-01T13:46:55.8082286+03:00" testType="13cdc9d9-ddb5-4fa4-a97d-d965ccfc6d4b" outcome="Passed" testListId="8c84fa94-04c1-424b-9868-57a2d4851a1d" relativeResultsDirectory="145c6c25-107f-426c-97df-914b9d8c57f9" />
    <UnitTestResult executionId="89b5ddb1-ef01-4d1b-a560-9e52562041db" testId="e7da903d-b0e9-1907-067f-6ff579702473" testName="QuantityChanged_WhenItemQuantityUpdated_CallsRecalculateBasketItemPrices" computerName="DESKTOP-C5LH746" duration="00:00:00.0014050" startTime="2026-05-01T13:46:55.7372949+03:00" endTime="2026-05-01T13:46:55.7387000+03:00" testType="13cdc9d9-ddb5-4fa4-a97d-d965ccfc6d4b" outcome="Passed" testListId="8c84fa94-04c1-424b-9868-57a2d4851a1d" relativeResultsDirectory="89b5ddb1-ef01-4d1b-a560-9e52562041db" />
    <UnitTestResult executionId="1313dc0a-f9f5-4ea2-8056-d88a782ce242" testId="faa29cde-32e2-b121-3f79-15cad9091a35" testName="OldPriceDisplay_ItemIsNull_ReturnsEmptyString" computerName="DESKTOP-C5LH746" duration="00:00:00.0001260" startTime="2026-05-01T13:46:56.0855854+03:00" endTime="2026-05-01T13:46:56.0857111+03:00" testType="13cdc9d9-ddb5-4fa4-a97d-d965ccfc6d4b" outcome="Passed" testListId="8c84fa94-04c1-424b-9868-57a2d4851a1d" relativeResultsDirectory="1313dc0a-f9f5-4ea2-8056-d88a782ce242" />
    <UnitTestResult executionId="679c76ac-638d-420f-b6f9-20da16d2887e" testId="2563c1d3-161f-693b-badf-0bcea17c98d4" testName="PickUpDateString_FormatsDateAsYearMonthDay" computerName="DESKTOP-C5LH746" duration="00:00:00.0007210" startTime="2026-05-01T13:46:55.7828426+03:00" endTime="2026-05-01T13:46:55.7835632+03:00" testType="13cdc9d9-ddb5-4fa4-a97d-d965ccfc6d4b" outcome="Passed" testListId="8c84fa94-04c1-424b-9868-57a2d4851a1d" relativeResultsDirectory="679c76ac-638d-420f-b6f9-20da16d2887e" />
    <UnitTestResult executionId="10c85d81-1c27-4729-86db-5939c744c6a8" testId="9e8b433a-dced-c153-ec9c-34c50db9e5bc" testName="GetBasketItems_ItemWithPathContainingAssetsFolder_ReplacesBackslashesWithForwardSlashes" computerName="DESKTOP-C5LH746" duration="00:00:00.0007120" startTime="2026-05-01T13:46:55.7607847+03:00" endTime="2026-05-01T13:46:55.7614964+03:00" testType="13cdc9d9-ddb5-4fa4-a97d-d965ccfc6d4b" outcome="Passed" testListId="8c84fa94-04c1-424b-9868-57a2d4851a1d" relativeResultsDirectory="10c85d81-1c27-4729-86db-5939c744c6a8" />
    <UnitTestResult executionId="7158d06d-1de1-4193-b156-08f6feda355c" testId="0bbeea6b-429f-77b7-6b48-feda2899e8c5" testName="GetTop30Substances_ReturnsRepositoryData_CountMatches" computerName="DESKTOP-C5LH746" duration="00:00:00.0002599" startTime="2026-05-01T13:46:54.7686637+03:00" endTime="2026-05-01T13:46:54.7689236+03:00" testType="13cdc9d9-ddb5-4fa4-a97d-d965ccfc6d4b" outcome="Passed" testListId="8c84fa94-04c1-424b-9868-57a2d4851a1d" relativeResultsDirectory="7158d06d-1de1-4193-b156-08f6feda355c" />
    <UnitTestResult executionId="ad452272-438a-4e95-ba78-be4a423c5e83" testId="cb7ac525-2c03-7226-e982-b85f8d45572b" testName="RemoveItemCommand_RemovesItemFromOrderItems" computerName="DESKTOP-C5LH746" duration="00:00:00.0010020" startTime="2026-05-01T13:46:55.7835782+03:00" endTime="2026-05-01T13:46:55.7845801+03:00" testType="13cdc9d9-ddb5-4fa4-a97d-d965ccfc6d4b" outcome="Passed" testListId="8c84fa94-04c1-424b-9868-57a2d4851a1d" relativeResultsDirectory="ad452272-438a-4e95-ba78-be4a423c5e83" />
    <UnitTestResult executionId="9ac12b37-353e-4974-a6f9-bd7642d3c308" testId="6f889966-6839-94f4-e345-dd4438d60a2a" testName="AddToBasket_WhenItemNotInBasket_AddsItemWithCorrectQuantity" computerName="DESKTOP-C5LH746" duration="00:00:00.0001700" startTime="2026-05-01T13:46:55.2666398+03:00" endTime="2026-05-01T13:46:55.2668098+03:00" testType="13cdc9d9-ddb5-4fa4-a97d-d965ccfc6d4b" outcome="Passed" testListId="8c84fa94-04c1-424b-9868-57a2d4851a1d" relativeResultsDirectory="9ac12b37-353e-4974-a6f9-bd7642d3c308" />
    <UnitTestResult executionId="f0cd0a56-9c76-401f-bf19-7c4e356e3b3b" testId="3a9b785c-04c5-60f7-0aa0-776f57fbe3b2" testName="CalculateCommand_WhenExecuted_ShowsCalendars" computerName="DESKTOP-C5LH746" duration="00:00:00.0094780" startTime="2026-05-01T13:46:55.9785486+03:00" endTime="2026-05-01T13:46:55.9880270+03:00" testType="13cdc9d9-ddb5-4fa4-a97d-d965ccfc6d4b" outcome="Passed" testListId="8c84fa94-04c1-424b-9868-57a2d4851a1d" relativeResultsDirectory="f0cd0a56-9c76-401f-bf19-7c4e356e3b3b" />
    <UnitTestResult executionId="0f8ffc02-f9a9-4d4f-981d-1759b3695fb7" testId="789ed46f-6564-06fe-c11c-53ed589aa4d9" testName="LabelText_ItemIsNotNull_ReturnsLabel" computerName="DESKTOP-C5LH746" duration="00:00:00.0001430" startTime="2026-05-01T13:46:56.0851380+03:00" endTime="2026-05-01T13:46:56.0852808+03:00" testType="13cdc9d9-ddb5-4fa4-a97d-d965ccfc6d4b" outcome="Passed" testListId="8c84fa94-04c1-424b-9868-57a2d4851a1d" relativeResultsDirectory="0f8ffc02-f9a9-4d4f-981d-1759b3695fb7" />
    <UnitTestResult executionId="2b096266-cb19-4631-8ff2-fe99c95d1d27" testId="9ae8676f-882a-b558-30e0-a4f54d78c104" testName="SendNewStockNotification_ReturnsExpectedMessageContent" computerName="DESKTOP-C5LH746" duration="00:00:00.0002920" startTime="2026-05-01T13:46:54.7767274+03:00" endTime="2026-05-01T13:46:54.7770197+03:00" testType="13cdc9d9-ddb5-4fa4-a97d-d965ccfc6d4b" outcome="Passed" testListId="8c84fa94-04c1-424b-9868-57a2d4851a1d" relativeResultsDirectory="2b096266-cb19-4631-8ff2-fe99c95d1d27" />
    <UnitTestResult executionId="7a1abe12-3828-4f53-9e0b-52e09afb9e58" testId="f26804e2-174b-0534-11d5-650ecfe9b6d6" testName="GetCurrentUser_WhenCurrentUserExists_ReturnsSameInstance" computerName="DESKTOP-C5LH746" duration="00:00:00.0007170" startTime="2026-05-01T13:46:55.7977539+03:00" endTime="2026-05-01T13:46:55.7984704+03:00" testType="13cdc9d9-ddb5-4fa4-a97d-d965ccfc6d4b" outcome="Passed" testListId="8c84fa94-04c1-424b-9868-57a2d4851a1d" relativeResultsDirectory="7a1abe12-3828-4f53-9e0b-52e09afb9e58" />
    <UnitTestResult executionId="f329167b-10ed-4dbb-abd4-d3a17de18e56" testId="d9faed84-aaf5-6a46-b77b-a0572bacc6c5" testName="ItemActiveDiscount_WithBaseAndExtra_CombinesCorrectly" computerName="DESKTOP-C5LH746" duration="00:00:00.0002530" startTime="2026-05-01T13:46:55.7217916+03:00" endTime="2026-05-01T13:46:55.7220439+03:00" testType="13cdc9d9-ddb5-4fa4-a97d-d965ccfc6d4b" outcome="Passed" testListId="8c84fa94-04c1-424b-9868-57a2d4851a1d" relativeResultsDirectory="f329167b-10ed-4dbb-abd4-d3a17de18e56" />
    <UnitTestResult executionId="dfbe5234-d9e5-44de-a91f-2209ee3e3248" testId="c7ca193d-e627-b18e-4b7e-c046beb396dd" testName="SetFinalPrices_UpdatesFinalPriceAfterDiscount" computerName="DESKTOP-C5LH746" duration="00:00:00.0000860" startTime="2026-05-01T13:46:55.7243697+03:00" endTime="2026-05-01T13:46:55.7244562+03:00" testType="13cdc9d9-ddb5-4fa4-a97d-d965ccfc6d4b" outcome="Passed" testListId="8c84fa94-04c1-424b-9868-57a2d4851a1d" relativeResultsDirectory="dfbe5234-d9e5-44de-a91f-2209ee3e3248" />
    <UnitTestResult executionId="2c59818a-13e2-4e9d-80ee-f24ded7a2141" testId="2e9e52f1-622a-a34e-d216-8285c9a00333" testName="Equals_Null_ReturnsFalse" computerName="DESKTOP-C5LH746" duration="00:00:00.0001340" startTime="2026-05-01T13:46:55.7212646+03:00" endTime="2026-05-01T13:46:55.7213984+03:00" testType="13cdc9d9-ddb5-4fa4-a97d-d965ccfc6d4b" outcome="Passed" testListId="8c84fa94-04c1-424b-9868-57a2d4851a1d" relativeResultsDirectory="2c59818a-13e2-4e9d-80ee-f24ded7a2141" />
    <UnitTestResult executionId="07c5a803-4a1d-4899-9243-24fc3288944e" testId="836d208c-f8b6-c927-8420-550c29c063c4" testName="Constructor_WhenItemHasOnlyOwnDiscount_ComputesDiscountedPriceCorrectly" computerName="DESKTOP-C5LH746" duration="00:00:00.0003400" startTime="2026-05-01T13:46:55.8352541+03:00" endTime="2026-05-01T13:46:55.8355938+03:00" testType="13cdc9d9-ddb5-4fa4-a97d-d965ccfc6d4b" outcome="Passed" testListId="8c84fa94-04c1-424b-9868-57a2d4851a1d" relativeResultsDirectory="07c5a803-4a1d-4899-9243-24fc3288944e" />
    <UnitTestResult executionId="1365e84d-043d-4af4-b326-9424cb169330" testId="7220750d-4103-a250-2665-4f4a5f8e6ef9" testName="ApplyPrescriptionToBasket_WhenPrescriptionReturnsEmpty_ThrowsArgumentException" computerName="DESKTOP-C5LH746" duration="00:00:00.0010450" startTime="2026-05-01T13:46:55.2709302+03:00" endTime="2026-05-01T13:46:55.2719750+03:00" testType="13cdc9d9-ddb5-4fa4-a97d-d965ccfc6d4b" outcome="Passed" testListId="8c84fa94-04c1-424b-9868-57a2d4851a1d" relativeResultsDirectory="1365e84d-043d-4af4-b326-9424cb169330" />
    <UnitTestResult executionId="a9f94bed-ddfb-4e84-9675-736a80ef62ff" testId="35e1a0b6-88ca-0758-cf60-822fd8fabf52" testName="GetItems_InvalidStockFilter_ReturnsOriginalCount" computerName="DESKTOP-C5LH746" duration="00:00:00.0005130" startTime="2026-05-01T13:46:56.0399439+03:00" endTime="2026-05-01T13:46:56.0404561+03:00" testType="13cdc9d9-ddb5-4fa4-a97d-d965ccfc6d4b" outcome="Passed" testListId="8c84fa94-04c1-424b-9868-57a2d4851a1d" relativeResultsDirectory="a9f94bed-ddfb-4e84-9675-736a80ef62ff" />
    <UnitTestResult executionId="e71b2840-6a27-45b6-b37a-c4b0a9e35be0" testId="68747e5a-354c-9bf5-fda0-45a499be7cf7" testName="ApplyPrescriptionToBasket_ValidPrescription_AddsItemsToBasket" computerName="DESKTOP-C5LH746" duration="00:00:00.0008800" startTime="2026-05-01T13:46:55.7513816+03:00" endTime="2026-05-01T13:46:55.7522615+03:00" testType="13cdc9d9-ddb5-4fa4-a97d-d965ccfc6d4b" outcome="Passed" testListId="8c84fa94-04c1-424b-9868-57a2d4851a1d" relativeResultsDirectory="e71b2840-6a27-45b6-b37a-c4b0a9e35be0" />
    <UnitTestResult executionId="1d4b0395-8e13-4194-bdf8-531a4ba00f6d" testId="ed314da1-b2cc-6574-bb58-9be1024368f8" testName="RemoveFromBasket_WhenItemNotInBasket_ThrowsArgumentException" computerName="DESKTOP-C5LH746" duration="00:00:00.0006579" startTime="2026-05-01T13:46:55.3484132+03:00" endTime="2026-05-01T13:46:55.3490719+03:00" testType="13cdc9d9-ddb5-4fa4-a97d-d965ccfc6d4b" outcome="Passed" testListId="8c84fa94-04c1-424b-9868-57a2d4851a1d" relativeResultsDirectory="1d4b0395-8e13-4194-bdf8-531a4ba00f6d" />
    <UnitTestResult executionId="86ee1e64-0fa7-4853-8c8a-512e0ebe545a" testId="de0ad84f-bc32-cc9a-d4ff-fae9b2ef9a66" testName="GetItems_InvalidSortBy_ReturnsFirstItemInOriginalOrder" computerName="DESKTOP-C5LH746" duration="00:00:00.0006070" startTime="2026-05-01T13:46:56.0393182+03:00" endTime="2026-05-01T13:46:56.0399243+03:00" testType="13cdc9d9-ddb5-4fa4-a97d-d965ccfc6d4b" outcome="Passed" testListId="8c84fa94-04c1-424b-9868-57a2d4851a1d" relativeResultsDirectory="86ee1e64-0fa7-4853-8c8a-512e0ebe545a" />
    <UnitTestResult executionId="b399dc6f-6b70-474a-b98f-6fee1eb994d3" testId="08dd5b1a-d749-5131-96a0-25bc4c4970e2" testName="GetItems_StockExactlyAtThreshold_LowStockFilterExcludesIt" computerName="DESKTOP-C5LH746" duration="00:00:00.0006640" startTime="2026-05-01T13:46:56.0763928+03:00" endTime="2026-05-01T13:46:56.0770562+03:00" testType="13cdc9d9-ddb5-4fa4-a97d-d965ccfc6d4b" outcome="Passed" testListId="8c84fa94-04c1-424b-9868-57a2d4851a1d" relativeResultsDirectory="b399dc6f-6b70-474a-b98f-6fee1eb994d3" />
    <UnitTestResult executionId="865482e3-dabb-43fc-a885-363ad2669eff" testId="912f234c-6fcc-85cb-508a-d27395c51fd2" testName="AddNoteCommand_WhenNotesAreBelowMaximum_ReloadsNotes" computerName="DESKTOP-C5LH746" duration="00:00:00.0055500" startTime="2026-05-01T13:46:55.9664252+03:00" endTime="2026-05-01T13:46:55.9719744+03:00" testType="13cdc9d9-ddb5-4fa4-a97d-d965ccfc6d4b" outcome="Passed" testListId="8c84fa94-04c1-424b-9868-57a2d4851a1d" relativeResultsDirectory="865482e3-dabb-43fc-a885-363ad2669eff" />
    <UnitTestResult executionId="abc582a4-4f2f-4e55-a04a-eb65f3812bc8" testId="4839f06e-370d-f184-a452-143ce59470da" testName="GetNotificationsForUser_WhenAdminAndExpiredItems_ReturnsNotifications" computerName="DESKTOP-C5LH746" duration="00:00:00.0004740" startTime="2026-05-01T13:46:55.2468079+03:00" endTime="2026-05-01T13:46:55.2472816+03:00" testType="13cdc9d9-ddb5-4fa4-a97d-d965ccfc6d4b" outcome="Passed" testListId="8c84fa94-04c1-424b-9868-57a2d4851a1d" relativeResultsDirectory="abc582a4-4f2f-4e55-a04a-eb65f3812bc8" />
    <UnitTestResult executionId="5770b906-5592-488a-9612-b9ed28d3ff0e" testId="59030bfb-4edd-1cf2-f887-1209a74081ed" testName="GetPrescription_ValidId_CallsApplyPrescriptionOnService" computerName="DESKTOP-C5LH746" duration="00:00:00.0016140" startTime="2026-05-01T13:46:55.7324519+03:00" endTime="2026-05-01T13:46:55.7340657+03:00" testType="13cdc9d9-ddb5-4fa4-a97d-d965ccfc6d4b" outcome="Passed" testListId="8c84fa94-04c1-424b-9868-57a2d4851a1d" relativeResultsDirectory="5770b906-5592-488a-9612-b9ed28d3ff0e" />
    <UnitTestResult executionId="d39ea127-e9e8-4e2b-bae1-34a83c097673" testId="7250a79e-aa54-26b5-bf0d-35fabacc9f22" testName="CancelChanges_WhenErrorMessageIsSet_ClearsErrorMessage" computerName="DESKTOP-C5LH746" duration="00:00:00.0017370" startTime="2026-05-01T13:46:55.7045207+03:00" endTime="2026-05-01T13:46:55.7062575+03:00" testType="13cdc9d9-ddb5-4fa4-a97d-d965ccfc6d4b" outcome="Passed" testListId="8c84fa94-04c1-424b-9868-57a2d4851a1d" relativeResultsDirectory="d39ea127-e9e8-4e2b-bae1-34a83c097673" />
    <UnitTestResult executionId="84a86e9f-49f4-4435-bc2e-d7e3e8d46841" testId="4cee1680-4679-3a43-ca57-64a1c384a884" testName="Search_WhenCalled_UpdatesUsersCollectionWithResults" computerName="DESKTOP-C5LH746" duration="00:00:00.0016570" startTime="2026-05-01T13:46:55.6836349+03:00" endTime="2026-05-01T13:46:55.6852917+03:00" testType="13cdc9d9-ddb5-4fa4-a97d-d965ccfc6d4b" outcome="Passed" testListId="8c84fa94-04c1-424b-9868-57a2d4851a1d" relativeResultsDirectory="84a86e9f-49f4-4435-bc2e-d7e3e8d46841" />
    <UnitTestResult executionId="fdf78271-01b4-42ab-ad5d-164ea1421d3c" testId="674087f4-521f-8903-c9a8-31b36c367ff1" testName="AddToBasket_WhenExtraDiscountIsOmitted_ForwardsDefaultValue" computerName="DESKTOP-C5LH746" duration="00:00:00.0004290" startTime="2026-05-01T13:46:55.7868700+03:00" endTime="2026-05-01T13:46:55.7872993+03:00" testType="13cdc9d9-ddb5-4fa4-a97d-d965ccfc6d4b" outcome="Passed" testListId="8c84fa94-04c1-424b-9868-57a2d4851a1d" relativeResultsDirectory="fdf78271-01b4-42ab-ad5d-164ea1421d3c" />
    <UnitTestResult executionId="f69cb620-c469-473c-8c54-fdc1092577dd" testId="4d559335-e083-004b-f98d-b407694d9504" testName="CalculatePeriodTracker_WhenPeriodLengthIsAtLeastNine_SetsNoLowFertilityDaysText" computerName="DESKTOP-C5LH746" duration="00:00:00.0002260" startTime="2026-05-01T13:46:55.8178582+03:00" endTime="2026-05-01T13:46:55.8180836+03:00" testType="13cdc9d9-ddb5-4fa4-a97d-d965ccfc6d4b" outcome="Passed" testListId="8c84fa94-04c1-424b-9868-57a2d4851a1d" relativeResultsDirectory="f69cb620-c469-473c-8c54-fdc1092577dd" />
    <UnitTestResult executionId="bc757599-c697-4343-ba6c-8cfbbc46bf05" testId="35be7a6d-f524-ba13-db82-6b7f6f9551c1" testName="AddNote_WhenNoteBodyIsNull_AddsEmptyNoteBody" computerName="DESKTOP-C5LH746" duration="00:00:00.0005450" startTime="2026-05-01T13:46:55.7894180+03:00" endTime="2026-05-01T13:46:55.7899630+03:00" testType="13cdc9d9-ddb5-4fa4-a97d-d965ccfc6d4b" outcome="Passed" testListId="8c84fa94-04c1-424b-9868-57a2d4851a1d" relativeResultsDirectory="bc757599-c697-4343-ba6c-8cfbbc46bf05" />
    <UnitTestResult executionId="1a44f696-a99a-47df-8e39-fd001390baec" testId="7627750c-451b-5f64-617f-9e244168265f" testName="CalculatePeriodTracker_WhenStartDateIsInPast_AlignsCurrentBeginningPeriodDateToCurrentCycle" computerName="DESKTOP-C5LH746" duration="00:00:00.0001840" startTime="2026-05-01T13:46:55.8198926+03:00" endTime="2026-05-01T13:46:55.8200768+03:00" testType="13cdc9d9-ddb5-4fa4-a97d-d965ccfc6d4b" outcome="Passed" testListId="8c84fa94-04c1-424b-9868-57a2d4851a1d" relativeResultsDirectory="1a44f696-a99a-47df-8e39-fd001390baec" />
    <UnitTestResult executionId="d0108c38-f2a7-4ea8-bfae-57b892cdcd48" testId="a027e470-7412-db11-cdec-701cbf182e07" testName="Login_WithUnregisteredEmail_ThrowsException" computerName="DESKTOP-C5LH746" duration="00:00:00.0296420" startTime="2026-05-01T13:46:55.5365009+03:00" endTime="2026-05-01T13:46:55.5661419+03:00" testType="13cdc9d9-ddb5-4fa4-a97d-d965ccfc6d4b" outcome="Failed" testListId="8c84fa94-04c1-424b-9868-57a2d4851a1d" relativeResultsDirectory="d0108c38-f2a7-4ea8-bfae-57b892cdcd48">
      <Output>
        <ErrorInfo>
          <Message>  Expected: &lt;System.Exception&gt;&#xD;
  But was:  &lt;System.ArgumentException: Value does not fall within the expected range.&#xD;
   at Moq.Behaviors.ThrowException.Execute(Invocation invocation) in /_/src/Moq/Behaviors/ThrowException.cs:line 22&#xD;
   at Moq.MethodCall.ExecuteCore(Invocation invocation) in /_/src/Moq/MethodCall.cs:line 109&#xD;
   at Moq.Setup.Execute(Invocation invocation) in /_/src/Moq/Setup.cs:line 84&#xD;
   at Moq.FindAndExecuteMatchingSetup.Handle(Invocation invocation, Mock mock) in /_/src/Moq/Interception/InterceptionAspects.cs:line 95&#xD;
   at Moq.Mock.Moq.IInterceptor.Intercept(Invocation invocation) in /_/src/Moq/Interception/Mock.cs:line 17&#xD;
   at Moq.CastleProxyFactory.Interceptor.Intercept(IInvocation underlying) in /_/src/Moq/Interception/CastleProxyFactory.cs:line 107&#xD;
   at Castle.DynamicProxy.AbstractInvocation.Proceed()&#xD;
   at Castle.Proxies.IUsersRepositoryProxy.GetUserByEmail(String email)&#xD;
   at PharmacyApp.Features.Accounts.Logic.UserAccountService.Login(String email, String password) in D:\facultate\UBB-cs\sem4\iss\UBB-SE-2026-PussyCats_clone\PharmacyApp\Features\Accounts\Logic\UserAccountService.cs:line 50&#xD;
   at PharmacyApp.Tests.Unit.Features.Accounts.Logic.UserAccountServiceTests.&lt;&gt;c__DisplayClass15_0.&lt;Login_WithUnregisteredEmail_ThrowsException&gt;b__1() in D:\facultate\UBB-cs\sem4\iss\UBB-SE-2026-PussyCats_clone\PharmacyApp.Tests.Clean\Features\Accounts\Logic\UserAccountServiceTests.cs:line 85&#xD;
   at NUnit.Framework.Assert.Throws(IResolveConstraint expression, TestDelegate code, String message, Object[] args)&gt;&#xD;
</Message>
          <StackTrace>   at PharmacyApp.Tests.Unit.Features.Accounts.Logic.UserAccountServiceTests.Login_WithUnregisteredEmail_ThrowsException() in D:\facultate\UBB-cs\sem4\iss\UBB-SE-2026-PussyCats_clone\PharmacyApp.Tests.Clean\Features\Accounts\Logic\UserAccountServiceTests.cs:line 85&#xD;

1)    at PharmacyApp.Tests.Unit.Features.Accounts.Logic.UserAccountServiceTests.Login_WithUnregisteredEmail_ThrowsException() in D:\facultate\UBB-cs\sem4\iss\UBB-SE-2026-PussyCats_clone\PharmacyApp.Tests.Clean\Features\Accounts\Logic\UserAccountServiceTests.cs:line 85&#xD;

</StackTrace>
        </ErrorInfo>
      </Output>
    </UnitTestResult>
    <UnitTestResult executionId="a49954e4-ea5e-40af-bd9f-66f7900d3e81" testId="dc8cb5a1-f88f-8ec4-c658-a1614db1112d" testName="GetNotificationsForUser_AdminWithExpiredBatch_ReturnsSingleNotification" computerName="DESKTOP-C5LH746" duration="00:00:00.0006020" startTime="2026-05-01T13:46:54.7496216+03:00" endTime="2026-05-01T13:46:54.7502235+03:00" testType="13cdc9d9-ddb5-4fa4-a97d-d965ccfc6d4b" outcome="Passed" testListId="8c84fa94-04c1-424b-9868-57a2d4851a1d" relativeResultsDirectory="a49954e4-ea5e-40af-bd9f-66f7900d3e81" />
    <UnitTestResult executionId="25e82dd6-796e-43de-b71b-96e258b5e332" testId="1f723bca-fb30-7864-3526-5a344405dd60" testName="TryAddToBasketrealOrderService_ReturnsSuccessTrue" computerName="DESKTOP-C5LH746" duration="00:00:00.0046420" startTime="2026-05-01T13:46:55.2244347+03:00" endTime="2026-05-01T13:46:55.2290758+03:00" testType="13cdc9d9-ddb5-4fa4-a97d-d965ccfc6d4b" outcome="Passed" testListId="8c84fa94-04c1-424b-9868-57a2d4851a1d" relativeResultsDirectory="25e82dd6-796e-43de-b71b-96e258b5e332" />
    <UnitTestResult executionId="1af9cf01-a89d-49ac-88b9-bae87cd02842" testId="7b9ef8b6-7580-91d4-dbb9-b2096cab075b" testName="TryAddToBasket_UserIsNull_ReturnsSuccessFalse" computerName="DESKTOP-C5LH746" duration="00:00:00.0001410" startTime="2026-05-01T13:46:56.0921546+03:00" endTime="2026-05-01T13:46:56.0922953+03:00" testType="13cdc9d9-ddb5-4fa4-a97d-d965ccfc6d4b" outcome="Passed" testListId="8c84fa94-04c1-424b-9868-57a2d4851a1d" relativeResultsDirectory="1af9cf01-a89d-49ac-88b9-bae87cd02842" />
    <UnitTestResult executionId="b2c03e8b-4fef-4d1e-8d49-b13fa6e28b23" testId="5a9d460a-5300-5ede-8b77-c8626294ea4f" testName="IsCorrectPhoneNumberFormat_WithPlusSignInPhoneNumber_ReturnsFalse" computerName="DESKTOP-C5LH746" duration="00:00:00.0001590" startTime="2026-05-01T13:46:55.6553396+03:00" endTime="2026-05-01T13:46:55.6554988+03:00" testType="13cdc9d9-ddb5-4fa4-a97d-d965ccfc6d4b" outcome="Passed" testListId="8c84fa94-04c1-424b-9868-57a2d4851a1d" relativeResultsDirectory="b2c03e8b-4fef-4d1e-8d49-b13fa6e28b23" />
    <UnitTestResult executionId="37b0c7a6-1c1c-464a-adfd-21bc1a196852" testId="dc74df18-044c-c4cf-f29b-1561f5037de7" testName="IsCorrectEmailFormat_WithEmptyEmail_ReturnsFalse" computerName="DESKTOP-C5LH746" duration="00:00:00.0004730" startTime="2026-05-01T13:46:55.6503878+03:00" endTime="2026-05-01T13:46:55.6508610+03:00" testType="13cdc9d9-ddb5-4fa4-a97d-d965ccfc6d4b" outcome="Passed" testListId="8c84fa94-04c1-424b-9868-57a2d4851a1d" relativeResultsDirectory="37b0c7a6-1c1c-464a-adfd-21bc1a196852" />
    <UnitTestResult executionId="2b2e3448-5c50-4dc7-84cf-cd62f8ec2e5b" testId="76ec3917-7862-97f2-ba1d-93fdee4c02cb" testName="CancelOrder_ExistingOrder_SetsIsExpiredTrue" computerName="DESKTOP-C5LH746" duration="00:00:00.0004490" startTime="2026-05-01T13:46:55.7542679+03:00" endTime="2026-05-01T13:46:55.7547171+03:00" testType="13cdc9d9-ddb5-4fa4-a97d-d965ccfc6d4b" outcome="Passed" testListId="8c84fa94-04c1-424b-9868-57a2d4851a1d" relativeResultsDirectory="2b2e3448-5c50-4dc7-84cf-cd62f8ec2e5b" />
    <UnitTestResult executionId="45330e49-76ee-4fd1-acfe-52751babad3d" testId="6e2f04e9-a612-fce2-6a15-5edac6816dc2" testName="IsCorrectPasswordFormat_ShorterThanEightCharacters_ReturnsFalse" computerName="DESKTOP-C5LH746" duration="00:00:00.0002530" startTime="2026-05-01T13:46:55.6527242+03:00" endTime="2026-05-01T13:46:55.6529769+03:00" testType="13cdc9d9-ddb5-4fa4-a97d-d965ccfc6d4b" outcome="Passed" testListId="8c84fa94-04c1-424b-9868-57a2d4851a1d" relativeResultsDirectory="45330e49-76ee-4fd1-acfe-52751babad3d" />
    <UnitTestResult executionId="8e9faea2-0032-4b47-8fa1-794a1afcc969" testId="1c5ad9f8-5430-6040-aaf8-c9bbb2a1f00b" testName="CancelOrder_WhenCalled_MarksOrderAsExpired" computerName="DESKTOP-C5LH746" duration="00:00:00.0029680" startTime="2026-05-01T13:46:55.2812407+03:00" endTime="2026-05-01T13:46:55.2842081+03:00" testType="13cdc9d9-ddb5-4fa4-a97d-d965ccfc6d4b" outcome="Passed" testListId="8c84fa94-04c1-424b-9868-57a2d4851a1d" relativeResultsDirectory="8e9faea2-0032-4b47-8fa1-794a1afcc969" />
    <UnitTestResult executionId="49b4b139-4a4a-4955-b248-94dda489241a" testId="9ff8d357-8d77-5287-66ec-fcd8e9dcf3cc" testName="GetItems_PriceOutsideBoundary_ReturnsEmpty" computerName="DESKTOP-C5LH746" duration="00:00:00.0008980" startTime="2026-05-01T13:46:56.0480957+03:00" endTime="2026-05-01T13:46:56.0489935+03:00" testType="13cdc9d9-ddb5-4fa4-a97d-d965ccfc6d4b" outcome="Passed" testListId="8c84fa94-04c1-424b-9868-57a2d4851a1d" relativeResultsDirectory="49b4b139-4a4a-4955-b248-94dda489241a" />
    <UnitTestResult executionId="898b542a-721e-4f90-a121-c142fc8a9a80" testId="11c501e7-646c-69b9-d8c0-b20a1cb48da1" testName="Constructor_WhenImagePathIsNull_UsesPlaceholderPath" computerName="DESKTOP-C5LH746" duration="00:00:00.0004080" startTime="2026-05-01T13:46:55.8337763+03:00" endTime="2026-05-01T13:46:55.8341836+03:00" testType="13cdc9d9-ddb5-4fa4-a97d-d965ccfc6d4b" outcome="Passed" testListId="8c84fa94-04c1-424b-9868-57a2d4851a1d" relativeResultsDirectory="898b542a-721e-4f90-a121-c142fc8a9a80" />
    <UnitTestResult executionId="7525c858-b9a6-47c9-b7c9-8c12ba4d4624" testId="fef81d1e-dadd-36b0-41aa-e6bd363ebac1" testName="PlaceOrderFromBasket_WithItemDiscountAndUserDiscount_ComputesFinalPriceCorrectly" computerName="DESKTOP-C5LH746" duration="00:00:00.0037160" startTime="2026-05-01T13:46:55.3330451+03:00" endTime="2026-05-01T13:46:55.3367610+03:00" testType="13cdc9d9-ddb5-4fa4-a97d-d965ccfc6d4b" outcome="Passed" testListId="8c84fa94-04c1-424b-9868-57a2d4851a1d" relativeResultsDirectory="7525c858-b9a6-47c9-b7c9-8c12ba4d4624" />
    <UnitTestResult executionId="f4e72dcc-32f2-44d6-9040-1e198d9b18c5" testId="7ef421e6-7dbb-a08a-63ea-2fb18d948bb7" testName="RemoveSubstance_ValidSubstance_CallsRepository" computerName="DESKTOP-C5LH746" duration="00:00:00.0070830" startTime="2026-05-01T13:46:54.7693494+03:00" endTime="2026-05-01T13:46:54.7764316+03:00" testType="13cdc9d9-ddb5-4fa4-a97d-d965ccfc6d4b" outcome="Failed" testListId="8c84fa94-04c1-424b-9868-57a2d4851a1d" relativeResultsDirectory="f4e72dcc-32f2-44d6-9040-1e198d9b18c5">
      <Output>
        <ErrorInfo>
          <Message>System.ArgumentException : Substance TestSubstance does NOT exist.</Message>
          <StackTrace>   at PharmacyApp.Common.Services.AdminService.RemoveSubstanceByName(Substance substance) in D:\facultate\UBB-cs\sem4\iss\UBB-SE-2026-PussyCats_clone\PharmacyApp\Common\Services\AdminService.cs:line 138&#xD;
   at PharmacyApp.Tests.Clean.Common.Service.AdminServiceTests.RemoveSubstance_ValidSubstance_CallsRepository() in D:\facultate\UBB-cs\sem4\iss\UBB-SE-2026-PussyCats_clone\PharmacyApp.Tests.Clean\Common\Service\AdminServiceTests.cs:line 697&#xD;
   at System.RuntimeMethodHandle.InvokeMethod(Object target, Void** arguments, Signature sig, Boolean isConstructor)&#xD;
   at System.Reflection.MethodBaseInvoker.InvokeWithNoArgs(Object obj, BindingFlags invokeAttr)
</StackTrace>
        </ErrorInfo>
      </Output>
    </UnitTestResult>
    <UnitTestResult executionId="7046ae00-6b8a-40aa-8435-7f56f0f42c2c" testId="2aed8c70-6de0-0123-86ef-f7709d6488f5" testName="ValidateItemForAdd_EmptyActiveSubstances_ThrowsArgumentException" computerName="DESKTOP-C5LH746" duration="00:00:00.0004570" startTime="2026-05-01T13:46:54.7856016+03:00" endTime="2026-05-01T13:46:54.7860585+03:00" testType="13cdc9d9-ddb5-4fa4-a97d-d965ccfc6d4b" outcome="Passed" testListId="8c84fa94-04c1-424b-9868-57a2d4851a1d" relativeResultsDirectory="7046ae00-6b8a-40aa-8435-7f56f0f42c2c" />
    <UnitTestResult executionId="0b8a9e11-b70b-4ef7-92fb-ec713fc5d671" testId="de27273a-f6bf-e9f8-4da5-c12ce4a5dcb4" testName="AddItemToBasket_WhenItemAlreadyInBasket_AccumulatesQuantity" computerName="DESKTOP-C5LH746" duration="00:00:00.0006160" startTime="2026-05-01T13:46:55.2657556+03:00" endTime="2026-05-01T13:46:55.2663717+03:00" testType="13cdc9d9-ddb5-4fa4-a97d-d965ccfc6d4b" outcome="Passed" testListId="8c84fa94-04c1-424b-9868-57a2d4851a1d" relativeResultsDirectory="0b8a9e11-b70b-4ef7-92fb-ec713fc5d671" />
    <UnitTestResult executionId="a021430e-3fa3-46ef-9b21-8b79e700ee3f" testId="863c8139-ac4b-0790-2ca1-b6191ca3b3a6" testName="GetTrackerState_WhenCurrentUserIsNull_ReturnsDefaultState" computerName="DESKTOP-C5LH746" duration="00:00:00.0006910" startTime="2026-05-01T13:46:55.8021400+03:00" endTime="2026-05-01T13:46:55.8028309+03:00" testType="13cdc9d9-ddb5-4fa4-a97d-d965ccfc6d4b" outcome="Passed" testListId="8c84fa94-04c1-424b-9868-57a2d4851a1d" relativeResultsDirectory="a021430e-3fa3-46ef-9b21-8b79e700ee3f" />
    <UnitTestResult executionId="63933cc7-543c-4a0f-99e8-2be754eef778" testId="5eaf762f-a692-8337-8c4d-da15de79150d" testName="AddSubstance_CallsService" computerName="DESKTOP-C5LH746" duration="00:00:00.0029510" startTime="2026-05-01T13:46:56.0243078+03:00" endTime="2026-05-01T13:46:56.0272575+03:00" testType="13cdc9d9-ddb5-4fa4-a97d-d965ccfc6d4b" outcome="Passed" testListId="8c84fa94-04c1-424b-9868-57a2d4851a1d" relativeResultsDirectory="63933cc7-543c-4a0f-99e8-2be754eef778" />
    <UnitTestResult executionId="0e26d554-654a-4ae1-a84e-e6175194c6d2" testId="a177e0f1-4924-3c0d-e77f-10ef55cce835" testName="QuantityChanged_WhenItemQuantityUpdated_CallsUpdateBasketItemQuantity" computerName="DESKTOP-C5LH746" duration="00:00:00.0007390" startTime="2026-05-01T13:46:55.7387285+03:00" endTime="2026-05-01T13:46:55.7394675+03:00" testType="13cdc9d9-ddb5-4fa4-a97d-d965ccfc6d4b" outcome="Passed" testListId="8c84fa94-04c1-424b-9868-57a2d4851a1d" relativeResultsDirectory="0e26d554-654a-4ae1-a84e-e6175194c6d2" />
    <UnitTestResult executionId="c5184597-04f2-4936-b68e-29684c6f8bb6" testId="9587a8c9-fd86-5b02-a5fc-d8e0d6e9192a" testName="GetItem_ValidIdentifier_ReturnsItemFromRealDatabase" computerName="DESKTOP-C5LH746" duration="00:00:00.0054230" startTime="2026-05-01T13:46:55.4058707+03:00" endTime="2026-05-01T13:46:55.4112929+03:00" testType="13cdc9d9-ddb5-4fa4-a97d-d965ccfc6d4b" outcome="Passed" testListId="8c84fa94-04c1-424b-9868-57a2d4851a1d" relativeResultsDirectory="c5184597-04f2-4936-b68e-29684c6f8bb6" />
    <UnitTestResult executionId="df5442b8-a3cd-4845-96e6-37c5c050c6c8" testId="8fdfa8e3-248f-b8ca-9d45-3982958a95d4" testName="ValidateItemForAdd_NegativePrice_ThrowsArgumentException" computerName="DESKTOP-C5LH746" duration="00:00:00.0002709" startTime="2026-05-01T13:46:54.7871964+03:00" endTime="2026-05-01T13:46:54.7874669+03:00" testType="13cdc9d9-ddb5-4fa4-a97d-d965ccfc6d4b" outcome="Passed" testListId="8c84fa94-04c1-424b-9868-57a2d4851a1d" relativeResultsDirectory="df5442b8-a3cd-4845-96e6-37c5c050c6c8" />
    <UnitTestResult executionId="ea2af055-448c-4993-a272-9e275cb90da9" testId="a46fe3f7-2186-7c6c-1343-f1590ee1c172" testName="ChangePassword_WithValidPasswords_UpdatesStoredPasswordHash" computerName="DESKTOP-C5LH746" duration="00:00:00.0198100" startTime="2026-05-01T13:46:55.5122580+03:00" endTime="2026-05-01T13:46:55.5320675+03:00" testType="13cdc9d9-ddb5-4fa4-a97d-d965ccfc6d4b" outcome="Passed" testListId="8c84fa94-04c1-424b-9868-57a2d4851a1d" relativeResultsDirectory="ea2af055-448c-4993-a272-9e275cb90da9" />
    <UnitTestResult executionId="59ccf00f-7f5c-443e-a9b6-5354c7469078" testId="7fc71cf3-7f12-c1f8-07cc-b874ac170e3c" testName="ItemFinalDiscountedPriceString_FormatsWithTwoDecimalsAndRON" computerName="DESKTOP-C5LH746" duration="00:00:00.0004340" startTime="2026-05-01T13:46:55.7224915+03:00" endTime="2026-05-01T13:46:55.7229250+03:00" testType="13cdc9d9-ddb5-4fa4-a97d-d965ccfc6d4b" outcome="Passed" testListId="8c84fa94-04c1-424b-9868-57a2d4851a1d" relativeResultsDirectory="59ccf00f-7f5c-443e-a9b6-5354c7469078" />
    <UnitTestResult executionId="d63833e0-60d4-48f3-b50d-d9537a92d439" testId="fbfec53d-286a-e8d9-b628-f2e0d3f7bc97" testName="TryAddToBasket_QuantityIsNotANumber_ReturnsSuccessFalse" computerName="DESKTOP-C5LH746" duration="00:00:00.0000820" startTime="2026-05-01T13:46:56.0916882+03:00" endTime="2026-05-01T13:46:56.0917698+03:00" testType="13cdc9d9-ddb5-4fa4-a97d-d965ccfc6d4b" outcome="Passed" testListId="8c84fa94-04c1-424b-9868-57a2d4851a1d" relativeResultsDirectory="d63833e0-60d4-48f3-b50d-d9537a92d439" />
    <UnitTestResult executionId="d4124436-0159-4a4b-8641-b12a8cb3e725" testId="5c77defa-eb74-90b5-2d44-3c0cf0476cad" testName="GetItems_SearchPartialMatch_ReturnsCorrectItemName" computerName="DESKTOP-C5LH746" duration="00:00:00.0005840" startTime="2026-05-01T13:46:56.0620038+03:00" endTime="2026-05-01T13:46:56.0625881+03:00" testType="13cdc9d9-ddb5-4fa4-a97d-d965ccfc6d4b" outcome="Passed" testListId="8c84fa94-04c1-424b-9868-57a2d4851a1d" relativeResultsDirectory="d4124436-0159-4a4b-8641-b12a8cb3e725" />
    <UnitTestResult executionId="278aeda5-abc2-428b-a745-e1edf3458914" testId="deb9e0be-63bc-2696-030c-f5972a944b61" testName="Login_WhenServiceThrows_DoesNotFireLoginSuccededEvent" computerName="DESKTOP-C5LH746" duration="00:00:00.0018970" startTime="2026-05-01T13:46:55.6948956+03:00" endTime="2026-05-01T13:46:55.6967919+03:00" testType="13cdc9d9-ddb5-4fa4-a97d-d965ccfc6d4b" outcome="Passed" testListId="8c84fa94-04c1-424b-9868-57a2d4851a1d" relativeResultsDirectory="278aeda5-abc2-428b-a745-e1edf3458914" />
    <UnitTestResult executionId="a4d78770-4fa4-440a-bdc3-46424fd71c7a" testId="e10a4b59-0847-2b61-a556-76ed85409767" testName="GetTop30Items_ReturnsRepositoryData_FirstEntryMatchesExpectedData" computerName="DESKTOP-C5LH746" duration="00:00:00.0004460" startTime="2026-05-01T13:46:54.7667401+03:00" endTime="2026-05-01T13:46:54.7671862+03:00" testType="13cdc9d9-ddb5-4fa4-a97d-d965ccfc6d4b" outcome="Passed" testListId="8c84fa94-04c1-424b-9868-57a2d4851a1d" relativeResultsDirectory="a4d78770-4fa4-440a-bdc3-46424fd71c7a" />
    <UnitTestResult executionId="4d08d115-9859-40b7-a658-6fd62278e83a" testId="16cc942d-9041-285e-b45d-630a6f4f01be" testName="UpdateItem_ItemGoesFromZeroToPositiveStock_TriggersRepositoryUpdate" computerName="DESKTOP-C5LH746" duration="00:00:00.0024280" startTime="2026-05-01T13:46:54.7772881+03:00" endTime="2026-05-01T13:46:54.7797154+03:00" testType="13cdc9d9-ddb5-4fa4-a97d-d965ccfc6d4b" outcome="Passed" testListId="8c84fa94-04c1-424b-9868-57a2d4851a1d" relativeResultsDirectory="4d08d115-9859-40b7-a658-6fd62278e83a" />
    <UnitTestResult executionId="2416838d-0d47-4447-9107-217c06fa6356" testId="da8639d1-654c-cac1-d220-4133c74cf487" testName="GetNotificationsForUser_StockAlertNotificationContainsProductDetails_ReturnsSingleNotification" computerName="DESKTOP-C5LH746" duration="00:00:00.0006640" startTime="2026-05-01T13:46:54.7624824+03:00" endTime="2026-05-01T13:46:54.7631457+03:00" testType="13cdc9d9-ddb5-4fa4-a97d-d965ccfc6d4b" outcome="Passed" testListId="8c84fa94-04c1-424b-9868-57a2d4851a1d" relativeResultsDirectory="2416838d-0d47-4447-9107-217c06fa6356" />
    <UnitTestResult executionId="b64324a7-f8d6-4f48-8272-a2e72fb96f7b" testId="18ba41f6-fa78-db68-f05e-b119dc71a24d" testName="CurrentStockLevel_StockIsZero_ReturnsOutOfStock" computerName="DESKTOP-C5LH746" duration="00:00:00.0000960" startTime="2026-05-01T13:46:56.0825611+03:00" endTime="2026-05-01T13:46:56.0826571+03:00" testType="13cdc9d9-ddb5-4fa4-a97d-d965ccfc6d4b" outcome="Passed" testListId="8c84fa94-04c1-424b-9868-57a2d4851a1d" relativeResultsDirectory="b64324a7-f8d6-4f48-8272-a2e72fb96f7b" />
    <UnitTestResult executionId="0127bd7f-3c2c-42f9-95ab-8a1c0e429e3e" testId="1deb6a04-859c-5688-aa4e-c2ab44e10510" testName="AddToBasket_NewItem_SetsCorrectQuantity" computerName="DESKTOP-C5LH746" duration="00:00:00.0001050" startTime="2026-05-01T13:46:55.7509487+03:00" endTime="2026-05-01T13:46:55.7510538+03:00" testType="13cdc9d9-ddb5-4fa4-a97d-d965ccfc6d4b" outcome="Passed" testListId="8c84fa94-04c1-424b-9868-57a2d4851a1d" relativeResultsDirectory="0127bd7f-3c2c-42f9-95ab-8a1c0e429e3e" />
    <UnitTestResult executionId="0224a199-6b99-4a91-b848-ae971e6350be" testId="55bea8a4-2e90-7c64-d5f5-a6b96658dedf" testName="AddItemWithQuantity_InvalidItem_DoesNotCallRepository" computerName="DESKTOP-C5LH746" duration="00:00:00.0033520" startTime="2026-05-01T13:46:54.7061403+03:00" endTime="2026-05-01T13:46:54.7094924+03:00" testType="13cdc9d9-ddb5-4fa4-a97d-d965ccfc6d4b" outcome="Passed" testListId="8c84fa94-04c1-424b-9868-57a2d4851a1d" relativeResultsDirectory="0224a199-6b99-4a91-b848-ae971e6350be">
      <Output>
        <StdOut>Error adding item: Invalid item data. Please check the input and try again.</StdOut>
      </Output>
    </UnitTestResult>
    <UnitTestResult executionId="a5e20889-8a98-4308-b11b-00a5cf278cc3" testId="15943dc6-aa0e-83c6-490d-a35adfd54eb5" testName="VerifyPassword_WithMatchingPassword_ReturnsTrue" computerName="DESKTOP-C5LH746" duration="00:00:00.0084580" startTime="2026-05-01T13:46:55.4422559+03:00" endTime="2026-05-01T13:46:55.4507131+03:00" testType="13cdc9d9-ddb5-4fa4-a97d-d965ccfc6d4b" outcome="Passed" testListId="8c84fa94-04c1-424b-9868-57a2d4851a1d" relativeResultsDirectory="a5e20889-8a98-4308-b11b-00a5cf278cc3" />
    <UnitTestResult executionId="e7f38b50-b5e9-48fe-82d1-2218cac1079a" testId="f3b36967-e991-b5cb-0be6-16be7b1bb90e" testName="FinalPriceDisplay_ItemIsNull_ReturnsEmptyString" computerName="DESKTOP-C5LH746" duration="00:00:00.0001090" startTime="2026-05-01T13:46:56.0836789+03:00" endTime="2026-05-01T13:46:56.0837874+03:00" testType="13cdc9d9-ddb5-4fa4-a97d-d965ccfc6d4b" outcome="Passed" testListId="8c84fa94-04c1-424b-9868-57a2d4851a1d" relativeResultsDirectory="e7f38b50-b5e9-48fe-82d1-2218cac1079a" />
    <UnitTestResult executionId="9b667851-0194-4705-bc54-9caa875b158f" testId="facf45a9-5e61-ba68-56cd-c7605d3d9a4c" testName="TotalPriceString_SetNewValue_RaisesPropertyChanged" computerName="DESKTOP-C5LH746" duration="00:00:00.0006010" startTime="2026-05-01T13:46:55.7460029+03:00" endTime="2026-05-01T13:46:55.7466038+03:00" testType="13cdc9d9-ddb5-4fa4-a97d-d965ccfc6d4b" outcome="Passed" testListId="8c84fa94-04c1-424b-9868-57a2d4851a1d" relativeResultsDirectory="9b667851-0194-4705-bc54-9caa875b158f" />
    <UnitTestResult executionId="aabd359f-659d-4078-b0fd-93552d96da44" testId="b8292e72-cdf6-6f98-f101-f6f967f59443" testName="CompleteOrder_WhenStockSufficient_UpdatesOrderInRepository" computerName="DESKTOP-C5LH746" duration="00:00:00.0012530" startTime="2026-05-01T13:46:55.2937635+03:00" endTime="2026-05-01T13:46:55.2950162+03:00" testType="13cdc9d9-ddb5-4fa4-a97d-d965ccfc6d4b" outcome="Passed" testListId="8c84fa94-04c1-424b-9868-57a2d4851a1d" relativeResultsDirectory="aabd359f-659d-4078-b0fd-93552d96da44" />
    <UnitTestResult executionId="4e8a5402-23af-49e7-8c57-00f8895afb7d" testId="6ef96bae-95a0-8b84-ac22-e3fd3975a442" testName="GetItems_DiscountedFalse_ReturnsNonDiscountedItemName" computerName="DESKTOP-C5LH746" duration="00:00:00.0005660" startTime="2026-05-01T13:46:56.0355466+03:00" endTime="2026-05-01T13:46:56.0361122+03:00" testType="13cdc9d9-ddb5-4fa4-a97d-d965ccfc6d4b" outcome="Passed" testListId="8c84fa94-04c1-424b-9868-57a2d4851a1d" relativeResultsDirectory="4e8a5402-23af-49e7-8c57-00f8895afb7d" />
    <UnitTestResult executionId="8db2ca82-37d6-4616-b961-9e27dbac28cf" testId="88beb312-0b4c-c2e0-1167-9cb7596e939e" testName="NoteIsDone_WhenChanged_TriggersUpdateActionAndChangesFontStyle" computerName="DESKTOP-C5LH746" duration="00:00:00.0002770" startTime="2026-05-01T13:46:55.9494306+03:00" endTime="2026-05-01T13:46:55.9497074+03:00" testType="13cdc9d9-ddb5-4fa4-a97d-d965ccfc6d4b" outcome="Passed" testListId="8c84fa94-04c1-424b-9868-57a2d4851a1d" relativeResultsDirectory="8db2ca82-37d6-4616-b961-9e27dbac28cf" />
    <UnitTestResult executionId="6a72669a-9873-48b2-b8c9-b98c97db9c85" testId="35b33be6-bf5b-5916-01af-3069f2395b37" testName="ChangePassword_WhenNotLoggedIn_ThrowsException" computerName="DESKTOP-C5LH746" duration="00:00:00.0013550" startTime="2026-05-01T13:46:55.4575802+03:00" endTime="2026-05-01T13:46:55.4589346+03:00" testType="13cdc9d9-ddb5-4fa4-a97d-d965ccfc6d4b" outcome="Passed" testListId="8c84fa94-04c1-424b-9868-57a2d4851a1d" relativeResultsDirectory="6a72669a-9873-48b2-b8c9-b98c97db9c85" />
    <UnitTestResult executionId="13576b01-557e-495c-b9e8-505313c57c75" testId="30414591-0768-4306-0042-bfe9eae26114" testName="GetExpiredItems_ItemWithExpiredBatch_ReturnsExpectedItem" computerName="DESKTOP-C5LH746" duration="00:00:00.0016220" startTime="2026-05-01T13:46:54.7398423+03:00" endTime="2026-05-01T13:46:54.7414640+03:00" testType="13cdc9d9-ddb5-4fa4-a97d-d965ccfc6d4b" outcome="Passed" testListId="8c84fa94-04c1-424b-9868-57a2d4851a1d" relativeResultsDirectory="13576b01-557e-495c-b9e8-505313c57c75" />
    <UnitTestResult executionId="5a2e60ab-eca3-46a0-9d7d-db9c48273757" testId="3d4806cb-4ec4-6790-bfa9-039501c12e6a" testName="GetTrackerState_WhenCurrentUserExists_ReturnsMappedState" computerName="DESKTOP-C5LH746" duration="00:00:00.0016890" startTime="2026-05-01T13:46:55.8004172+03:00" endTime="2026-05-01T13:46:55.8021060+03:00" testType="13cdc9d9-ddb5-4fa4-a97d-d965ccfc6d4b" outcome="Passed" testListId="8c84fa94-04c1-424b-9868-57a2d4851a1d" relativeResultsDirectory="5a2e60ab-eca3-46a0-9d7d-db9c48273757" />
    <UnitTestResult executionId="5421ecd0-c10f-4af1-945d-e708e0c550cb" testId="56bbd1db-4fb1-c70a-8253-0690a8b9cd01" testName="AddToBasket_WhenCalled_ForwardsParametersToOrderService" computerName="DESKTOP-C5LH746" duration="00:00:00.0005470" startTime="2026-05-01T13:46:55.7863070+03:00" endTime="2026-05-01T13:46:55.7868540+03:00" testType="13cdc9d9-ddb5-4fa4-a97d-d965ccfc6d4b" outcome="Passed" testListId="8c84fa94-04c1-424b-9868-57a2d4851a1d" relativeResultsDirectory="5421ecd0-c10f-4af1-945d-e708e0c550cb" />
    <UnitTestResult executionId="90f52e07-f44a-43b2-964e-b13b5959afb4" testId="03a3e9b0-348f-8cde-83d9-86bbb97db953" testName="GetExpiredItems_ItemWithExpiredBatch_ReturnsSingleItem" computerName="DESKTOP-C5LH746" duration="00:00:00.0006680" startTime="2026-05-01T13:46:54.7414975+03:00" endTime="2026-05-01T13:46:54.7421655+03:00" testType="13cdc9d9-ddb5-4fa4-a97d-d965ccfc6d4b" outcome="Passed" testListId="8c84fa94-04c1-424b-9868-57a2d4851a1d" relativeResultsDirectory="90f52e07-f44a-43b2-964e-b13b5959afb4" />
    <UnitTestResult executionId="742ef1c6-fea7-42ba-bcec-bad2ffd707cc" testId="485556f4-8b82-acc4-2e27-b240f47663c8" testName="CalculatePeriodTracker_WhenTodayIsWithinPeriod_SetsCurrentPhaseToMenstrualPhase" computerName="DESKTOP-C5LH746" duration="00:00:00.0001280" startTime="2026-05-01T13:46:55.8208043+03:00" endTime="2026-05-01T13:46:55.8209327+03:00" testType="13cdc9d9-ddb5-4fa4-a97d-d965ccfc6d4b" outcome="Passed" testListId="8c84fa94-04c1-424b-9868-57a2d4851a1d" relativeResultsDirectory="742ef1c6-fea7-42ba-bcec-bad2ffd707cc" />
    <UnitTestResult executionId="c4b46c86-8005-4b5c-902b-9de50440e8e4" testId="9fe0cb8c-7519-7425-7479-327c745556bc" testName="IsCorrectUsernameFormat_WithSpecialCharactersInUsername_ReturnsFalse" computerName="DESKTOP-C5LH746" duration="00:00:00.0001850" startTime="2026-05-01T13:46:55.6563235+03:00" endTime="2026-05-01T13:46:55.6565079+03:00" testType="13cdc9d9-ddb5-4fa4-a97d-d965ccfc6d4b" outcome="Passed" testListId="8c84fa94-04c1-424b-9868-57a2d4851a1d" relativeResultsDirectory="c4b46c86-8005-4b5c-902b-9de50440e8e4" />
    <UnitTestResult executionId="3db102e9-706b-4a6f-92e0-804365e8864d" testId="39b06fa0-a014-b015-9398-ce43cc5ff037" testName="AddSubstanceGridVisibility_Set_RaisesPropertyChanged" computerName="DESKTOP-C5LH746" duration="00:00:00.0013430" startTime="2026-05-01T13:46:56.0273193+03:00" endTime="2026-05-01T13:46:56.0286622+03:00" testType="13cdc9d9-ddb5-4fa4-a97d-d965ccfc6d4b" outcome="Passed" testListId="8c84fa94-04c1-424b-9868-57a2d4851a1d" relativeResultsDirectory="3db102e9-706b-4a6f-92e0-804365e8864d" />
    <UnitTestResult executionId="edc6c83a-663a-4f16-9a6c-18f903fe0a5f" testId="8f3efc86-5a07-ad36-d762-6d525cfca694" testName="RecalculateBasketItemPrices_PriceIsTruncatedNotRounded" computerName="DESKTOP-C5LH746" duration="00:00:00.0002500" startTime="2026-05-01T13:46:55.7685429+03:00" endTime="2026-05-01T13:46:55.7687932+03:00" testType="13cdc9d9-ddb5-4fa4-a97d-d965ccfc6d4b" outcome="Passed" testListId="8c84fa94-04c1-424b-9868-57a2d4851a1d" relativeResultsDirectory="edc6c83a-663a-4f16-9a6c-18f903fe0a5f" />
    <UnitTestResult executionId="700fb470-0860-46b8-8c9d-c6bd93223630" testId="4ea2157c-e176-b8d0-1ef8-6ca8c5879186" testName="SearchItems_LoadsFilteredResults" computerName="DESKTOP-C5LH746" duration="00:00:00.0007960" startTime="2026-05-01T13:46:56.0300686+03:00" endTime="2026-05-01T13:46:56.0308643+03:00" testType="13cdc9d9-ddb5-4fa4-a97d-d965ccfc6d4b" outcome="Passed" testListId="8c84fa94-04c1-424b-9868-57a2d4851a1d" relativeResultsDirectory="700fb470-0860-46b8-8c9d-c6bd93223630" />
    <UnitTestResult executionId="61f9b471-a592-4546-8cd3-bd09c1e2cc7d" testId="99f51115-277a-c44a-16d0-c2e0fe2371bb" testName="Constructor_LoadsItemsFromService" computerName="DESKTOP-C5LH746" duration="00:00:00.0004230" startTime="2026-05-01T13:46:56.0287039+03:00" endTime="2026-05-01T13:46:56.0291263+03:00" testType="13cdc9d9-ddb5-4fa4-a97d-d965ccfc6d4b" outcome="Passed" testListId="8c84fa94-04c1-424b-9868-57a2d4851a1d" relativeResultsDirectory="61f9b471-a592-4546-8cd3-bd09c1e2cc7d" />
    <UnitTestResult executionId="852be1d3-cfd4-42b6-9a4b-d71677e29ae0" testId="55b8dbbf-8113-0013-76ad-774f9622af3c" testName="PreviousCycleCommand_WhenCalendarsAreVisible_RebuildsItemsState" computerName="DESKTOP-C5LH746" duration="00:00:00.0016540" startTime="2026-05-01T13:46:56.0046362+03:00" endTime="2026-05-01T13:46:56.0062900+03:00" testType="13cdc9d9-ddb5-4fa4-a97d-d965ccfc6d4b" outcome="Passed" testListId="8c84fa94-04c1-424b-9868-57a2d4851a1d" relativeResultsDirectory="852be1d3-cfd4-42b6-9a4b-d71677e29ae0" />
    <UnitTestResult executionId="deda55d5-3120-475a-9de1-98a68fa4437a" testId="9588ad9a-06b2-43c8-b44e-c223fc17de10" testName="Constructor_WhenNoDiscountExists_SetsRegularPricePresentation" computerName="DESKTOP-C5LH746" duration="00:00:00.0004220" startTime="2026-05-01T13:46:55.8360435+03:00" endTime="2026-05-01T13:46:55.8364654+03:00" testType="13cdc9d9-ddb5-4fa4-a97d-d965ccfc6d4b" outcome="Passed" testListId="8c84fa94-04c1-424b-9868-57a2d4851a1d" relativeResultsDirectory="deda55d5-3120-475a-9de1-98a68fa4437a" />
    <UnitTestResult executionId="dacae8c8-f48b-4e03-987a-6a24b7f568a7" testId="1014dda9-4494-5c81-d3b0-659f26436421" testName="CalculateBasketTotalSum_WhenBasketIsEmpty_ReturnsZeroTotals" computerName="DESKTOP-C5LH746" duration="00:00:00.0063950" startTime="2026-05-01T13:46:55.2720212+03:00" endTime="2026-05-01T13:46:55.2784157+03:00" testType="13cdc9d9-ddb5-4fa4-a97d-d965ccfc6d4b" outcome="Passed" testListId="8c84fa94-04c1-424b-9868-57a2d4851a1d" relativeResultsDirectory="dacae8c8-f48b-4e03-987a-6a24b7f568a7" />
    <UnitTestResult executionId="f7963c8b-8821-4b29-8858-58c229970309" testId="75e49be4-c7a6-6869-60bd-7c5d1b694d34" testName="RemoveItemCommand_AfterRemoval_RaisesEventWithRemainingQuantity" computerName="DESKTOP-C5LH746" duration="00:00:00.0019020" startTime="2026-05-01T13:46:55.7394922+03:00" endTime="2026-05-01T13:46:55.7413935+03:00" testType="13cdc9d9-ddb5-4fa4-a97d-d965ccfc6d4b" outcome="Passed" testListId="8c84fa94-04c1-424b-9868-57a2d4851a1d" relativeResultsDirectory="f7963c8b-8821-4b29-8858-58c229970309" />
    <UnitTestResult executionId="c7671379-4eaf-49d6-80cd-492607430510" testId="d8df6dae-bcae-5536-9ec2-2776a7404184" testName="GetExpiredItems_ItemWithFutureBatch_ReturnsEmptyList" computerName="DESKTOP-C5LH746" duration="00:00:00.0004760" startTime="2026-05-01T13:46:54.7421959+03:00" endTime="2026-05-01T13:46:54.7426717+03:00" testType="13cdc9d9-ddb5-4fa4-a97d-d965ccfc6d4b" outcome="Passed" testListId="8c84fa94-04c1-424b-9868-57a2d4851a1d" relativeResultsDirectory="c7671379-4eaf-49d6-80cd-492607430510" />
    <UnitTestResult executionId="ec33f4b0-727e-4d3a-9fe8-56038d0ce30e" testId="44da6cd6-fcdc-363a-59f7-7017d5191415" testName="RecalculateBasketItemPrices_WithUserDiscount_ReducesFinalPriceAfterDiscount" computerName="DESKTOP-C5LH746" duration="00:00:00.0001230" startTime="2026-05-01T13:46:55.7694816+03:00" endTime="2026-05-01T13:46:55.7696048+03:00" testType="13cdc9d9-ddb5-4fa4-a97d-d965ccfc6d4b" outcome="Passed" testListId="8c84fa94-04c1-424b-9868-57a2d4851a1d" relativeResultsDirectory="ec33f4b0-727e-4d3a-9fe8-56038d0ce30e" />
    <UnitTestResult executionId="9ca223a9-0f63-494c-ac37-41fa0f41c91a" testId="7b0cd8e0-765f-7e30-d7e4-1e4cac6f40af" testName="TotalPriceString_SetNewValue_RaisesPropertyChanged" computerName="DESKTOP-C5LH746" duration="00:00:00.0008110" startTime="2026-05-01T13:46:55.7853125+03:00" endTime="2026-05-01T13:46:55.7861235+03:00" testType="13cdc9d9-ddb5-4fa4-a97d-d965ccfc6d4b" outcome="Passed" testListId="8c84fa94-04c1-424b-9868-57a2d4851a1d" relativeResultsDirectory="9ca223a9-0f63-494c-ac37-41fa0f41c91a" />
    <UnitTestResult executionId="b2ffe82f-fdb0-45ea-a29b-6d45a5b4a082" testId="b0fe7bc9-4323-8e8a-2320-f8bacad29497" testName="ValidateItemForAdd_NoActiveSubstances_ThrowsArgumentException" computerName="DESKTOP-C5LH746" duration="00:00:00.0002440" startTime="2026-05-01T13:46:54.7874797+03:00" endTime="2026-05-01T13:46:54.7877237+03:00" testType="13cdc9d9-ddb5-4fa4-a97d-d965ccfc6d4b" outcome="Passed" testListId="8c84fa94-04c1-424b-9868-57a2d4851a1d" relativeResultsDirectory="b2ffe82f-fdb0-45ea-a29b-6d45a5b4a082" />
    <UnitTestResult executionId="a6e399bf-18d0-4d5b-a2e9-670605a5ae2b" testId="e02305b3-38c9-af16-c269-d67097c5a1ee" testName="RecalculateBasketItemPrices_WithNoDiscounts_SetsFinalPriceEqualToBase" computerName="DESKTOP-C5LH746" duration="00:00:00.0003950" startTime="2026-05-01T13:46:55.3374685+03:00" endTime="2026-05-01T13:46:55.3378624+03:00" testType="13cdc9d9-ddb5-4fa4-a97d-d965ccfc6d4b" outcome="Passed" testListId="8c84fa94-04c1-424b-9868-57a2d4851a1d" relativeResultsDirectory="a6e399bf-18d0-4d5b-a2e9-670605a5ae2b" />
    <UnitTestResult executionId="fdca0d90-9ac8-442b-820a-88f65a001101" testId="c5043c39-d9f8-4ae5-0b1a-c76590980516" testName="Constructor_StoresShownOrderId" computerName="DESKTOP-C5LH746" duration="00:00:00.0021289" startTime="2026-05-01T13:46:55.7806806+03:00" endTime="2026-05-01T13:46:55.7828097+03:00" testType="13cdc9d9-ddb5-4fa4-a97d-d965ccfc6d4b" outcome="Passed" testListId="8c84fa94-04c1-424b-9868-57a2d4851a1d" relativeResultsDirectory="fdca0d90-9ac8-442b-820a-88f65a001101" />
    <UnitTestResult executionId="eb021368-4da8-487a-85c3-68dbb31f1b14" testId="04d39fac-e2e4-64ad-856d-6906d4780eec" testName="ResubmitExpiredOrder_InsufficientStock_ThrowsArgumentException" computerName="DESKTOP-C5LH746" duration="00:00:00.0007850" startTime="2026-05-01T13:46:55.7697342+03:00" endTime="2026-05-01T13:46:55.7705186+03:00" testType="13cdc9d9-ddb5-4fa4-a97d-d965ccfc6d4b" outcome="Passed" testListId="8c84fa94-04c1-424b-9868-57a2d4851a1d" relativeResultsDirectory="eb021368-4da8-487a-85c3-68dbb31f1b14" />
    <UnitTestResult executionId="c9323a42-292c-4e9a-993c-5d78dc590fcb" testId="1581e712-07ee-ad5a-9537-5fee09acb6fd" testName="GetPrescription_ValidId_ReloadsBasketItems" computerName="DESKTOP-C5LH746" duration="00:00:00.0006480" startTime="2026-05-01T13:46:55.7347553+03:00" endTime="2026-05-01T13:46:55.7354030+03:00" testType="13cdc9d9-ddb5-4fa4-a97d-d965ccfc6d4b" outcome="Passed" testListId="8c84fa94-04c1-424b-9868-57a2d4851a1d" relativeResultsDirectory="c9323a42-292c-4e9a-993c-5d78dc590fcb" />
    <UnitTestResult executionId="5cee91ca-1cef-449d-ab82-c3cef8e95fe7" testId="6be7eb1c-5bfa-17f7-c0e7-addde8c281a4" testName="UpdatePeriodTracker_WhenNavigatingToNextCycle_MovesBeginningDateForwardByCycleLength" computerName="DESKTOP-C5LH746" duration="00:00:00.0007720" startTime="2026-05-01T13:46:55.8252245+03:00" endTime="2026-05-01T13:46:55.8259958+03:00" testType="13cdc9d9-ddb5-4fa4-a97d-d965ccfc6d4b" outcome="Passed" testListId="8c84fa94-04c1-424b-9868-57a2d4851a1d" relativeResultsDirectory="5cee91ca-1cef-449d-ab82-c3cef8e95fe7" />
    <UnitTestResult executionId="4a6e0557-45db-4648-8990-6b58a318eaef" testId="645cdb2d-48c2-7c02-0a5b-3d445e70887a" testName="UpdateNote_WhenNoteBodyIsNull_PersistsUser" computerName="DESKTOP-C5LH746" duration="00:00:00.0009810" startTime="2026-05-01T13:46:55.8068465+03:00" endTime="2026-05-01T13:46:55.8078269+03:00" testType="13cdc9d9-ddb5-4fa4-a97d-d965ccfc6d4b" outcome="Passed" testListId="8c84fa94-04c1-424b-9868-57a2d4851a1d" relativeResultsDirectory="4a6e0557-45db-4648-8990-6b58a318eaef" />
    <UnitTestResult executionId="5d7b5195-29ef-4dfc-a0e9-f935bcda2b5d" testId="a310b787-0fb4-defc-1f23-378d3da51821" testName="Constructor_WithLoggedInUser_PopulatesUsernameFromCurrentUser" computerName="DESKTOP-C5LH746" duration="00:00:00.0006510" startTime="2026-05-01T13:46:55.7070297+03:00" endTime="2026-05-01T13:46:55.7076805+03:00" testType="13cdc9d9-ddb5-4fa4-a97d-d965ccfc6d4b" outcome="Passed" testListId="8c84fa94-04c1-424b-9868-57a2d4851a1d" relativeResultsDirectory="5d7b5195-29ef-4dfc-a0e9-f935bcda2b5d" />
    <UnitTestResult executionId="29e59bbe-530d-4e54-baab-2c2d81a6db0f" testId="ddb0bd1f-8591-2b0b-9eba-f75d0b9a24ce" testName="NextCycleCommand_WhenCalendarsAreHidden_DoesNothing" computerName="DESKTOP-C5LH746" duration="00:00:00.0013750" startTime="2026-05-01T13:46:56.0032096+03:00" endTime="2026-05-01T13:46:56.0045839+03:00" testType="13cdc9d9-ddb5-4fa4-a97d-d965ccfc6d4b" outcome="Passed" testListId="8c84fa94-04c1-424b-9868-57a2d4851a1d" relativeResultsDirectory="29e59bbe-530d-4e54-baab-2c2d81a6db0f" />
    <UnitTestResult executionId="bc1e2a3c-b9fe-4b38-bca3-4c0f52c435d6" testId="cd637fbc-5a3c-8d6c-3e73-2bedbcec3eb5" testName="GetItems_PageBeyondItems_ReturnsEmptyListCount" computerName="DESKTOP-C5LH746" duration="00:00:00.0002970" startTime="2026-05-01T13:46:56.0412711+03:00" endTime="2026-05-01T13:46:56.0415683+03:00" testType="13cdc9d9-ddb5-4fa4-a97d-d965ccfc6d4b" outcome="Passed" testListId="8c84fa94-04c1-424b-9868-57a2d4851a1d" relativeResultsDirectory="bc1e2a3c-b9fe-4b38-bca3-4c0f52c435d6" />
    <UnitTestResult executionId="69c815ff-0917-4e9a-b2db-edf83e21c2fa" testId="c021a9a7-92fe-7721-2f0b-63417fb3427f" testName="IsRegisterVisible_UserIsNull_ReturnsFalse" computerName="DESKTOP-C5LH746" duration="00:00:00.0000550" startTime="2026-05-01T13:46:56.0334444+03:00" endTime="2026-05-01T13:46:56.0334990+03:00" testType="13cdc9d9-ddb5-4fa4-a97d-d965ccfc6d4b" outcome="Passed" testListId="8c84fa94-04c1-424b-9868-57a2d4851a1d" relativeResultsDirectory="69c815ff-0917-4e9a-b2db-edf83e21c2fa" />
    <UnitTestResult executionId="1c52fe1e-049a-4666-b9e7-165853393a18" testId="ada5a58d-9de3-928a-5c1e-b5b39b53068d" testName="Constructor_SetsPickUpDateFromOrder" computerName="DESKTOP-C5LH746" duration="00:00:00.0008320" startTime="2026-05-01T13:46:55.7798330+03:00" endTime="2026-05-01T13:46:55.7806645+03:00" testType="13cdc9d9-ddb5-4fa4-a97d-d965ccfc6d4b" outcome="Passed" testListId="8c84fa94-04c1-424b-9868-57a2d4851a1d" relativeResultsDirectory="1c52fe1e-049a-4666-b9e7-165853393a18" />
    <UnitTestResult executionId="e305ad82-c186-4d79-be65-52bf32eb72cc" testId="18097996-7114-ba50-d4fb-05300fbee90a" testName="Login_WhenServiceSucceeds_FiresLoginSuccededEvent" computerName="DESKTOP-C5LH746" duration="00:00:00.0021730" startTime="2026-05-01T13:46:55.6926645+03:00" endTime="2026-05-01T13:46:55.6948369+03:00" testType="13cdc9d9-ddb5-4fa4-a97d-d965ccfc6d4b" outcome="Passed" testListId="8c84fa94-04c1-424b-9868-57a2d4851a1d" relativeResultsDirectory="e305ad82-c186-4d79-be65-52bf32eb72cc" />
    <UnitTestResult executionId="497721e1-5fff-4b46-84e8-36521d680233" testId="cd03eee9-652e-ed5d-4df6-76c31daf2538" testName="GetNotificationsForUser_StockAlertNotificationContainsProductDetails_MessageContainsAllExpectedDetails" computerName="DESKTOP-C5LH746" duration="00:00:00.0072380" startTime="2026-05-01T13:46:54.7552101+03:00" endTime="2026-05-01T13:46:54.7624474+03:00" testType="13cdc9d9-ddb5-4fa4-a97d-d965ccfc6d4b" outcome="Passed" testListId="8c84fa94-04c1-424b-9868-57a2d4851a1d" relativeResultsDirectory="497721e1-5fff-4b46-84e8-36521d680233" />
    <UnitTestResult executionId="29daf1a3-f5a0-4da1-8de2-01d539891314" testId="6b52c2ae-0abd-6c79-f915-53e67b4a7e6b" testName="ResubmitExpiredOrder_WhenStockInsufficient_DoesNotPlaceNewOrder" computerName="DESKTOP-C5LH746" duration="00:00:00.0017830" startTime="2026-05-01T13:46:55.3491016+03:00" endTime="2026-05-01T13:46:55.3508846+03:00" testType="13cdc9d9-ddb5-4fa4-a97d-d965ccfc6d4b" outcome="Passed" testListId="8c84fa94-04c1-424b-9868-57a2d4851a1d" relativeResultsDirectory="29daf1a3-f5a0-4da1-8de2-01d539891314" />
    <UnitTestResult executionId="de2cdc41-d970-4797-8439-277021dcdfd4" testId="20bf71d3-c3a9-c2dd-d5e5-6f112c699970" testName="HandleNavigationRequest_UserIsAdminAndRequestsCart_ReturnsCart" computerName="DESKTOP-C5LH746" duration="00:00:00.0005860" startTime="2026-05-01T13:46:56.0320059+03:00" endTime="2026-05-01T13:46:56.0325914+03:00" testType="13cdc9d9-ddb5-4fa4-a97d-d965ccfc6d4b" outcome="Passed" testListId="8c84fa94-04c1-424b-9868-57a2d4851a1d" relativeResultsDirectory="de2cdc41-d970-4797-8439-277021dcdfd4" />
    <UnitTestResult executionId="6b4dabd6-b2f7-4aa4-a194-81a3913f7bbc" testId="048e966b-d0fe-267f-f374-61d5f819f330" testName="AddItemWithQuantity_InvalidItem_DoesNotThrowBecauseExceptionIsCaught" computerName="DESKTOP-C5LH746" duration="00:00:00.0006740" startTime="2026-05-01T13:46:54.7095309+03:00" endTime="2026-05-01T13:46:54.7102044+03:00" testType="13cdc9d9-ddb5-4fa4-a97d-d965ccfc6d4b" outcome="Passed" testListId="8c84fa94-04c1-424b-9868-57a2d4851a1d" relativeResultsDirectory="6b4dabd6-b2f7-4aa4-a194-81a3913f7bbc">
      <Output>
        <StdOut>Error adding item: Invalid item data. Please check the input and try again.</StdOut>
      </Output>
    </UnitTestResult>
    <UnitTestResult executionId="11726386-6d31-40ea-b580-f60d311b89e8" testId="f32f48de-50ca-4697-1ea5-3efa867f80b1" testName="DeleteNote_WhenNoteExists_RemovesNote" computerName="DESKTOP-C5LH746" duration="00:00:00.0005370" startTime="2026-05-01T13:46:55.7971812+03:00" endTime="2026-05-01T13:46:55.7977180+03:00" testType="13cdc9d9-ddb5-4fa4-a97d-d965ccfc6d4b" outcome="Passed" testListId="8c84fa94-04c1-424b-9868-57a2d4851a1d" relativeResultsDirectory="11726386-6d31-40ea-b580-f60d311b89e8" />
    <UnitTestResult executionId="8cc95fc2-8ca9-4e06-bd09-4aae0b9a5acd" testId="d51629d9-5898-b62d-3cd4-2015d350c32e" testName="AddToBasket_WhenItemNotInBasket_AddsItemWithNoExtraDiscount" computerName="DESKTOP-C5LH746" duration="00:00:00.0001290" startTime="2026-05-01T13:46:55.2668175+03:00" endTime="2026-05-01T13:46:55.2669462+03:00" testType="13cdc9d9-ddb5-4fa4-a97d-d965ccfc6d4b" outcome="Passed" testListId="8c84fa94-04c1-424b-9868-57a2d4851a1d" relativeResultsDirectory="8cc95fc2-8ca9-4e06-bd09-4aae0b9a5acd" />
    <UnitTestResult executionId="e9cd3e2c-03e8-4cc4-b6ed-b2454d588ef7" testId="8414ac2e-9ffa-869e-500e-6b6d7f0362f4" testName="GetHashCode_SameId_ReturnsSameHash" computerName="DESKTOP-C5LH746" duration="00:00:00.0001640" startTime="2026-05-01T13:46:55.7216214+03:00" endTime="2026-05-01T13:46:55.7217848+03:00" testType="13cdc9d9-ddb5-4fa4-a97d-d965ccfc6d4b" outcome="Passed" testListId="8c84fa94-04c1-424b-9868-57a2d4851a1d" relativeResultsDirectory="e9cd3e2c-03e8-4cc4-b6ed-b2454d588ef7" />
    <UnitTestResult executionId="0c2cd6e4-edb1-42ce-a365-43b3ba956701" testId="c77b922a-cfc0-8787-e976-c48d80af6876" testName="Login_WithWrongPassword_ThrowsException" computerName="DESKTOP-C5LH746" duration="00:00:00.0090820" startTime="2026-05-01T13:46:55.5748058+03:00" endTime="2026-05-01T13:46:55.5838871+03:00" testType="13cdc9d9-ddb5-4fa4-a97d-d965ccfc6d4b" outcome="Passed" testListId="8c84fa94-04c1-424b-9868-57a2d4851a1d" relativeResultsDirectory="0c2cd6e4-edb1-42ce-a365-43b3ba956701" />
    <UnitTestResult executionId="ba4d21aa-d4f2-4f95-94c3-78c93709fd0d" testId="be7b8461-f467-73b7-f793-b686574e06da" testName="GetBasketItems_ItemRepositoryThrows_RemovesInvalidItemFromBasket" computerName="DESKTOP-C5LH746" duration="00:00:00.0008310" startTime="2026-05-01T13:46:55.7568784+03:00" endTime="2026-05-01T13:46:55.7577091+03:00" testType="13cdc9d9-ddb5-4fa4-a97d-d965ccfc6d4b" outcome="Passed" testListId="8c84fa94-04c1-424b-9868-57a2d4851a1d" relativeResultsDirectory="ba4d21aa-d4f2-4f95-94c3-78c93709fd0d" />
    <UnitTestResult executionId="e0bddbe2-a151-4462-84ca-4d2ac2ec7e4b" testId="1bffc508-cc27-89ca-0f34-093d45bd6311" testName="AddUpdateDeleteNote_WhenCalled_LeavesUserWithoutNotes" computerName="DESKTOP-C5LH746" duration="00:00:00.0037080" startTime="2026-05-01T13:46:55.3551942+03:00" endTime="2026-05-01T13:46:55.3589019+03:00" testType="13cdc9d9-ddb5-4fa4-a97d-d965ccfc6d4b" outcome="Passed" testListId="8c84fa94-04c1-424b-9868-57a2d4851a1d" relativeResultsDirectory="e0bddbe2-a151-4462-84ca-4d2ac2ec7e4b" />
[...]
    <TestEntry testId="9f8d1ed9-6799-e335-d55f-6fc3b1518bf1" executionId="6b7e6504-a857-47c2-bb48-54618533cbb5" testListId="8c84fa94-04c1-424b-9868-57a2d4851a1d" />
    <TestEntry testId="b93f55d4-958e-7427-7cf3-ad6d7498d6ef" executionId="93f70aff-aff3-453a-8dc0-7831de061fde" testListId="8c84fa94-04c1-424b-9868-57a2d4851a1d" />
    <TestEntry testId="01dc8ea1-3b26-6a7e-fa03-398c48b234be" executionId="4ee73bb9-3b97-4c59-bb50-0bca242b6ae4" testListId="8c84fa94-04c1-424b-9868-57a2d4851a1d" />
    <TestEntry testId="6181eb32-7cb0-198b-a41d-8347fd411bf6" executionId="8cc9c92e-be33-4597-9904-b520a754ac8c" testListId="8c84fa94-04c1-424b-9868-57a2d4851a1d" />
    <TestEntry testId="96063847-80e2-ccd6-ff80-85bc0c52ee26" executionId="4a621007-a834-4831-9e24-5b580f8ce7d5" testListId="8c84fa94-04c1-424b-9868-57a2d4851a1d" />
    <TestEntry testId="2c9a6c97-6ec1-1e60-fb7f-af41573efefe" executionId="7d0fbb8b-96a0-4d54-ae17-53c41332cd0f" testListId="8c84fa94-04c1-424b-9868-57a2d4851a1d" />
    <TestEntry testId="8a0d89d0-8a68-e181-25ef-e3f1cfc6d814" executionId="2c5dfea5-b7ed-42ee-8c03-2da61286ed21" testListId="8c84fa94-04c1-424b-9868-57a2d4851a1d" />
    <TestEntry testId="3968bee8-adb4-31a4-00a7-cf9570cec12f" executionId="5d5930f3-23aa-4591-96a1-63621bcacbec" testListId="8c84fa94-04c1-424b-9868-57a2d4851a1d" />
    <TestEntry testId="ea720bb9-b7a5-333a-f6c2-b357986a3850" executionId="2776aada-6d70-4932-9718-083d04fad3ae" testListId="8c84fa94-04c1-424b-9868-57a2d4851a1d" />
    <TestEntry testId="4a19f136-be72-188d-daa7-6befec36b9be" executionId="89ec267e-e2f3-4bc8-b3d2-4c799fc0b90a" testListId="8c84fa94-04c1-424b-9868-57a2d4851a1d" />
    <TestEntry testId="d42a567b-d359-967e-8aa8-b3e9114b0e61" executionId="3e2ab09d-0cf6-459c-ab61-554dba1c17ee" testListId="8c84fa94-04c1-424b-9868-57a2d4851a1d" />
    <TestEntry testId="f51cc001-38ac-1771-0394-f80651b59805" executionId="6f7b49e2-b8f5-4612-bd45-f2c3ab2a8299" testListId="8c84fa94-04c1-424b-9868-57a2d4851a1d" />
    <TestEntry testId="b1df6d46-139d-0050-0d68-b9eeec8f907d" executionId="5f820e4d-a66e-4f34-8f32-1d840df8cb66" testListId="8c84fa94-04c1-424b-9868-57a2d4851a1d" />
    <TestEntry testId="e3251610-cc1d-fc08-fe15-db36384fe492" executionId="67e46c2c-d978-45d6-8456-6c615e92e432" testListId="8c84fa94-04c1-424b-9868-57a2d4851a1d" />
    <TestEntry testId="2bf09ab6-162d-889a-b2c0-5a8b9c8f0ecf" executionId="24bb23b3-13a5-448f-a3f6-7c15656abde3" testListId="8c84fa94-04c1-424b-9868-57a2d4851a1d" />
    <TestEntry testId="9ff8470c-20e4-b9f9-f951-97ed23258721" executionId="1cbe285e-00e9-43d1-aff3-c17efe39d35a" testListId="8c84fa94-04c1-424b-9868-57a2d4851a1d" />
    <TestEntry testId="1416b84c-7c7a-03de-5241-046215ec51a6" executionId="13f3b1fe-bf35-402c-8d8b-f1ff8381d2a8" testListId="8c84fa94-04c1-424b-9868-57a2d4851a1d" />
    <TestEntry testId="99912696-3fe7-c470-289b-998836d578a2" executionId="58dc1aab-d9d5-4976-a339-300d9cda2d1a" testListId="8c84fa94-04c1-424b-9868-57a2d4851a1d" />
    <TestEntry testId="0cdf666f-5891-9fcd-c35c-32d67c1086f9" executionId="d2fa8cd7-fc76-4185-9188-5998218744dd" testListId="8c84fa94-04c1-424b-9868-57a2d4851a1d" />
    <TestEntry testId="637a78f3-9734-4a88-0347-43a657958597" executionId="11675ac9-1427-416c-8334-50e63e6d058c" testListId="8c84fa94-04c1-424b-9868-57a2d4851a1d" />
    <TestEntry testId="b34f1602-2b5f-072e-0206-cb9af0e712d4" executionId="637a516e-3077-4bc8-9b2f-bf4cae7c8d2b" testListId="8c84fa94-04c1-424b-9868-57a2d4851a1d" />
    <TestEntry testId="fc21f0b1-0d40-0ce2-905a-cc06a482e74c" executionId="e0916966-c7a4-4713-93fd-f048e35364d1" testListId="8c84fa94-04c1-424b-9868-57a2d4851a1d" />
    <TestEntry testId="bb7568e3-d037-c2c5-57c8-9ca50a9c6d11" executionId="51fbcc71-7aa0-49c8-8382-3f46e7423300" testListId="8c84fa94-04c1-424b-9868-57a2d4851a1d" />
    <TestEntry testId="e0de1575-d0b7-9d58-c427-2abdfec1d6e6" executionId="94308d69-5701-4266-badc-a9c344c0d2e5" testListId="8c84fa94-04c1-424b-9868-57a2d4851a1d" />
    <TestEntry testId="f8a7720c-bbe8-4bad-f55e-a01bba0086a1" executionId="31fe92e0-e9e2-406d-bfae-a01093b5ecbf" testListId="8c84fa94-04c1-424b-9868-57a2d4851a1d" />
    <TestEntry testId="eff0db01-95f0-aa45-4603-489db90e403c" executionId="8d4c8937-1612-461a-b4d6-54069d73d86c" testListId="8c84fa94-04c1-424b-9868-57a2d4851a1d" />
    <TestEntry testId="bcf615b2-821b-e16f-362c-2b8d036a8b97" executionId="41b4c0e2-547d-4c8b-8423-d7ba93333783" testListId="8c84fa94-04c1-424b-9868-57a2d4851a1d" />
    <TestEntry testId="3c2cd82a-e07e-6d16-48c6-85c3177d24a3" executionId="f1a0b694-7c67-447a-9a5f-159fb9ed7a79" testListId="8c84fa94-04c1-424b-9868-57a2d4851a1d" />
    <TestEntry testId="ccee836e-da96-4ad4-cb09-a8c1fbdbf800" executionId="43380d53-0751-423c-a656-ca9be988d618" testListId="8c84fa94-04c1-424b-9868-57a2d4851a1d" />
    <TestEntry testId="bb653d28-3a76-e773-3ea4-21b553337126" executionId="37343e5b-ca10-46ad-a987-7823dbef7020" testListId="8c84fa94-04c1-424b-9868-57a2d4851a1d" />
    <TestEntry testId="4cc0ce18-3266-a90d-80ab-141ec0991141" executionId="44e58d91-9e1f-42fa-94c5-3db8c726705d" testListId="8c84fa94-04c1-424b-9868-57a2d4851a1d" />
    <TestEntry testId="c84f582f-12f8-908e-b39e-244908295b9f" executionId="4dd28b67-1ffd-4b17-812f-60447390183a" testListId="8c84fa94-04c1-424b-9868-57a2d4851a1d" />
    <TestEntry testId="5bb2b368-643b-d875-ac22-374811bf6e63" executionId="dacafe07-26d3-4c2b-bfcc-7b5d3f34bbe4" testListId="8c84fa94-04c1-424b-9868-57a2d4851a1d" />
    <TestEntry testId="abd6eebf-0ffc-efc9-bdbc-5343750f830d" executionId="c5d83c97-09b5-4f93-a857-09a8d42b6e5b" testListId="8c84fa94-04c1-424b-9868-57a2d4851a1d" />
    <TestEntry testId="8a236f30-19fa-e0db-001b-8f0cf78cf25b" executionId="6b319b75-c69b-45d3-bc94-4f6132b05959" testListId="8c84fa94-04c1-424b-9868-57a2d4851a1d" />
    <TestEntry testId="7480687d-6e31-d29a-d1a9-4820f8273943" executionId="3015aedb-4626-4ab5-9a32-6753ce6853fc" testListId="8c84fa94-04c1-424b-9868-57a2d4851a1d" />
    <TestEntry testId="a1e5f81e-fdc6-824b-eb62-54725160c4dd" executionId="d5ba5b82-ffdb-4e47-9b5c-7a2feca9126c" testListId="8c84fa94-04c1-424b-9868-57a2d4851a1d" />
    <TestEntry testId="22ad1863-7c66-d1e6-c048-8715847e3f30" executionId="81f9d87d-45a1-49f2-8304-9e32e61b9e56" testListId="8c84fa94-04c1-424b-9868-57a2d4851a1d" />
    <TestEntry testId="431a1c11-ddce-7e28-da34-bc6800a0ca60" executionId="fd1e00e2-df90-4bfd-900e-b1bb688a1ae5" testListId="8c84fa94-04c1-424b-9868-57a2d4851a1d" />
    <TestEntry testId="da4deb2f-1807-c0d0-bbaa-9e9ee344a49c" executionId="a3cd74d1-d036-4093-b0e5-ad14a7ae3f64" testListId="8c84fa94-04c1-424b-9868-57a2d4851a1d" />
    <TestEntry testId="cdc7f684-67aa-983f-47b6-66b486bacc74" executionId="989e48a2-04f3-4d2f-b36c-3c53078d7c10" testListId="8c84fa94-04c1-424b-9868-57a2d4851a1d" />
    <TestEntry testId="846bc473-6069-878c-a09e-175cddc63181" executionId="db6b6cdd-6344-4b41-94a1-a2770ce88875" testListId="8c84fa94-04c1-424b-9868-57a2d4851a1d" />
    <TestEntry testId="0f335f46-9161-385a-2521-99f4b1452aac" executionId="ab53bca2-b9ab-43e3-94cf-90d2098d9551" testListId="8c84fa94-04c1-424b-9868-57a2d4851a1d" />
    <TestEntry testId="cc094b82-7284-11f7-590e-70312308accf" executionId="c7662cf0-abb6-4bf3-b150-3a72749b59fb" testListId="8c84fa94-04c1-424b-9868-57a2d4851a1d" />
    <TestEntry testId="de82c38c-e789-4ddd-d347-1755943e06d2" executionId="fdbab85d-4a6b-4250-a1d9-2798fe60b46c" testListId="8c84fa94-04c1-424b-9868-57a2d4851a1d" />
    <TestEntry testId="0fc519de-a9e6-3133-4aba-25a27be33eca" executionId="99619702-74a1-4b07-9562-5b81c38f533f" testListId="8c84fa94-04c1-424b-9868-57a2d4851a1d" />
    <TestEntry testId="70cd34ac-129f-8315-9310-bf7c2b8d9e85" executionId="06c294dc-4115-43e0-85c4-ad455a89cc1b" testListId="8c84fa94-04c1-424b-9868-57a2d4851a1d" />
    <TestEntry testId="540578f3-8208-611d-c31e-ae03bb0d43a4" executionId="180d8cfb-08bd-4cce-8584-b1b6317b2bb7" testListId="8c84fa94-04c1-424b-9868-57a2d4851a1d" />
    <TestEntry testId="4d1f674b-9e29-21e3-e3b4-1966aac26aee" executionId="5022fb51-f6e7-4189-a160-73ca46f7aa16" testListId="8c84fa94-04c1-424b-9868-57a2d4851a1d" />
    <TestEntry testId="de813e7c-99f4-3ff6-5a4a-d1c20f27fd05" executionId="19b0a841-5b41-4c74-8d4d-18e5bba85ddb" testListId="8c84fa94-04c1-424b-9868-57a2d4851a1d" />
    <TestEntry testId="efc61bda-651d-4cfc-7bcf-a6a000114720" executionId="3c3c4e1d-efd9-4ef9-9e24-fc4e9340920e" testListId="8c84fa94-04c1-424b-9868-57a2d4851a1d" />
    <TestEntry testId="188a9807-6062-eaa9-e6a4-629204b8f65e" executionId="7e556eaa-fbf9-4646-a90d-e19188eba3b7" testListId="8c84fa94-04c1-424b-9868-57a2d4851a1d" />
    <TestEntry testId="a9e6d4a2-b357-ba17-8c66-ffee4f614bf0" executionId="eeb63a6a-bd92-4fb2-8585-3e3e2e06573f" testListId="8c84fa94-04c1-424b-9868-57a2d4851a1d" />
    <TestEntry testId="e7b942b1-b240-fb62-cf5a-44ffdf44125a" executionId="eb3cb586-f115-4fed-8ea3-7ee59d563806" testListId="8c84fa94-04c1-424b-9868-57a2d4851a1d" />
    <TestEntry testId="92dceb8f-0f0f-a5ac-3c8c-0b9c941a1c22" executionId="4f22b0f9-0616-4e59-ac3a-331fcd6a9cee" testListId="8c84fa94-04c1-424b-9868-57a2d4851a1d" />
    <TestEntry testId="6859f444-1a0b-9c53-492e-6b15e3b35f05" executionId="6642ce25-7dbd-4129-91d5-9946b89b0cfa" testListId="8c84fa94-04c1-424b-9868-57a2d4851a1d" />
    <TestEntry testId="f8bbed61-778a-e1ce-eab3-82feab690176" executionId="81e63ce3-ddf7-4a50-b316-08ea7d4f83d3" testListId="8c84fa94-04c1-424b-9868-57a2d4851a1d" />
    <TestEntry testId="4ad988f2-be80-9e5a-255a-234be7e489a6" executionId="c49f1d90-ee74-4bf7-bc0e-c2cd988c6614" testListId="8c84fa94-04c1-424b-9868-57a2d4851a1d" />
    <TestEntry testId="5a425feb-0cdc-1263-2540-71159c332abb" executionId="c900fbcb-2e7c-475b-9195-0ae6bd347d97" testListId="8c84fa94-04c1-424b-9868-57a2d4851a1d" />
    <TestEntry testId="0f04cf52-a65a-f2f5-2d4d-41291d34d8bf" executionId="4be351b1-6f44-40d5-9202-b1086db7c5ed" testListId="8c84fa94-04c1-424b-9868-57a2d4851a1d" />
    <TestEntry testId="d11f4300-37e8-678d-d996-589f6e12e567" executionId="700a5007-de58-411f-a862-b39e891e67f1" testListId="8c84fa94-04c1-424b-9868-57a2d4851a1d" />
    <TestEntry testId="07bdc7a3-5b6a-592f-4530-14f30c943d5a" executionId="0eac862f-d838-42f9-b1a6-01be8b5fed1c" testListId="8c84fa94-04c1-424b-9868-57a2d4851a1d" />
    <TestEntry testId="c50a278e-1e9a-bcf1-b402-9221107e5005" executionId="f7d5e222-5330-42a9-8471-c358d60bad01" testListId="8c84fa94-04c1-424b-9868-57a2d4851a1d" />
    <TestEntry testId="f33ca446-ba20-4ccf-9fe7-d54f67d87ffa" executionId="ce13d103-24fb-4fb3-a30c-00a8df591167" testListId="8c84fa94-04c1-424b-9868-57a2d4851a1d" />
    <TestEntry testId="86809359-0c5f-1bab-53c5-62a34b133f3e" executionId="8467244d-327e-4413-b404-4a9e58b78e46" testListId="8c84fa94-04c1-424b-9868-57a2d4851a1d" />
    <TestEntry testId="4dac18f7-ce5f-783e-94f7-5280098c96dc" executionId="e766faeb-50eb-4732-a40d-6d4e05bf407a" testListId="8c84fa94-04c1-424b-9868-57a2d4851a1d" />
    <TestEntry testId="535c545b-e7d6-0477-d1cd-9d82a0e6c3d2" executionId="d085e8a3-63ef-4308-a0b6-84ddd28a28a0" testListId="8c84fa94-04c1-424b-9868-57a2d4851a1d" />
    <TestEntry testId="16e8a601-f6fe-3408-2434-487f83ea5954" executionId="9a0a5f25-d4fa-4715-b47f-3da54b19233a" testListId="8c84fa94-04c1-424b-9868-57a2d4851a1d" />
    <TestEntry testId="4a6f30b2-e1d9-2290-7f5c-55baed2ba75f" executionId="75831ab2-12fd-4c3e-8798-238f872f2403" testListId="8c84fa94-04c1-424b-9868-57a2d4851a1d" />
    <TestEntry testId="5a07e537-bb2f-0a7b-f057-7a11d5bac68b" executionId="d35bb06f-0b23-47d1-9751-24d8c2624805" testListId="8c84fa94-04c1-424b-9868-57a2d4851a1d" />
    <TestEntry testId="c10cecdc-93d6-879e-38bb-a9656a4048f7" executionId="73c82784-1a5b-4580-878f-6f319c356c01" testListId="8c84fa94-04c1-424b-9868-57a2d4851a1d" />
    <TestEntry testId="22469fa0-5c82-8bfa-c407-a09913720d87" executionId="c7ae65f0-2294-43c7-909b-691d428f01c3" testListId="8c84fa94-04c1-424b-9868-57a2d4851a1d" />
    <TestEntry testId="807b5409-afb7-877c-ba4d-b84d9e5cd7a6" executionId="145582bb-dcd4-48a9-89bb-88ba2f5b16d0" testListId="8c84fa94-04c1-424b-9868-57a2d4851a1d" />
    <TestEntry testId="eee77ccc-8a0d-abdf-4ff3-cd32fa574642" executionId="9dc4695d-8a92-4b9a-bdd9-ec4cce138a4c" testListId="8c84fa94-04c1-424b-9868-57a2d4851a1d" />
    <TestEntry testId="fe942ab9-6ae2-43ec-4ea8-b58ff9bec9bf" executionId="e06c1f8a-2797-4c61-b7d8-351bcb7b1c46" testListId="8c84fa94-04c1-424b-9868-57a2d4851a1d" />
    <TestEntry testId="88e51f9f-1772-51bf-40d0-ffc0505482fc" executionId="b8fcc861-049a-4e68-b562-e0599dc2e7fd" testListId="8c84fa94-04c1-424b-9868-57a2d4851a1d" />
    <TestEntry testId="0ce0eb05-1a3c-f64e-7dbc-9ccd11eb6f9c" executionId="0b54465d-50bb-4d6c-a8a8-a9bc36cb6ff8" testListId="8c84fa94-04c1-424b-9868-57a2d4851a1d" />
    <TestEntry testId="e36c466c-fb92-ce5c-fe4f-181244c458db" executionId="6cda0e70-6744-4b16-856a-34e9c02b0bca" testListId="8c84fa94-04c1-424b-9868-57a2d4851a1d" />
    <TestEntry testId="688d5356-5996-e856-1340-91085d88cc8e" executionId="d219c3bd-06ca-407c-9a5b-e7b6bcbc6dba" testListId="8c84fa94-04c1-424b-9868-57a2d4851a1d" />
    <TestEntry testId="8fe12d9b-d65b-4ee9-6994-ee38493d5424" executionId="34cd2cb2-b57b-4996-97e5-d070644e2745" testListId="8c84fa94-04c1-424b-9868-57a2d4851a1d" />
    <TestEntry testId="d34738dd-bbd7-431c-53be-4281bf3cdc71" executionId="3e5e50fb-0c2f-4810-b835-ca69381d5491" testListId="8c84fa94-04c1-424b-9868-57a2d4851a1d" />
    <TestEntry testId="0783b8b7-eac2-3e20-db0a-8fdcff0d3e5d" executionId="00303942-7a30-46e3-80d6-f3e284f372b3" testListId="8c84fa94-04c1-424b-9868-57a2d4851a1d" />
    <TestEntry testId="1127ece3-fb74-060a-fd4c-fc5d85064437" executionId="ef05c34d-c42e-4b14-82b3-07936d6b740f" testListId="8c84fa94-04c1-424b-9868-57a2d4851a1d" />
    <TestEntry testId="47822c4d-d6fe-a3af-d6c5-4c8686c50610" executionId="4e28892a-21b5-4af0-8f50-39b39384ce16" testListId="8c84fa94-04c1-424b-9868-57a2d4851a1d" />
    <TestEntry testId="8ffbfc1e-6884-e3a0-6f14-d1ea41e7b556" executionId="f95a9cc9-5bdc-417c-939e-8482d5651f0d" testListId="8c84fa94-04c1-424b-9868-57a2d4851a1d" />
    <TestEntry testId="6ab1ff46-d6b0-689d-c551-d7ab46d7cb6a" executionId="32d78154-4693-4000-be1a-ef21b41dbbea" testListId="8c84fa94-04c1-424b-9868-57a2d4851a1d" />
    <TestEntry testId="ffbb30e2-d562-af3d-ed13-ff69105be45f" executionId="049263a2-db6a-4db3-a208-c245a3b31720" testListId="8c84fa94-04c1-424b-9868-57a2d4851a1d" />
    <TestEntry testId="bd4e34a7-decf-4ab0-4313-24327c09d030" executionId="0d166d2f-4d8e-4be5-9bae-d123f2f31955" testListId="8c84fa94-04c1-424b-9868-57a2d4851a1d" />
    <TestEntry testId="94e22bf8-08ee-8b88-8bf5-24c42aff4843" executionId="85268c5e-5389-469c-bf2a-e7c88030fc49" testListId="8c84fa94-04c1-424b-9868-57a2d4851a1d" />
    <TestEntry testId="1ada3a94-6a6e-6007-73e2-da253e9f4a4e" executionId="8006aa48-fbd1-4984-b2da-086283b9aa82" testListId="8c84fa94-04c1-424b-9868-57a2d4851a1d" />
    <TestEntry testId="607a1b29-615d-08c7-a5aa-a4b50858a742" executionId="135f6a32-48c3-4b47-86ac-6cdbde7fa8f7" testListId="8c84fa94-04c1-424b-9868-57a2d4851a1d" />
    <TestEntry testId="8fee835c-065f-aa84-ca44-9a2015432d24" executionId="7fb2333d-54fb-439c-97b1-7d06e1293170" testListId="8c84fa94-04c1-424b-9868-57a2d4851a1d" />
    <TestEntry testId="3747f5c2-7c07-1983-dd79-b27ad6ece067" executionId="49c09a63-1dd2-458a-96d7-81877a6b3b81" testListId="8c84fa94-04c1-424b-9868-57a2d4851a1d" />
    <TestEntry testId="05eba958-d752-c446-2261-37ebc9d30bbc" executionId="f308c97a-5805-4452-93db-72e66a1d3be2" testListId="8c84fa94-04c1-424b-9868-57a2d4851a1d" />
    <TestEntry testId="65caf5cd-eafa-a9e7-03ee-d2494a48b5ab" executionId="6aa57333-a5fb-4a19-8ee7-21327050a064" testListId="8c84fa94-04c1-424b-9868-57a2d4851a1d" />
    <TestEntry testId="86dc8415-9cae-de0c-684d-25df333f6138" executionId="720cbef6-d152-4581-b70c-35eb793e8748" testListId="8c84fa94-04c1-424b-9868-57a2d4851a1d" />
    <TestEntry testId="420cae9a-482f-2571-a09c-32d521886764" executionId="d19d6cba-e27f-4617-9edb-e6181e0f4a9b" testListId="8c84fa94-04c1-424b-9868-57a2d4851a1d" />
    <TestEntry testId="b9a99f2d-7e04-cde6-ba38-bbaf163b7b5c" executionId="ecd8d117-d33f-4ed1-a921-73a99037ec17" testListId="8c84fa94-04c1-424b-9868-57a2d4851a1d" />
    <TestEntry testId="a3b41cf2-236b-41b6-425f-711cee7a5d9d" executionId="0bcef987-f025-42e1-b9ed-4d6e3f11cd78" testListId="8c84fa94-04c1-424b-9868-57a2d4851a1d" />
    <TestEntry testId="e0027d45-2061-074b-ebfe-79c4a75f4826" executionId="dcf80b4f-f157-4bb1-a231-e9688a860672" testListId="8c84fa94-04c1-424b-9868-57a2d4851a1d" />
    <TestEntry testId="6c0fa1af-88c6-bc43-9534-a16c2e34f90f" executionId="7521b099-8db6-49fc-992d-d7af486e6da2" testListId="8c84fa94-04c1-424b-9868-57a2d4851a1d" />
    <TestEntry testId="faccdf79-e2d9-29bb-c0a7-b110c49dd6a5" executionId="c345a706-fdae-484a-9a1a-973710a5b995" testListId="8c84fa94-04c1-424b-9868-57a2d4851a1d" />
    <TestEntry testId="48a1e835-3723-d2a4-4a16-fe1752e88252" executionId="3eafcbc8-b171-47c9-87a1-a78579c5aaa1" testListId="8c84fa94-04c1-424b-9868-57a2d4851a1d" />
    <TestEntry testId="03f8bc02-0814-52bc-bc1d-f714aebffd52" executionId="9eb9d2b2-b0d2-42aa-8654-73a97cd05ad5" testListId="8c84fa94-04c1-424b-9868-57a2d4851a1d" />
    <TestEntry testId="74a012db-7642-7781-9c19-883acfd97a40" executionId="0184f195-e3ce-4ce2-8010-06c3277dd76c" testListId="8c84fa94-04c1-424b-9868-57a2d4851a1d" />
    <TestEntry testId="5ad19bc9-d964-1f7d-8092-e13bab1b1130" executionId="3bb75eee-84f8-4a6f-b717-65f360bdb566" testListId="8c84fa94-04c1-424b-9868-57a2d4851a1d" />
  </TestEntries>
  <TestLists>
    <TestList name="Results Not in a List" id="8c84fa94-04c1-424b-9868-57a2d4851a1d" />
    <TestList name="All Loaded Results" id="19431567-8539-422a-85d7-44ee4e166bda" />
  </TestLists>
  <ResultSummary outcome="Failed">
    <Counters total="514" executed="514" passed="509" failed="5" error="0" timeout="0" aborted="0" inconclusive="0" passedButRunAborted="0" notRunnable="0" notExecuted="0" disconnected="0" warning="0" completed="0" inProgress="0" pending="0" />
    <Output>
      <StdOut>NUnit Adapter 4.5.0.0: Test execution started&#xD;
Running all tests in D:\facultate\UBB-cs\sem4\iss\UBB-SE-2026-PussyCats_clone\PharmacyApp.Tests.Clean\bin\Debug\net8.0-windows10.0.22621.0\PharmacyApp.Tests.Clean.dll&#xD;
   NUnit3TestExecutor discovered 514 of 514 NUnit test cases using Current Discovery mode, Non-Explicit run&#xD;
NUnit Adapter 4.5.0.0: Test execution complete&#xD;
</StdOut>
    </Output>
    <RunInfos>
      <RunInfo computerName="DESKTOP-C5LH746" outcome="Warning" timestamp="2026-05-01T13:46:54.6991793+03:00">
        <Text>Error adding item: Invalid item data. Please check the input and try again.&#xD;
</Text>
      </RunInfo>
      <RunInfo computerName="DESKTOP-C5LH746" outcome="Warning" timestamp="2026-05-01T13:46:54.7042016+03:00">
        <Text>Error adding item: Invalid item data. Please check the input and try again.&#xD;
</Text>
      </RunInfo>
      <RunInfo computerName="DESKTOP-C5LH746" outcome="Warning" timestamp="2026-05-01T13:46:54.7106531+03:00">
        <Text>Error adding item: Invalid item data. Please check the input and try again.&#xD;
</Text>
      </RunInfo>
      <RunInfo computerName="DESKTOP-C5LH746" outcome="Warning" timestamp="2026-05-01T13:46:54.7110985+03:00">
        <Text>Error adding item: Invalid item data. Please check the input and try again.&#xD;
</Text>
      </RunInfo>
      <RunInfo computerName="DESKTOP-C5LH746" outcome="Warning" timestamp="2026-05-01T13:46:55.2424111+03:00">
        <Text>Error adding item: Invalid item data. Please check the input and try again.&#xD;
</Text>
      </RunInfo>
      <RunInfo computerName="DESKTOP-C5LH746" outcome="Warning" timestamp="2026-05-01T13:46:56.1035422+03:00">
        <Text>THE REAL ERROR IS: Value does not fall within the expected range.&#xD;
</Text>
      </RunInfo>
    </RunInfos>
  </ResultSummary>
</TestRun>