<?xml version="1.0" encoding="utf-8"?>
<TestRun id="f325a8a2-2712-4277-8733-3e2f1a4bef54" name="user@DESKTOP-C5LH746 2026-05-01 13:51:48" runUser="DESKTOP-C5LH746\user" xmlns="http://microsoft.com/schemas/VisualStudio/TeamTest/2010">
  <Times creation="2026-05-01T13:51:48.5829028+03:00" queuing="2026-05-01T13:51:48.5829034+03:00" start="2026-05-01T13:51:47.3982660+03:00" finish="2026-05-01T13:51:49.8624226+03:00" />
  <TestSettings name="default" id="f0ea4548-e1e6-4ed2-82be-a0aa3437927f">
    <Deployment runDeploymentRoot="user_DESKTOP-C5LH746_2026-05-01_13_51_48" />
  </TestSettings>
  <Results>
    <UnitTestResult executionId="06cdf09b-fd16-49a3-a504-dc32325f282a" testId="592b14df-6453-a0fd-baa8-0541914800e1" testName="Constructor_WithLoggedInUser_PopulatesPhoneNumberFromCurrentUser" computerName="DESKTOP-C5LH746" duration="00:00:00.0006830" startTime="2026-05-01T13:51:49.3866613+03:00" endTime="2026-05-01T13:51:49.3873438+03:00" testType="13cdc9d9-ddb5-4fa4-a97d-d965ccfc6d4b" outcome="Passed" testListId="8c84fa94-04c1-424b-9868-57a2d4851a1d" relativeResultsDirectory="06cdf09b-fd16-49a3-a504-dc32325f282a" />
    <UnitTestResult executionId="01a47943-532f-4522-b681-5fe6df5737ff" testId="937f2b04-1fa6-31db-d6fc-934e614a47d6" testName="CalculatePeriodTracker_WhenTodayIsBetweenPeriodAndOvulation_SetsCurrentPhaseToFollicularPhase" computerName="DESKTOP-C5LH746" duration="00:00:00.0000640" startTime="2026-05-01T13:51:49.5054561+03:00" endTime="2026-05-01T13:51:49.5055199+03:00" testType="13cdc9d9-ddb5-4fa4-a97d-d965ccfc6d4b" outcome="Passed" testListId="8c84fa94-04c1-424b-9868-57a2d4851a1d" relativeResultsDirectory="01a47943-532f-4522-b681-5fe6df5737ff" />
    <UnitTestResult executionId="0268310f-2b88-4642-9363-d51232629255" testId="79bfc6c0-2c3a-f10d-9a68-5e1ff5fe8b85" testName="LoadedNoteDeleteCommand_WhenExecuted_ReloadsNotes" computerName="DESKTOP-C5LH746" duration="00:00:00.0005100" startTime="2026-05-01T13:51:49.6160468+03:00" endTime="2026-05-01T13:51:49.6165568+03:00" testType="13cdc9d9-ddb5-4fa4-a97d-d965ccfc6d4b" outcome="Passed" testListId="8c84fa94-04c1-424b-9868-57a2d4851a1d" relativeResultsDirectory="0268310f-2b88-4642-9363-d51232629255" />
    <UnitTestResult executionId="8f47f167-f43d-4a5c-ab71-63226ebbc142" testId="2e9e52f1-622a-a34e-d216-8285c9a00333" testName="Equals_Null_ReturnsFalse" computerName="DESKTOP-C5LH746" duration="00:00:00.0000660" startTime="2026-05-01T13:51:49.4097525+03:00" endTime="2026-05-01T13:51:49.4098182+03:00" testType="13cdc9d9-ddb5-4fa4-a97d-d965ccfc6d4b" outcome="Passed" testListId="8c84fa94-04c1-424b-9868-57a2d4851a1d" relativeResultsDirectory="8f47f167-f43d-4a5c-ab71-63226ebbc142" />
    <UnitTestResult executionId="cce743e8-d8c2-4df9-bc42-031255252ac2" testId="879f19ee-202a-c4ec-6034-550c4f1a0db0" testName="GetNotificationsForUser_AdminWithExpiredBatch_ReturnsExpectedExpiredNotificationContent" computerName="DESKTOP-C5LH746" duration="00:00:00.0012190" startTime="2026-05-01T13:51:48.4997632+03:00" endTime="2026-05-01T13:51:48.5009817+03:00" testType="13cdc9d9-ddb5-4fa4-a97d-d965ccfc6d4b" outcome="Passed" testListId="8c84fa94-04c1-424b-9868-57a2d4851a1d" relativeResultsDirectory="cce743e8-d8c2-4df9-bc42-031255252ac2" />
    <UnitTestResult executionId="e0932a0a-da5a-4d58-aa69-54b253e683f1" testId="512dac7d-2b24-1186-36f5-c2c24c7622fc" testName="PillsText_ItemIsNull_ReturnsEmptyString" computerName="DESKTOP-C5LH746" duration="00:00:00.0002010" startTime="2026-05-01T13:51:49.6843452+03:00" endTime="2026-05-01T13:51:49.6845455+03:00" testType="13cdc9d9-ddb5-4fa4-a97d-d965ccfc6d4b" outcome="Passed" testListId="8c84fa94-04c1-424b-9868-57a2d4851a1d" relativeResultsDirectory="e0932a0a-da5a-4d58-aa69-54b253e683f1" />
    <UnitTestResult executionId="e7aa2eca-b06b-405d-9999-b54f1e5086a5" testId="8d63df9c-c0a6-d325-15c6-da1426a1a5a1" testName="UpdatePeriodTracker_WhenCurrentUserIsNull_DoesNothing" computerName="DESKTOP-C5LH746" duration="00:00:00.0006600" startTime="2026-05-01T13:51:49.4983380+03:00" endTime="2026-05-01T13:51:49.4989979+03:00" testType="13cdc9d9-ddb5-4fa4-a97d-d965ccfc6d4b" outcome="Passed" testListId="8c84fa94-04c1-424b-9868-57a2d4851a1d" relativeResultsDirectory="e7aa2eca-b06b-405d-9999-b54f1e5086a5" />
    <UnitTestResult executionId="819d3125-2d6a-44bb-b42c-5e983fd4b948" testId="25b20e3b-286b-371c-8da6-5c1d15cfa6cd" testName="AddNoteFlow_WhenCommandAndEditAndDeleteAreExecuted_LeavesRealUserWithoutNotes" computerName="DESKTOP-C5LH746" duration="00:00:00.0256830" startTime="2026-05-01T13:51:49.1300250+03:00" endTime="2026-05-01T13:51:49.1557075+03:00" testType="13cdc9d9-ddb5-4fa4-a97d-d965ccfc6d4b" outcome="Passed" testListId="8c84fa94-04c1-424b-9868-57a2d4851a1d" relativeResultsDirectory="819d3125-2d6a-44bb-b42c-5e983fd4b948" />
    <UnitTestResult executionId="9de03861-c716-442e-b56b-dbc657d72a06" testId="1e58876e-1b05-19f9-4545-dd14583308d5" testName="CalculatePeriodTracker_WhenCalculatedInsideMenstrualPhase_IsInMenstrualPhaseIsTrue" computerName="DESKTOP-C5LH746" duration="00:00:00.0001720" startTime="2026-05-01T13:51:49.5035903+03:00" endTime="2026-05-01T13:51:49.5037618+03:00" testType="13cdc9d9-ddb5-4fa4-a97d-d965ccfc6d4b" outcome="Passed" testListId="8c84fa94-04c1-424b-9868-57a2d4851a1d" relativeResultsDirectory="9de03861-c716-442e-b56b-dbc657d72a06" />
    <UnitTestResult executionId="e63faeae-c7e1-4612-8a65-7d9987610925" testId="0ab5581a-fc6c-8d6c-af3c-0d7953e7d92b" testName="UpdateNote_WhenNoteBodyIsNull_ReplacesWithEmptyString" computerName="DESKTOP-C5LH746" duration="00:00:00.0003420" startTime="2026-05-01T13:51:49.4961842+03:00" endTime="2026-05-01T13:51:49.4965257+03:00" testType="13cdc9d9-ddb5-4fa4-a97d-d965ccfc6d4b" outcome="Passed" testListId="8c84fa94-04c1-424b-9868-57a2d4851a1d" relativeResultsDirectory="e63faeae-c7e1-4612-8a65-7d9987610925" />
    <UnitTestResult executionId="2ad4c24b-75f7-47dd-9a31-eab40b8076e0" testId="3be73f8e-ae21-a363-b9d9-ac300b7662d6" testName="Disable_WhenCalled_CallsDisableAccountOnService" computerName="DESKTOP-C5LH746" duration="00:00:00.0035330" startTime="2026-05-01T13:51:49.3621131+03:00" endTime="2026-05-01T13:51:49.3656451+03:00" testType="13cdc9d9-ddb5-4fa4-a97d-d965ccfc6d4b" outcome="Passed" testListId="8c84fa94-04c1-424b-9868-57a2d4851a1d" relativeResultsDirectory="2ad4c24b-75f7-47dd-9a31-eab40b8076e0" />
    <UnitTestResult executionId="b5a8eec2-2162-45a3-9ec9-c66f523d2d89" testId="15ea699d-032e-b02a-a5f2-e676a12f2127" testName="ModifyIncompleteOrder_WhenStockInsufficient_DoesNotUpdateOrder" computerName="DESKTOP-C5LH746" duration="00:00:00.0044620" startTime="2026-05-01T13:51:49.0925969+03:00" endTime="2026-05-01T13:51:49.0970580+03:00" testType="13cdc9d9-ddb5-4fa4-a97d-d965ccfc6d4b" outcome="Passed" testListId="8c84fa94-04c1-424b-9868-57a2d4851a1d" relativeResultsDirectory="b5a8eec2-2162-45a3-9ec9-c66f523d2d89" />
    <UnitTestResult executionId="1cd93441-0b26-4da1-bfa3-424d45f67bed" testId="a7d04b19-8757-d31b-5295-893a46a29dd2" testName="GetNotificationsForUser_StockAlertItemWithNoSubstances_ShowsSingleNotification" computerName="DESKTOP-C5LH746" duration="00:00:00.0005670" startTime="2026-05-01T13:51:48.5105308+03:00" endTime="2026-05-01T13:51:48.5110977+03:00" testType="13cdc9d9-ddb5-4fa4-a97d-d965ccfc6d4b" outcome="Passed" testListId="8c84fa94-04c1-424b-9868-57a2d4851a1d" relativeResultsDirectory="1cd93441-0b26-4da1-bfa3-424d45f67bed" />
    <UnitTestResult executionId="1dbf4418-748c-4847-a51a-5266d2c47dcd" testId="2bc6841d-4fe2-9cc7-a361-668428387a43" testName="OldPriceDisplay_HasDiscount_ReturnsOriginalPriceString" computerName="DESKTOP-C5LH746" duration="00:00:00.0003270" startTime="2026-05-01T13:51:49.6830864+03:00" endTime="2026-05-01T13:51:49.6834130+03:00" testType="13cdc9d9-ddb5-4fa4-a97d-d965ccfc6d4b" outcome="Passed" testListId="8c84fa94-04c1-424b-9868-57a2d4851a1d" relativeResultsDirectory="1dbf4418-748c-4847-a51a-5266d2c47dcd" />
    <UnitTestResult executionId="c293e728-ce89-4e43-9536-c1b32fabeb9b" testId="f51cc001-38ac-1771-0394-f80651b59805" testName="QuantityChanged_WhenItemQuantityReachesZero_RemovesItemFromBasketItems" computerName="DESKTOP-C5LH746" duration="00:00:00.0005950" startTime="2026-05-01T13:51:49.4274948+03:00" endTime="2026-05-01T13:51:49.4280895+03:00" testType="13cdc9d9-ddb5-4fa4-a97d-d965ccfc6d4b" outcome="Passed" testListId="8c84fa94-04c1-424b-9868-57a2d4851a1d" relativeResultsDirectory="c293e728-ce89-4e43-9536-c1b32fabeb9b" />
    <UnitTestResult executionId="1b217bd7-1cd4-4994-817c-e4a3c67b3884" testId="a8f2f19b-207e-8665-3485-2c4bd0e28131" testName="GetItems_NullSearch_ReturnsCorrectCount" computerName="DESKTOP-C5LH746" duration="00:00:00.0003360" startTime="2026-05-01T13:51:49.6482806+03:00" endTime="2026-05-01T13:51:49.6486170+03:00" testType="13cdc9d9-ddb5-4fa4-a97d-d965ccfc6d4b" outcome="Passed" testListId="8c84fa94-04c1-424b-9868-57a2d4851a1d" relativeResultsDirectory="1b217bd7-1cd4-4994-817c-e4a3c67b3884" />
    <UnitTestResult executionId="8109113c-1cdc-42ea-b921-3812ad3d16ad" testId="36efee06-18bb-b1c7-f7d1-f54b93cddb57" testName="UpdateSubstanceGridVisibility_Set_RaisesPropertyChanged" computerName="DESKTOP-C5LH746" duration="00:00:00.0002520" startTime="2026-05-01T13:51:49.6403101+03:00" endTime="2026-05-01T13:51:49.6405623+03:00" testType="13cdc9d9-ddb5-4fa4-a97d-d965ccfc6d4b" outcome="Passed" testListId="8c84fa94-04c1-424b-9868-57a2d4851a1d" relativeResultsDirectory="8109113c-1cdc-42ea-b921-3812ad3d16ad" />
    <UnitTestResult executionId="7b8872da-75e4-401c-87bd-946cffa53543" testId="4628a943-3ef8-d11e-e3b2-751d1a7edd3e" testName="TotalPriceString_SetSameValue_DoesNotRaisePropertyChanged" computerName="DESKTOP-C5LH746" duration="00:00:00.0008030" startTime="2026-05-01T13:51:49.4375260+03:00" endTime="2026-05-01T13:51:49.4383284+03:00" testType="13cdc9d9-ddb5-4fa4-a97d-d965ccfc6d4b" outcome="Passed" testListId="8c84fa94-04c1-424b-9868-57a2d4851a1d" relativeResultsDirectory="7b8872da-75e4-401c-87bd-946cffa53543" />
    <UnitTestResult executionId="05fe436d-3f23-4e8c-ade2-802cec331262" testId="dedb3103-9276-27da-a7b6-545a382b6549" testName="GetItems_SearchCaseInsensitive_ReturnsCorrectCount" computerName="DESKTOP-C5LH746" duration="00:00:00.0005810" startTime="2026-05-01T13:51:49.6549919+03:00" endTime="2026-05-01T13:51:49.6555725+03:00" testType="13cdc9d9-ddb5-4fa4-a97d-d965ccfc6d4b" outcome="Passed" testListId="8c84fa94-04c1-424b-9868-57a2d4851a1d" relativeResultsDirectory="05fe436d-3f23-4e8c-ade2-802cec331262" />
    <UnitTestResult executionId="81d01719-bbcc-4ef1-8ba2-2a72160c3b67" testId="e7da903d-b0e9-1907-067f-6ff579702473" testName="QuantityChanged_WhenItemQuantityUpdated_CallsRecalculateBasketItemPrices" computerName="DESKTOP-C5LH746" duration="00:00:00.0014890" startTime="2026-05-01T13:51:49.4281218+03:00" endTime="2026-05-01T13:51:49.4296107+03:00" testType="13cdc9d9-ddb5-4fa4-a97d-d965ccfc6d4b" outcome="Passed" testListId="8c84fa94-04c1-424b-9868-57a2d4851a1d" relativeResultsDirectory="81d01719-bbcc-4ef1-8ba2-2a72160c3b67" />
    <UnitTestResult executionId="a07481bf-407f-44d8-80f1-f05cbfc3eeeb" testId="d2557a4c-d48e-1c70-3dfe-7f1e5801a152" testName="GetItems_DiscountedTrue_ReturnsCorrectCount" computerName="DESKTOP-C5LH746" duration="00:00:00.0003890" startTime="2026-05-01T13:51:49.6444684+03:00" endTime="2026-05-01T13:51:49.6448575+03:00" testType="13cdc9d9-ddb5-4fa4-a97d-d965ccfc6d4b" outcome="Passed" testListId="8c84fa94-04c1-424b-9868-57a2d4851a1d" relativeResultsDirectory="a07481bf-407f-44d8-80f1-f05cbfc3eeeb" />
    <UnitTestResult executionId="dee5b7a5-1a2f-44dc-ada4-548f86269c24" testId="c86fad52-f90e-88cf-a936-85b40f90ebc4" testName="Constructor_WhenTrackerExists_LoadsInitialStateAndBuildsItemRows" computerName="DESKTOP-C5LH746" duration="00:00:00.0008440" startTime="2026-05-01T13:51:49.6114556+03:00" endTime="2026-05-01T13:51:49.6122994+03:00" testType="13cdc9d9-ddb5-4fa4-a97d-d965ccfc6d4b" outcome="Passed" testListId="8c84fa94-04c1-424b-9868-57a2d4851a1d" relativeResultsDirectory="dee5b7a5-1a2f-44dc-ada4-548f86269c24" />
    <UnitTestResult executionId="6b4e97ff-ec5e-42f7-9dcf-50eb86c48bfc" testId="1deb6a04-859c-5688-aa4e-c2ab44e10510" testName="AddToBasket_NewItem_SetsCorrectQuantity" computerName="DESKTOP-C5LH746" duration="00:00:00.0003820" startTime="2026-05-01T13:51:49.4410410+03:00" endTime="2026-05-01T13:51:49.4414226+03:00" testType="13cdc9d9-ddb5-4fa4-a97d-d965ccfc6d4b" outcome="Passed" testListId="8c84fa94-04c1-424b-9868-57a2d4851a1d" relativeResultsDirectory="6b4e97ff-ec5e-42f7-9dcf-50eb86c48bfc" />
    <UnitTestResult executionId="03f6e513-d769-4749-a64f-8b7cff330d0b" testId="e15ba3f5-f3a8-2ec8-b60e-8e785437a7bc" testName="UpdatePeriodTracker_WhenNavigatingToPreviousCycle_MovesBeginningDateBackwardByCycleLength" computerName="DESKTOP-C5LH746" duration="00:00:00.0001990" startTime="2026-05-01T13:51:49.5069763+03:00" endTime="2026-05-01T13:51:49.5071750+03:00" testType="13cdc9d9-ddb5-4fa4-a97d-d965ccfc6d4b" outcome="Passed" testListId="8c84fa94-04c1-424b-9868-57a2d4851a1d" relativeResultsDirectory="03f6e513-d769-4749-a64f-8b7cff330d0b" />
    <UnitTestResult executionId="2b309ed5-1fc7-4b23-a6d4-531fd63028fe" testId="99912696-3fe7-c470-289b-998836d578a2" testName="GetItem_WhenCalled_DelegatesToRepository" computerName="DESKTOP-C5LH746" duration="00:00:00.0011500" startTime="2026-05-01T13:51:49.0185886+03:00" endTime="2026-05-01T13:51:49.0197385+03:00" testType="13cdc9d9-ddb5-4fa4-a97d-d965ccfc6d4b" outcome="Passed" testListId="8c84fa94-04c1-424b-9868-57a2d4851a1d" relativeResultsDirectory="2b309ed5-1fc7-4b23-a6d4-531fd63028fe" />
    <UnitTestResult executionId="419e20a9-0d0b-4562-8434-3f33d22536aa" testId="96063847-80e2-ccd6-ff80-85bc0c52ee26" testName="Login_WhenServiceThrows_SetsErrorMessage" computerName="DESKTOP-C5LH746" duration="00:00:00.0007010" startTime="2026-05-01T13:51:49.3820037+03:00" endTime="2026-05-01T13:51:49.3827043+03:00" testType="13cdc9d9-ddb5-4fa4-a97d-d965ccfc6d4b" outcome="Passed" testListId="8c84fa94-04c1-424b-9868-57a2d4851a1d" relativeResultsDirectory="419e20a9-0d0b-4562-8434-3f33d22536aa" />
    <UnitTestResult executionId="f360835a-8cad-43b9-be38-b88f824528ca" testId="ef7140e1-199b-f23e-99d7-aeef90045ff7" testName="Register_WithInvalidPasswordFormat_ThrowsException" computerName="DESKTOP-C5LH746" duration="00:00:00.0002570" startTime="2026-05-01T13:51:49.3125727+03:00" endTime="2026-05-01T13:51:49.3128292+03:00" testType="13cdc9d9-ddb5-4fa4-a97d-d965ccfc6d4b" outcome="Passed" testListId="8c84fa94-04c1-424b-9868-57a2d4851a1d" relativeResultsDirectory="f360835a-8cad-43b9-be38-b88f824528ca" />
    <UnitTestResult executionId="ca708ec7-c3ab-4726-b5f3-b1fb4054f7dd" testId="281f51b4-fbc3-2863-8e99-7096ab12df45" testName="GetBasketItems_ItemWithNullImagePath_ReturnsFallbackLogoPath" computerName="DESKTOP-C5LH746" duration="00:00:00.0003730" startTime="2026-05-01T13:51:49.4532034+03:00" endTime="2026-05-01T13:51:49.4535764+03:00" testType="13cdc9d9-ddb5-4fa4-a97d-d965ccfc6d4b" outcome="Passed" testListId="8c84fa94-04c1-424b-9868-57a2d4851a1d" relativeResultsDirectory="ca708ec7-c3ab-4726-b5f3-b1fb4054f7dd" />
    <UnitTestResult executionId="56ce67c3-a67d-4205-8ad8-d533bbd8a027" testId="5a425feb-0cdc-1263-2540-71159c332abb" testName="GetTop30Items_WhenCalled_DelegatesToRepository" computerName="DESKTOP-C5LH746" duration="00:00:00.0004640" startTime="2026-05-01T13:51:49.0212540+03:00" endTime="2026-05-01T13:51:49.0217175+03:00" testType="13cdc9d9-ddb5-4fa4-a97d-d965ccfc6d4b" outcome="Passed" testListId="8c84fa94-04c1-424b-9868-57a2d4851a1d" relativeResultsDirectory="56ce67c3-a67d-4205-8ad8-d533bbd8a027" />
    <UnitTestResult executionId="ff9de88d-ea1c-4ac8-b225-3ee92c4cb34d" testId="504ddd9b-0902-b27b-d2c1-ebf6ec9a244a" testName="ChangePassword_WhenServiceSucceeds_ErrorMessageRemainsNull" computerName="DESKTOP-C5LH746" duration="00:00:00.0003910" startTime="2026-05-01T13:51:49.3778364+03:00" endTime="2026-05-01T13:51:49.3782272+03:00" testType="13cdc9d9-ddb5-4fa4-a97d-d965ccfc6d4b" outcome="Passed" testListId="8c84fa94-04c1-424b-9868-57a2d4851a1d" relativeResultsDirectory="ff9de88d-ea1c-4ac8-b225-3ee92c4cb34d" />
    <UnitTestResult executionId="0ae48229-0787-47eb-90ff-4dd1ccd752ef" testId="b5d68600-8eb8-6415-e005-5ebb0ebabd80" testName="CancelOrder_WhenCalled_PersistsThroughRepository" computerName="DESKTOP-C5LH746" duration="00:00:00.0015610" startTime="2026-05-01T13:51:49.0627986+03:00" endTime="2026-05-01T13:51:49.0643593+03:00" testType="13cdc9d9-ddb5-4fa4-a97d-d965ccfc6d4b" outcome="Passed" testListId="8c84fa94-04c1-424b-9868-57a2d4851a1d" relativeResultsDirectory="0ae48229-0787-47eb-90ff-4dd1ccd752ef" />
    <UnitTestResult executionId="a374cad9-fa5e-4fea-b9f9-d29814a763bf" testId="34b896ac-f7d3-64f0-85d2-3c3bda90c24d" testName="CurrentStockLevel_ItemIsNull_ReturnsUnknown" computerName="DESKTOP-C5LH746" duration="00:00:00.0008710" startTime="2026-05-01T13:51:49.6786002+03:00" endTime="2026-05-01T13:51:49.6794704+03:00" testType="13cdc9d9-ddb5-4fa4-a97d-d965ccfc6d4b" outcome="Passed" testListId="8c84fa94-04c1-424b-9868-57a2d4851a1d" relativeResultsDirectory="a374cad9-fa5e-4fea-b9f9-d29814a763bf" />
    <UnitTestResult executionId="72f18f4a-d6cd-4551-8687-810c90702e56" testId="847d2a73-1257-1375-1363-95c5f195afdc" testName="RegisterCommand_WhenServiceSucceeds_FiresRegisterSuccededEvent" computerName="DESKTOP-C5LH746" duration="00:00:00.0011450" startTime="2026-05-01T13:51:49.4059200+03:00" endTime="2026-05-01T13:51:49.4070649+03:00" testType="13cdc9d9-ddb5-4fa4-a97d-d965ccfc6d4b" outcome="Passed" testListId="8c84fa94-04c1-424b-9868-57a2d4851a1d" relativeResultsDirectory="72f18f4a-d6cd-4551-8687-810c90702e56" />
    <UnitTestResult executionId="5a70ba41-ba14-4054-b1ef-f146c59527b4" testId="3a72da8b-e569-1f65-cd39-a42b99600aea" testName="IsCorrectEmailFormat_WithWhitespaceOnlyEmail_ReturnsFalse" computerName="DESKTOP-C5LH746" duration="00:00:00.0000430" startTime="2026-05-01T13:51:49.3511853+03:00" endTime="2026-05-01T13:51:49.3512285+03:00" testType="13cdc9d9-ddb5-4fa4-a97d-d965ccfc6d4b" outcome="Passed" testListId="8c84fa94-04c1-424b-9868-57a2d4851a1d" relativeResultsDirectory="5a70ba41-ba14-4054-b1ef-f146c59527b4" />
    <UnitTestResult executionId="b82399e3-2378-4dc5-a733-b9b4d06d8114" testId="3d35d8a1-922d-e843-a76d-78ce3d91378f" testName="SaveChanges_WhenServiceThrows_SetsErrorMessage" computerName="DESKTOP-C5LH746" duration="00:00:00.0018900" startTime="2026-05-01T13:51:49.4038191+03:00" endTime="2026-05-01T13:51:49.4057087+03:00" testType="13cdc9d9-ddb5-4fa4-a97d-d965ccfc6d4b" outcome="Passed" testListId="8c84fa94-04c1-424b-9868-57a2d4851a1d" relativeResultsDirectory="b82399e3-2378-4dc5-a733-b9b4d06d8114" />
    <UnitTestResult executionId="cc03c40c-961b-46c3-b1d8-b4d125a2a336" testId="2ddb3f97-b99a-d802-838b-2649bea52ca7" testName="GetItems_StockFilterLowStock_ReturnsCorrectCount" computerName="DESKTOP-C5LH746" duration="00:00:00.0003310" startTime="2026-05-01T13:51:49.6758523+03:00" endTime="2026-05-01T13:51:49.6761837+03:00" testType="13cdc9d9-ddb5-4fa4-a97d-d965ccfc6d4b" outcome="Passed" testListId="8c84fa94-04c1-424b-9868-57a2d4851a1d" relativeResultsDirectory="cc03c40c-961b-46c3-b1d8-b4d125a2a336" />
    <UnitTestResult executionId="8de1087b-87c3-4761-b90f-b7b393c7d4f1" testId="c3ca3ff1-111a-1c6a-65aa-e3a392050958" testName="GetBasketItems_OneValidItem_ReturnsViewModelWithCorrectItemId" computerName="DESKTOP-C5LH746" duration="00:00:00.0003370" startTime="2026-05-01T13:51:49.4553575+03:00" endTime="2026-05-01T13:51:49.4556940+03:00" testType="13cdc9d9-ddb5-4fa4-a97d-d965ccfc6d4b" outcome="Passed" testListId="8c84fa94-04c1-424b-9868-57a2d4851a1d" relativeResultsDirectory="8de1087b-87c3-4761-b90f-b7b393c7d4f1" />
    <UnitTestResult executionId="1055afac-dc12-4122-bab5-8a1da67ab59d" testId="3267dd57-9762-c559-dc2a-d0c9124cdbfd" testName="GetNotificationsForUser_AdminAndStockAlerts_ContainsExpiredNotification" computerName="DESKTOP-C5LH746" duration="00:00:00.0067430" startTime="2026-05-01T13:51:48.4898601+03:00" endTime="2026-05-01T13:51:48.4966022+03:00" testType="13cdc9d9-ddb5-4fa4-a97d-d965ccfc6d4b" outcome="Passed" testListId="8c84fa94-04c1-424b-9868-57a2d4851a1d" relativeResultsDirectory="1055afac-dc12-4122-bab5-8a1da67ab59d" />
    <UnitTestResult executionId="812ee893-02fb-49a2-bea7-1f710e6ad82a" testId="ba921cec-7ae5-e544-588a-d18e18a413f8" testName="TryAddToBasket_QuantityExceedsStock_ReturnsSuccessFalse" computerName="DESKTOP-C5LH746" duration="00:00:00.0001410" startTime="2026-05-01T13:51:49.6912663+03:00" endTime="2026-05-01T13:51:49.6914073+03:00" testType="13cdc9d9-ddb5-4fa4-a97d-d965ccfc6d4b" outcome="Passed" testListId="8c84fa94-04c1-424b-9868-57a2d4851a1d" relativeResultsDirectory="812ee893-02fb-49a2-bea7-1f710e6ad82a" />
    <UnitTestResult executionId="d8fbb62b-3feb-4516-bd96-9c8637d910b9" testId="431a1c11-ddce-7e28-da34-bc6800a0ca60" testName="PreviousCycleCommand_WhenCalendarsAreVisible_RebuildsItemsWithoutThrowing" computerName="DESKTOP-C5LH746" duration="00:00:00.0008500" startTime="2026-05-01T13:51:49.6178620+03:00" endTime="2026-05-01T13:51:49.6187111+03:00" testType="13cdc9d9-ddb5-4fa4-a97d-d965ccfc6d4b" outcome="Passed" testListId="8c84fa94-04c1-424b-9868-57a2d4851a1d" relativeResultsDirectory="d8fbb62b-3feb-4516-bd96-9c8637d910b9" />
    <UnitTestResult executionId="46b19e28-4bf6-4ae0-937c-0c4e4f16332e" testId="30414591-0768-4306-0042-bfe9eae26114" testName="GetExpiredItems_ItemWithExpiredBatch_ReturnsExpectedItem" computerName="DESKTOP-C5LH746" duration="00:00:00.0009440" startTime="2026-05-01T13:51:48.4879429+03:00" endTime="2026-05-01T13:51:48.4888864+03:00" testType="13cdc9d9-ddb5-4fa4-a97d-d965ccfc6d4b" outcome="Passed" testListId="8c84fa94-04c1-424b-9868-57a2d4851a1d" relativeResultsDirectory="46b19e28-4bf6-4ae0-937c-0c4e4f16332e" />
    <UnitTestResult executionId="91250178-93ad-4252-b58c-153406935fbd" testId="2c8cfc81-3df5-45b9-d4bc-f90e766cbcd8" testName="UpdateBasketItemQuantity_WhenQuantityIsZero_RemovesItemFromBasket" computerName="DESKTOP-C5LH746" duration="00:00:00.0001660" startTime="2026-05-01T13:51:49.1198959+03:00" endTime="2026-05-01T13:51:49.1200618+03:00" testType="13cdc9d9-ddb5-4fa4-a97d-d965ccfc6d4b" outcome="Passed" testListId="8c84fa94-04c1-424b-9868-57a2d4851a1d" relativeResultsDirectory="91250178-93ad-4252-b58c-153406935fbd" />
    <UnitTestResult executionId="ed6e004e-090b-484b-9c45-962f9eb3e8ca" testId="ffbb30e2-d562-af3d-ed13-ff69105be45f" testName="ItemQuantityInBasket_SetBelowZero_ClampsToZero" computerName="DESKTOP-C5LH746" duration="00:00:00.0001960" startTime="2026-05-01T13:51:49.4113593+03:00" endTime="2026-05-01T13:51:49.4115553+03:00" testType="13cdc9d9-ddb5-4fa4-a97d-d965ccfc6d4b" outcome="Passed" testListId="8c84fa94-04c1-424b-9868-57a2d4851a1d" relativeResultsDirectory="ed6e004e-090b-484b-9c45-962f9eb3e8ca" />
    <UnitTestResult executionId="348cc1f9-6d83-4224-a792-bcbfab61ccad" testId="fc33fb02-6bb3-9ea3-40f1-6525d7c27077" testName="AddToBasketCommand_WhenExecuted_AddsCurrentItemWithDefaultQuantityAndDiscount" computerName="DESKTOP-C5LH746" duration="00:00:00.0038160" startTime="2026-05-01T13:51:49.5073270+03:00" endTime="2026-05-01T13:51:49.5111425+03:00" testType="13cdc9d9-ddb5-4fa4-a97d-d965ccfc6d4b" outcome="Passed" testListId="8c84fa94-04c1-424b-9868-57a2d4851a1d" relativeResultsDirectory="348cc1f9-6d83-4224-a792-bcbfab61ccad" />
    <UnitTestResult executionId="2f5d03e1-7d51-4fc8-afa7-4531a35d084f" testId="f8d205a0-7c5a-ebbb-710e-2e94202f3ac0" testName="GetItems_PriceRangeMaxIsNegative_ThrowsArgumentException" computerName="DESKTOP-C5LH746" duration="00:00:00.0007760" startTime="2026-05-01T13:51:49.6526997+03:00" endTime="2026-05-01T13:51:49.6534754+03:00" testType="13cdc9d9-ddb5-4fa4-a97d-d965ccfc6d4b" outcome="Passed" testListId="8c84fa94-04c1-424b-9868-57a2d4851a1d" relativeResultsDirectory="2f5d03e1-7d51-4fc8-afa7-4531a35d084f" />
    <UnitTestResult executionId="4dedbefe-b006-4887-b053-c1c6d836e992" testId="637a78f3-9734-4a88-0347-43a657958597" testName="CalculatePeriodTracker_WhenPremenstrualSyndromeOptionIsModerate_ComputesPmsDatesWithinExpectedRangeAndText" computerName="DESKTOP-C5LH746" duration="00:00:00.0001360" startTime="2026-05-01T13:51:49.5047600+03:00" endTime="2026-05-01T13:51:49.5048959+03:00" testType="13cdc9d9-ddb5-4fa4-a97d-d965ccfc6d4b" outcome="Passed" testListId="8c84fa94-04c1-424b-9868-57a2d4851a1d" relativeResultsDirectory="4dedbefe-b006-4887-b053-c1c6d836e992" />
    <UnitTestResult executionId="c18d771e-6ac4-47ad-9af3-8ec6c9cea57f" testId="35b33be6-bf5b-5916-01af-3069f2395b37" testName="ChangePassword_WhenNotLoggedIn_ThrowsException" computerName="DESKTOP-C5LH746" duration="00:00:00.0010850" startTime="2026-05-01T13:51:49.2062051+03:00" endTime="2026-05-01T13:51:49.2072897+03:00" testType="13cdc9d9-ddb5-4fa4-a97d-d965ccfc6d4b" outcome="Passed" testListId="8c84fa94-04c1-424b-9868-57a2d4851a1d" relativeResultsDirectory="c18d771e-6ac4-47ad-9af3-8ec6c9cea57f" />
    <UnitTestResult executionId="e9106067-8c04-4d4e-b256-c34be040d702" testId="e01599d7-e485-d166-16d1-057fa01cc4b8" testName="Logout_AfterSuccessfulLogin_ClearsCurrentUser" computerName="DESKTOP-C5LH746" duration="00:00:00.0119139" startTime="2026-05-01T13:51:49.2959350+03:00" endTime="2026-05-01T13:51:49.3078485+03:00" testType="13cdc9d9-ddb5-4fa4-a97d-d965ccfc6d4b" outcome="Passed" testListId="8c84fa94-04c1-424b-9868-57a2d4851a1d" relativeResultsDirectory="e9106067-8c04-4d4e-b256-c34be040d702" />
    <UnitTestResult executionId="82e9ef80-4cd9-454d-ab8b-094bf7daf0f9" testId="a40cb7d5-90ae-86ac-2db5-78426265480a" testName="DiscountDisplay_ItemIsNull_ReturnsEmptyString" computerName="DESKTOP-C5LH746" duration="00:00:00.0001580" startTime="2026-05-01T13:51:49.6807073+03:00" endTime="2026-05-01T13:51:49.6808656+03:00" testType="13cdc9d9-ddb5-4fa4-a97d-d965ccfc6d4b" outcome="Passed" testListId="8c84fa94-04c1-424b-9868-57a2d4851a1d" relativeResultsDirectory="82e9ef80-4cd9-454d-ab8b-094bf7daf0f9" />
    <UnitTestResult executionId="a203af9c-441a-41ee-9b7a-36dd21d27e4f" testId="47822c4d-d6fe-a3af-d6c5-4c8686c50610" testName="UpdateProfile_WithEmptyUsername_UsesEmailLocalPartAsUsername" computerName="DESKTOP-C5LH746" duration="00:00:00.0102530" startTime="2026-05-01T13:51:49.3216017+03:00" endTime="2026-05-01T13:51:49.3318543+03:00" testType="13cdc9d9-ddb5-4fa4-a97d-d965ccfc6d4b" outcome="Passed" testListId="8c84fa94-04c1-424b-9868-57a2d4851a1d" relativeResultsDirectory="a203af9c-441a-41ee-9b7a-36dd21d27e4f" />
    <UnitTestResult executionId="15c4b11f-c2de-4ebb-a13e-ba2c611abbbf" testId="fe5d7c2f-eabd-4d1b-603e-da967e391f83" testName="CompleteOrder_WhenStockInsufficient_ThrowsArgumentException" computerName="DESKTOP-C5LH746" duration="00:00:00.0012080" startTime="2026-05-01T13:51:49.0666635+03:00" endTime="2026-05-01T13:51:49.0678716+03:00" testType="13cdc9d9-ddb5-4fa4-a97d-d965ccfc6d4b" outcome="Passed" testListId="8c84fa94-04c1-424b-9868-57a2d4851a1d" relativeResultsDirectory="15c4b11f-c2de-4ebb-a13e-ba2c611abbbf" />
    <UnitTestResult executionId="235e1c03-d3b5-4149-b5c5-174d63e637ed" testId="fe942ab9-6ae2-43ec-4ea8-b58ff9bec9bf" testName="StockText_StockIsHigh_ReturnsInStock" computerName="DESKTOP-C5LH746" duration="00:00:00.0004250" startTime="2026-05-01T13:51:49.6872902+03:00" endTime="2026-05-01T13:51:49.6877147+03:00" testType="13cdc9d9-ddb5-4fa4-a97d-d965ccfc6d4b" outcome="Passed" testListId="8c84fa94-04c1-424b-9868-57a2d4851a1d" relativeResultsDirectory="235e1c03-d3b5-4149-b5c5-174d63e637ed" />
    <UnitTestResult executionId="592ee0ba-8b8b-4c2d-a0b6-a8e0fc697639" testId="e36c466c-fb92-ce5c-fe4f-181244c458db" testName="GetBasketItems_ItemWithUserDiscount_AppliesUserDiscountToViewModel" computerName="DESKTOP-C5LH746" duration="00:00:00.0004260" startTime="2026-05-01T13:51:49.4544870+03:00" endTime="2026-05-01T13:51:49.4549130+03:00" testType="13cdc9d9-ddb5-4fa4-a97d-d965ccfc6d4b" outcome="Passed" testListId="8c84fa94-04c1-424b-9868-57a2d4851a1d" relativeResultsDirectory="592ee0ba-8b8b-4c2d-a0b6-a8e0fc697639" />
    <UnitTestResult executionId="f072ea49-e2a7-44d6-bbe6-5bb1bd796a06" testId="b9a99f2d-7e04-cde6-ba38-bbaf163b7b5c" testName="Login_WithInvalidEmailFormat_ThrowsException" computerName="DESKTOP-C5LH746" duration="00:00:00.0006790" startTime="2026-05-01T13:51:49.2710827+03:00" endTime="2026-05-01T13:51:49.2717610+03:00" testType="13cdc9d9-ddb5-4fa4-a97d-d965ccfc6d4b" outcome="Passed" testListId="8c84fa94-04c1-424b-9868-57a2d4851a1d" relativeResultsDirectory="f072ea49-e2a7-44d6-bbe6-5bb1bd796a06" />
    <UnitTestResult executionId="7763d46f-7225-4893-aa2b-9b015c6ad815" testId="c08d0f2c-3510-c82a-f03d-232b5d1f5713" testName="ProducerText_ItemIsNull_ReturnsEmptyString" computerName="DESKTOP-C5LH746" duration="00:00:00.0002110" startTime="2026-05-01T13:51:49.6849686+03:00" endTime="2026-05-01T13:51:49.6851794+03:00" testType="13cdc9d9-ddb5-4fa4-a97d-d965ccfc6d4b" outcome="Passed" testListId="8c84fa94-04c1-424b-9868-57a2d4851a1d" relativeResultsDirectory="7763d46f-7225-4893-aa2b-9b015c6ad815" />
    <UnitTestResult executionId="d01a3f28-63f4-46d9-b224-bd066f530859" testId="70973818-b256-62b1-0a86-624639866197" testName="UpdateNote_WhenCurrentUserIsNull_DoesNothing" computerName="DESKTOP-C5LH746" duration="00:00:00.0005330" startTime="2026-05-01T13:51:49.4947468+03:00" endTime="2026-05-01T13:51:49.4952792+03:00" testType="13cdc9d9-ddb5-4fa4-a97d-d965ccfc6d4b" outcome="Passed" testListId="8c84fa94-04c1-424b-9868-57a2d4851a1d" relativeResultsDirectory="d01a3f28-63f4-46d9-b224-bd066f530859" />
    <UnitTestResult executionId="e4ef7295-2326-4728-b77b-90bf6c189d76" testId="540578f3-8208-611d-c31e-ae03bb0d43a4" testName="AddNoteCommand_WhenNotesAlreadyAtMaximum_UpdatesAddNoteAvailability" computerName="DESKTOP-C5LH746" duration="00:00:00.0012410" startTime="2026-05-01T13:51:49.5987077+03:00" endTime="2026-05-01T13:51:49.5999488+03:00" testType="13cdc9d9-ddb5-4fa4-a97d-d965ccfc6d4b" outcome="Passed" testListId="8c84fa94-04c1-424b-9868-57a2d4851a1d" relativeResultsDirectory="e4ef7295-2326-4728-b77b-90bf6c189d76" />
    <UnitTestResult executionId="13bd2924-89f1-4391-a626-16f5d2d646f2" testId="c7ca193d-e627-b18e-4b7e-c046beb396dd" testName="SetFinalPrices_UpdatesFinalPriceAfterDiscount" computerName="DESKTOP-C5LH746" duration="00:00:00.0000960" startTime="2026-05-01T13:51:49.4125756+03:00" endTime="2026-05-01T13:51:49.4126715+03:00" testType="13cdc9d9-ddb5-4fa4-a97d-d965ccfc6d4b" outcome="Passed" testListId="8c84fa94-04c1-424b-9868-57a2d4851a1d" relativeResultsDirectory="13bd2924-89f1-4391-a626-16f5d2d646f2" />
    <UnitTestResult executionId="98cc10b7-51a2-4a7c-957e-e0e59e98ef8c" testId="33c68219-5274-ba3f-3f90-95fa0a8597a3" testName="Constructor_WhenTrackerExistsOutsideMenstrualPhase_BuildsItemsWithNoExtraDiscount" computerName="DESKTOP-C5LH746" duration="00:00:00.0008500" startTime="2026-05-01T13:51:49.6129083+03:00" endTime="2026-05-01T13:51:49.6137574+03:00" testType="13cdc9d9-ddb5-4fa4-a97d-d965ccfc6d4b" outcome="Passed" testListId="8c84fa94-04c1-424b-9868-57a2d4851a1d" relativeResultsDirectory="98cc10b7-51a2-4a7c-957e-e0e59e98ef8c" />
    <UnitTestResult executionId="9d5839db-5975-4d9c-a7f2-a16bef15b6b5" testId="05eba958-d752-c446-2261-37ebc9d30bbc" testName="GetWellnessItems_WhenCategoryCaseDiffers_MatchesIgnoringCase" computerName="DESKTOP-C5LH746" duration="00:00:00.0005509" startTime="2026-05-01T13:51:49.4991481+03:00" endTime="2026-05-01T13:51:49.4996983+03:00" testType="13cdc9d9-ddb5-4fa4-a97d-d965ccfc6d4b" outcome="Passed" testListId="8c84fa94-04c1-424b-9868-57a2d4851a1d" relativeResultsDirectory="9d5839db-5975-4d9c-a7f2-a16bef15b6b5" />
    <UnitTestResult executionId="0f768de5-8f4e-40f2-935f-80fa2ff72bf8" testId="ca9627ee-49c9-587a-da3d-c46e058352a7" testName="GetNotificationsForUser_AdminWithNoExpiredBatch_ReturnsNoExpiredNotifications" computerName="DESKTOP-C5LH746" duration="00:00:00.0011540" startTime="2026-05-01T13:51:48.5065309+03:00" endTime="2026-05-01T13:51:48.5076846+03:00" testType="13cdc9d9-ddb5-4fa4-a97d-d965ccfc6d4b" outcome="Passed" testListId="8c84fa94-04c1-424b-9868-57a2d4851a1d" relativeResultsDirectory="0f768de5-8f4e-40f2-935f-80fa2ff72bf8" />
    <UnitTestResult executionId="b8f7297a-8853-44cd-a799-d88e551a732a" testId="ed314da1-b2cc-6574-bb58-9be1024368f8" testName="RemoveFromBasket_WhenItemNotInBasket_ThrowsArgumentException" computerName="DESKTOP-C5LH746" duration="00:00:00.0024430" startTime="2026-05-01T13:51:49.1126664+03:00" endTime="2026-05-01T13:51:49.1151089+03:00" testType="13cdc9d9-ddb5-4fa4-a97d-d965ccfc6d4b" outcome="Passed" testListId="8c84fa94-04c1-424b-9868-57a2d4851a1d" relativeResultsDirectory="b8f7297a-8853-44cd-a799-d88e551a732a" />
    <UnitTestResult executionId="ccbdf4e7-77c7-432a-82b3-7cd2108be3ff" testId="e16e2bea-da30-223b-d0f2-7fe16f503516" testName="ValidateItemForAdd_EmptyName_ThrowsArgumentException" computerName="DESKTOP-C5LH746" duration="00:00:00.0003020" startTime="2026-05-01T13:51:48.5600482+03:00" endTime="2026-05-01T13:51:48.5603496+03:00" testType="13cdc9d9-ddb5-4fa4-a97d-d965ccfc6d4b" outcome="Passed" testListId="8c84fa94-04c1-424b-9868-57a2d4851a1d" relativeResultsDirectory="ccbdf4e7-77c7-432a-82b3-7cd2108be3ff" />
    <UnitTestResult executionId="44b2f64c-68a5-43db-ae6f-fa42c134abea" testId="e3e9e55a-f2ec-969c-c426-8613437ca6c1" testName="IsAdminDashboardVisible_UserIsAdmin_ReturnsTrue" computerName="DESKTOP-C5LH746" duration="00:00:00.0001450" startTime="2026-05-01T13:51:49.6415878+03:00" endTime="2026-05-01T13:51:49.6417325+03:00" testType="13cdc9d9-ddb5-4fa4-a97d-d965ccfc6d4b" outcome="Passed" testListId="8c84fa94-04c1-424b-9868-57a2d4851a1d" relativeResultsDirectory="44b2f64c-68a5-43db-ae6f-fa42c134abea" />
    <UnitTestResult executionId="7d68e81f-71eb-4747-9ff0-520b1556211a" testId="37651cfd-173f-dcdf-f5da-0c76bc7815fe" testName="Constructor_SetsTotalPriceString" computerName="DESKTOP-C5LH746" duration="00:00:00.0022980" startTime="2026-05-01T13:51:49.4183782+03:00" endTime="2026-05-01T13:51:49.4206763+03:00" testType="13cdc9d9-ddb5-4fa4-a97d-d965ccfc6d4b" outcome="Passed" testListId="8c84fa94-04c1-424b-9868-57a2d4851a1d" relativeResultsDirectory="7d68e81f-71eb-4747-9ff0-520b1556211a" />
    <UnitTestResult executionId="ac788f65-afc5-4333-b485-f8be158bfce7" testId="f9cb8db7-b8d6-672b-d683-d18927b66451" testName="GetItems_StockIsZero_LowStockFilterExcludesIt" computerName="DESKTOP-C5LH746" duration="00:00:00.0003170" startTime="2026-05-01T13:51:49.6761942+03:00" endTime="2026-05-01T13:51:49.6765112+03:00" testType="13cdc9d9-ddb5-4fa4-a97d-d965ccfc6d4b" outcome="Passed" testListId="8c84fa94-04c1-424b-9868-57a2d4851a1d" relativeResultsDirectory="ac788f65-afc5-4333-b485-f8be158bfce7" />
    <UnitTestResult executionId="6c05d933-3772-4bca-be32-75f42a42e522" testId="0a72e0b9-a064-4ee3-6079-d1cc62cb90b8" testName="RegisterCommand_WhenServiceThrows_DoesNotFireRegisterSuccededEvent" computerName="DESKTOP-C5LH746" duration="00:00:00.0009900" startTime="2026-05-01T13:51:49.4070944+03:00" endTime="2026-05-01T13:51:49.4080844+03:00" testType="13cdc9d9-ddb5-4fa4-a97d-d965ccfc6d4b" outcome="Passed" testListId="8c84fa94-04c1-424b-9868-57a2d4851a1d" relativeResultsDirectory="6c05d933-3772-4bca-be32-75f42a42e522" />
    <UnitTestResult executionId="1c5bc35c-349a-4c83-aa2f-7a50f47411d3" testId="48a1e835-3723-d2a4-4a16-fe1752e88252" testName="CancelChanges_AfterModifyingUsername_RestoresOriginalUsername" computerName="DESKTOP-C5LH746" duration="00:00:00.0028240" startTime="2026-05-01T13:51:49.3829015+03:00" endTime="2026-05-01T13:51:49.3857250+03:00" testType="13cdc9d9-ddb5-4fa4-a97d-d965ccfc6d4b" outcome="Passed" testListId="8c84fa94-04c1-424b-9868-57a2d4851a1d" relativeResultsDirectory="1c5bc35c-349a-4c83-aa2f-7a50f47411d3" />
    <UnitTestResult executionId="4f275912-6310-4178-a688-69586e677a0d" testId="3ec3f6f1-7bda-2d14-7915-4659e30e9378" testName="Disable_WhenServiceThrows_SetsErrorMessage" computerName="DESKTOP-C5LH746" duration="00:00:00.0025710" startTime="2026-05-01T13:51:49.3656933+03:00" endTime="2026-05-01T13:51:49.3682637+03:00" testType="13cdc9d9-ddb5-4fa4-a97d-d965ccfc6d4b" outcome="Passed" testListId="8c84fa94-04c1-424b-9868-57a2d4851a1d" relativeResultsDirectory="4f275912-6310-4178-a688-69586e677a0d" />
    <UnitTestResult executionId="78f08980-a43c-4fc0-be36-5cbc853e946c" testId="da4deb2f-1807-c0d0-bbaa-9e9ee344a49c" testName="Constructor_NegativeQuantity_ClampsToZero" computerName="DESKTOP-C5LH746" duration="00:00:00.0002220" startTime="2026-05-01T13:51:49.4093630+03:00" endTime="2026-05-01T13:51:49.4095852+03:00" testType="13cdc9d9-ddb5-4fa4-a97d-d965ccfc6d4b" outcome="Passed" testListId="8c84fa94-04c1-424b-9868-57a2d4851a1d" relativeResultsDirectory="78f08980-a43c-4fc0-be36-5cbc853e946c" />
    <UnitTestResult executionId="fb0828d8-7079-430a-b30a-0e46863717c7" testId="b93f55d4-958e-7427-7cf3-ad6d7498d6ef" testName="UpdateBasketItemQuantity_WhenQuantityIsNegative_RemovesItemFromBasket" computerName="DESKTOP-C5LH746" duration="00:00:00.0003610" startTime="2026-05-01T13:51:49.1195109+03:00" endTime="2026-05-01T13:51:49.1198714+03:00" testType="13cdc9d9-ddb5-4fa4-a97d-d965ccfc6d4b" outcome="Passed" testListId="8c84fa94-04c1-424b-9868-57a2d4851a1d" relativeResultsDirectory="fb0828d8-7079-430a-b30a-0e46863717c7" />
    <UnitTestResult executionId="2392bf02-ef70-4c74-b175-dee737284694" testId="cd03eee9-652e-ed5d-4df6-76c31daf2538" testName="GetNotificationsForUser_StockAlertNotificationContainsProductDetails_MessageContainsAllExpectedDetails" computerName="DESKTOP-C5LH746" duration="00:00:00.0094220" startTime="2026-05-01T13:51:48.5111191+03:00" endTime="2026-05-01T13:51:48.5205397+03:00" testType="13cdc9d9-ddb5-4fa4-a97d-d965ccfc6d4b" outcome="Passed" testListId="8c84fa94-04c1-424b-9868-57a2d4851a1d" relativeResultsDirectory="2392bf02-ef70-4c74-b175-dee737284694" />
    <UnitTestResult executionId="420543da-55f8-44a2-b1e2-6654cb7cb748" testId="9f8d1ed9-6799-e335-d55f-6fc3b1518bf1" testName="DeleteNote_WhenNoteDoesNotExist_DoesNotPersistUser" computerName="DESKTOP-C5LH746" duration="00:00:00.0006460" startTime="2026-05-01T13:51:49.4873346+03:00" endTime="2026-05-01T13:51:49.4879808+03:00" testType="13cdc9d9-ddb5-4fa4-a97d-d965ccfc6d4b" outcome="Passed" testListId="8c84fa94-04c1-424b-9868-57a2d4851a1d" relativeResultsDirectory="420543da-55f8-44a2-b1e2-6654cb7cb748" />
    <UnitTestResult executionId="3b8d412e-91c5-4a0b-b541-cbceb82b7f7f" testId="01894fe4-4243-9c14-a9d6-c00be6d3bf3a" testName="Constructor_CalculatesTotalPriceCorrectly" computerName="DESKTOP-C5LH746" duration="00:00:00.0028220" startTime="2026-05-01T13:51:49.4641334+03:00" endTime="2026-05-01T13:51:49.4669554+03:00" testType="13cdc9d9-ddb5-4fa4-a97d-d965ccfc6d4b" outcome="Passed" testListId="8c84fa94-04c1-424b-9868-57a2d4851a1d" relativeResultsDirectory="3b8d412e-91c5-4a0b-b541-cbceb82b7f7f" />
    <UnitTestResult executionId="4d98db08-fe99-4afd-8252-7ac21bed381b" testId="70d98235-5e29-a119-6cc7-26dd4d59a2d9" testName="IsCorrectPasswordFormat_WithNoDigit_ReturnsFalse" computerName="DESKTOP-C5LH746" duration="00:00:00.0002420" startTime="2026-05-01T13:51:49.3514378+03:00" endTime="2026-05-01T13:51:49.3516802+03:00" testType="13cdc9d9-ddb5-4fa4-a97d-d965ccfc6d4b" outcome="Passed" testListId="8c84fa94-04c1-424b-9868-57a2d4851a1d" relativeResultsDirectory="4d98db08-fe99-4afd-8252-7ac21bed381b" />
    <UnitTestResult executionId="cfb91052-3c80-4716-9cc1-ef2fba308d91" testId="940d6ac0-02d6-81c4-9602-a629e30244d1" testName="GetExpiredItems_WhenExpiredExists_ReturnsItems" computerName="DESKTOP-C5LH746" duration="00:00:00.0010880" startTime="2026-05-01T13:51:49.0174642+03:00" endTime="2026-05-01T13:51:49.0185517+03:00" testType="13cdc9d9-ddb5-4fa4-a97d-d965ccfc6d4b" outcome="Passed" testListId="8c84fa94-04c1-424b-9868-57a2d4851a1d" relativeResultsDirectory="cfb91052-3c80-4716-9cc1-ef2fba308d91" />
    <UnitTestResult executionId="1cd8523d-f48c-4fa8-a357-903bcdb89e77" testId="b77b6ec5-6553-e999-780f-06250cdc84f3" testName="GetItems_StockFilterInStock_ExcludesOutOfStockItems" computerName="DESKTOP-C5LH746" duration="00:00:00.0004870" startTime="2026-05-01T13:51:49.6748924+03:00" endTime="2026-05-01T13:51:49.6753793+03:00" testType="13cdc9d9-ddb5-4fa4-a97d-d965ccfc6d4b" outcome="Passed" testListId="8c84fa94-04c1-424b-9868-57a2d4851a1d" relativeResultsDirectory="1cd8523d-f48c-4fa8-a357-903bcdb89e77" />
    <UnitTestResult executionId="93d124d6-bef2-43cf-82b2-346f4904a662" testId="048e966b-d0fe-267f-f374-61d5f819f330" testName="AddItemWithQuantity_InvalidItem_DoesNotThrowBecauseExceptionIsCaught" computerName="DESKTOP-C5LH746" duration="00:00:00.0005970" startTime="2026-05-01T13:51:48.4606821+03:00" endTime="2026-05-01T13:51:48.4612791+03:00" testType="13cdc9d9-ddb5-4fa4-a97d-d965ccfc6d4b" outcome="Passed" testListId="8c84fa94-04c1-424b-9868-57a2d4851a1d" relativeResultsDirectory="93d124d6-bef2-43cf-82b2-346f4904a662">
      <Output>
        <StdOut>Error adding item: Invalid item data. Please check the input and try again.</StdOut>
      </Output>
    </UnitTestResult>
    <UnitTestResult executionId="3396f6ed-d56b-4b5e-b6c4-c9cb46ef49e8" testId="cc094b82-7284-11f7-590e-70312308accf" testName="GetBasketItems_ItemWithUnrecognisedPath_ReturnsFallbackLogoPath" computerName="DESKTOP-C5LH746" duration="00:00:00.0003520" startTime="2026-05-01T13:51:49.4541247+03:00" endTime="2026-05-01T13:51:49.4544764+03:00" testType="13cdc9d9-ddb5-4fa4-a97d-d965ccfc6d4b" outcome="Passed" testListId="8c84fa94-04c1-424b-9868-57a2d4851a1d" relativeResultsDirectory="3396f6ed-d56b-4b5e-b6c4-c9cb46ef49e8" />
    <UnitTestResult executionId="6ef1b9aa-3347-498f-b3f2-cb616b8bd0e5" testId="9587a8c9-fd86-5b02-a5fc-d8e0d6e9192a" testName="GetItem_ValidIdentifier_ReturnsItemFromRealDatabase" computerName="DESKTOP-C5LH746" duration="00:00:00.0062899" startTime="2026-05-01T13:51:49.1653098+03:00" endTime="2026-05-01T13:51:49.1715989+03:00" testType="13cdc9d9-ddb5-4fa4-a97d-d965ccfc6d4b" outcome="Passed" testListId="8c84fa94-04c1-424b-9868-57a2d4851a1d" relativeResultsDirectory="6ef1b9aa-3347-498f-b3f2-cb616b8bd0e5" />
    <UnitTestResult executionId="752bd769-ab9d-4926-8e5b-b5a86c2db290" testId="05e32226-d032-af66-3ce1-6b16739cfc2e" testName="GetNotes_WhenCurrentUserIsNull_ReturnsEmptyDictionary" computerName="DESKTOP-C5LH746" duration="00:00:00.0001960" startTime="2026-05-01T13:51:49.4906421+03:00" endTime="2026-05-01T13:51:49.4908376+03:00" testType="13cdc9d9-ddb5-4fa4-a97d-d965ccfc6d4b" outcome="Passed" testListId="8c84fa94-04c1-424b-9868-57a2d4851a1d" relativeResultsDirectory="752bd769-ab9d-4926-8e5b-b5a86c2db290" />
    <UnitTestResult executionId="053e12f0-d7df-4bd9-befa-3977a4ff7173" testId="a01c1178-9f86-3ed4-8eed-5004de20848d" testName="FinalPriceDisplay_ItemHasDiscount_ReturnsDiscountedPriceString" computerName="DESKTOP-C5LH746" duration="00:00:00.0002070" startTime="2026-05-01T13:51:49.6809825+03:00" endTime="2026-05-01T13:51:49.6811898+03:00" testType="13cdc9d9-ddb5-4fa4-a97d-d965ccfc6d4b" outcome="Passed" testListId="8c84fa94-04c1-424b-9868-57a2d4851a1d" relativeResultsDirectory="053e12f0-d7df-4bd9-befa-3977a4ff7173" />
    <UnitTestResult executionId="9411057e-c136-4cb1-8bbb-d8ae70eba5f9" testId="575881de-bead-f400-3109-6f4865af9cb4" testName="CalculatePeriodTracker_WhenTodayIsAfterOvulationBeforeNextPeriod_SetsCurrentPhaseToLutealPhase" computerName="DESKTOP-C5LH746" duration="00:00:00.0000820" startTime="2026-05-01T13:51:49.5053707+03:00" endTime="2026-05-01T13:51:49.5054525+03:00" testType="13cdc9d9-ddb5-4fa4-a97d-d965ccfc6d4b" outcome="Passed" testListId="8c84fa94-04c1-424b-9868-57a2d4851a1d" relativeResultsDirectory="9411057e-c136-4cb1-8bbb-d8ae70eba5f9" />
    <UnitTestResult executionId="5af3fc10-56ec-4b52-9ab7-129022a967d3" testId="645cdb2d-48c2-7c02-0a5b-3d445e70887a" testName="UpdateNote_WhenNoteBodyIsNull_PersistsUser" computerName="DESKTOP-C5LH746" duration="00:00:00.0008590" startTime="2026-05-01T13:51:49.4952943+03:00" endTime="2026-05-01T13:51:49.4961531+03:00" testType="13cdc9d9-ddb5-4fa4-a97d-d965ccfc6d4b" outcome="Passed" testListId="8c84fa94-04c1-424b-9868-57a2d4851a1d" relativeResultsDirectory="5af3fc10-56ec-4b52-9ab7-129022a967d3" />
    <UnitTestResult executionId="2ae9f706-ca2f-4b7d-9496-f49bbfd7cdbd" testId="94e22bf8-08ee-8b88-8bf5-24c42aff4843" testName="GetItems_NullSortBy_ReturnsItemsInOriginalOrder" computerName="DESKTOP-C5LH746" duration="00:00:00.0003050" startTime="2026-05-01T13:51:49.6486279+03:00" endTime="2026-05-01T13:51:49.6489326+03:00" testType="13cdc9d9-ddb5-4fa4-a97d-d965ccfc6d4b" outcome="Passed" testListId="8c84fa94-04c1-424b-9868-57a2d4851a1d" relativeResultsDirectory="2ae9f706-ca2f-4b7d-9496-f49bbfd7cdbd" />
    <UnitTestResult executionId="39bd0fd7-345f-4291-958a-1e397504033b" testId="a675531e-1dfa-ed43-b101-6a51876fd75f" testName="ItemQuantityInBasket_SetToNewValue_AlsoRaisesQuantityStringChanged" computerName="DESKTOP-C5LH746" duration="00:00:00.0002960" startTime="2026-05-01T13:51:49.4115678+03:00" endTime="2026-05-01T13:51:49.4118636+03:00" testType="13cdc9d9-ddb5-4fa4-a97d-d965ccfc6d4b" outcome="Passed" testListId="8c84fa94-04c1-424b-9868-57a2d4851a1d" relativeResultsDirectory="39bd0fd7-345f-4291-958a-1e397504033b" />
    <UnitTestResult executionId="23234915-5865-4d57-b797-c7f683a23f21" testId="420cae9a-482f-2571-a09c-32d521886764" testName="UpdateSubstance_ValidSubstance_CallsRepository" computerName="DESKTOP-C5LH746" duration="00:00:00.0014380" startTime="2026-05-01T13:51:48.5581543+03:00" endTime="2026-05-01T13:51:48.5595915+03:00" testType="13cdc9d9-ddb5-4fa4-a97d-d965ccfc6d4b" outcome="Passed" testListId="8c84fa94-04c1-424b-9868-57a2d4851a1d" relativeResultsDirectory="23234915-5865-4d57-b797-c7f683a23f21" />
    <UnitTestResult executionId="45e53c1c-85c3-4b44-a74a-48f52f9291cc" testId="d91ba45f-cfab-8f21-a7eb-2b65e85aa785" testName="GetItems_SearchNoMatch_ReturnsEmptyCount" computerName="DESKTOP-C5LH746" duration="00:00:00.0003320" startTime="2026-05-01T13:51:49.6560067+03:00" endTime="2026-05-01T13:51:49.6563388+03:00" testType="13cdc9d9-ddb5-4fa4-a97d-d965ccfc6d4b" outcome="Passed" testListId="8c84fa94-04c1-424b-9868-57a2d4851a1d" relativeResultsDirectory="45e53c1c-85c3-4b44-a74a-48f52f9291cc" />
    <UnitTestResult executionId="57cd67e2-76e5-4f22-bf2f-1b0f202a5760" testId="ede0d7d6-df56-c7f6-a320-35a70e500296" testName="RegisterCommand_WhenServiceThrows_SetsErrorMessage" computerName="DESKTOP-C5LH746" duration="00:00:00.0010690" startTime="2026-05-01T13:51:49.4081151+03:00" endTime="2026-05-01T13:51:49.4091834+03:00" testType="13cdc9d9-ddb5-4fa4-a97d-d965ccfc6d4b" outcome="Passed" testListId="8c84fa94-04c1-424b-9868-57a2d4851a1d" relativeResultsDirectory="57cd67e2-76e5-4f22-bf2f-1b0f202a5760" />
    <UnitTestResult executionId="5d6c861d-fd8d-4c10-af41-623a6c04e92b" testId="31881278-6678-c922-0cb3-49124421a862" testName="Constructor_WhenTrackerExistsButNoItems_HidesShop" computerName="DESKTOP-C5LH746" duration="00:00:00.0005770" startTime="2026-05-01T13:51:49.6123154+03:00" endTime="2026-05-01T13:51:49.6128927+03:00" testType="13cdc9d9-ddb5-4fa4-a97d-d965ccfc6d4b" outcome="Passed" testListId="8c84fa94-04c1-424b-9868-57a2d4851a1d" relativeResultsDirectory="5d6c861d-fd8d-4c10-af41-623a6c04e92b" />
    <UnitTestResult executionId="6a1881c4-97b3-4971-bad1-57661bb43178" testId="75e49be4-c7a6-6869-60bd-7c5d1b694d34" testName="RemoveItemCommand_AfterRemoval_RaisesEventWithRemainingQuantity" computerName="DESKTOP-C5LH746" duration="00:00:00.0013590" startTime="2026-05-01T13:51:49.4303881+03:00" endTime="2026-05-01T13:51:49.4317472+03:00" testType="13cdc9d9-ddb5-4fa4-a97d-d965ccfc6d4b" outcome="Passed" testListId="8c84fa94-04c1-424b-9868-57a2d4851a1d" relativeResultsDirectory="6a1881c4-97b3-4971-bad1-57661bb43178" />
    <UnitTestResult executionId="cb7284fe-7535-440d-a6f7-1f7c6deafb0b" testId="393e04e7-b4aa-3f58-fd28-26f237c65f94" testName="GetNotificationsForUser_ExpiredNotificationBodyContainsProductId_ReturnsSingleNotification" computerName="DESKTOP-C5LH746" duration="00:00:00.0006950" startTime="2026-05-01T13:51:48.5085633+03:00" endTime="2026-05-01T13:51:48.5092576+03:00" testType="13cdc9d9-ddb5-4fa4-a97d-d965ccfc6d4b" outcome="Passed" testListId="8c84fa94-04c1-424b-9868-57a2d4851a1d" relativeResultsDirectory="cb7284fe-7535-440d-a6f7-1f7c6deafb0b" />
    <UnitTestResult executionId="0a537018-d3a3-4976-9ecc-11a2464d48f6" testId="1f723bca-fb30-7864-3526-5a344405dd60" testName="TryAddToBasketrealOrderService_ReturnsSuccessTrue" computerName="DESKTOP-C5LH746" duration="00:00:00.0040630" startTime="2026-05-01T13:51:49.0011940+03:00" endTime="2026-05-01T13:51:49.0052566+03:00" testType="13cdc9d9-ddb5-4fa4-a97d-d965ccfc6d4b" outcome="Passed" testListId="8c84fa94-04c1-424b-9868-57a2d4851a1d" relativeResultsDirectory="0a537018-d3a3-4976-9ecc-11a2464d48f6" />
    <UnitTestResult executionId="d742b26f-a91d-4b97-b4a2-e5ab469fd497" testId="4a6f30b2-e1d9-2290-7f5c-55baed2ba75f" testName="Promote_WhenServiceThrows_SetsErrorMessage" computerName="DESKTOP-C5LH746" duration="00:00:00.0022060" startTime="2026-05-01T13:51:49.3714347+03:00" endTime="2026-05-01T13:51:49.3736400+03:00" testType="13cdc9d9-ddb5-4fa4-a97d-d965ccfc6d4b" outcome="Passed" testListId="8c84fa94-04c1-424b-9868-57a2d4851a1d" relativeResultsDirectory="d742b26f-a91d-4b97-b4a2-e5ab469fd497" />
    <UnitTestResult executionId="ee5026f1-bd88-4303-88c8-1185d2f3ea7a" testId="dc74df18-044c-c4cf-f29b-1561f5037de7" testName="IsCorrectEmailFormat_WithEmptyEmail_ReturnsFalse" computerName="DESKTOP-C5LH746" duration="00:00:00.0001850" startTime="2026-05-01T13:51:49.3506309+03:00" endTime="2026-05-01T13:51:49.3508161+03:00" testType="13cdc9d9-ddb5-4fa4-a97d-d965ccfc6d4b" outcome="Passed" testListId="8c84fa94-04c1-424b-9868-57a2d4851a1d" relativeResultsDirectory="ee5026f1-bd88-4303-88c8-1185d2f3ea7a" />
    <UnitTestResult executionId="dfab9b1f-9af4-4dfb-8579-71123ca1c421" testId="86809359-0c5f-1bab-53c5-62a34b133f3e" testName="SetFinalPrices_SameValue_DoesNotRaisePropertyChanged" computerName="DESKTOP-C5LH746" duration="00:00:00.0001430" startTime="2026-05-01T13:51:49.4124269+03:00" endTime="2026-05-01T13:51:49.4125703+03:00" testType="13cdc9d9-ddb5-4fa4-a97d-d965ccfc6d4b" outcome="Passed" testListId="8c84fa94-04c1-424b-9868-57a2d4851a1d" relativeResultsDirectory="dfab9b1f-9af4-4dfb-8579-71123ca1c421" />
    <UnitTestResult executionId="96f4fc1c-575e-48c4-a99b-b2444d315fe0" testId="22469fa0-5c82-8bfa-c407-a09913720d87" testName="Constructor_WhenItemHasOwnAndExtraDiscount_AppliesBothDiscountsSequentially" computerName="DESKTOP-C5LH746" duration="00:00:00.0006060" startTime="2026-05-01T13:51:49.5161618+03:00" endTime="2026-05-01T13:51:49.5167678+03:00" testType="13cdc9d9-ddb5-4fa4-a97d-d965ccfc6d4b" outcome="Passed" testListId="8c84fa94-04c1-424b-9868-57a2d4851a1d" relativeResultsDirectory="96f4fc1c-575e-48c4-a99b-b2444d315fe0" />
    <UnitTestResult executionId="de0b193f-fea7-431f-b292-a6f953979e3b" testId="31817db5-47ae-1797-9d96-37f4c7c78709" testName="PlaceOrderFromBasket_WhenStockInsufficient_DoesNotPlaceOrder" computerName="DESKTOP-C5LH746" duration="00:00:00.0024610" startTime="2026-05-01T13:51:49.0982154+03:00" endTime="2026-05-01T13:51:49.1006762+03:00" testType="13cdc9d9-ddb5-4fa4-a97d-d965ccfc6d4b" outcome="Passed" testListId="8c84fa94-04c1-424b-9868-57a2d4851a1d" relativeResultsDirectory="de0b193f-fea7-431f-b292-a6f953979e3b" />
    <UnitTestResult executionId="1f185bcb-3101-4a43-8d17-7cfb5226b1a2" testId="4787433d-edc8-c49f-4534-3f7701abe779" testName="UpdateItem_WhenPreviousQuantityWasAlreadyPositive_CallsRepositoryUpdate" computerName="DESKTOP-C5LH746" duration="00:00:00.0016630" startTime="2026-05-01T13:51:48.5557213+03:00" endTime="2026-05-01T13:51:48.5573839+03:00" testType="13cdc9d9-ddb5-4fa4-a97d-d965ccfc6d4b" outcome="Passed" testListId="8c84fa94-04c1-424b-9868-57a2d4851a1d" relativeResultsDirectory="1f185bcb-3101-4a43-8d17-7cfb5226b1a2" />
    <UnitTestResult executionId="d7c54e58-9ce5-41ee-afca-8dae268e21da" testId="2cecc5fd-900e-46de-0665-f0fad500bf48" testName="IsCorrectEmailFormat_WithValidEmail_ReturnsTrue" computerName="DESKTOP-C5LH746" duration="00:00:00.0000480" startTime="2026-05-01T13:51:49.3511321+03:00" endTime="2026-05-01T13:51:49.3511802+03:00" testType="13cdc9d9-ddb5-4fa4-a97d-d965ccfc6d4b" outcome="Passed" testListId="8c84fa94-04c1-424b-9868-57a2d4851a1d" relativeResultsDirectory="d7c54e58-9ce5-41ee-afca-8dae268e21da" />
    <UnitTestResult executionId="dd7b8a21-f5cf-4b86-b183-08b1488936d4" testId="005c8494-ea81-67fb-0f43-d4c6d0359db7" testName="Constructor_WhenImagePathAlreadyUsesApplicationPrefix_KeepsOriginalValue" computerName="DESKTOP-C5LH746" duration="00:00:00.0008470" startTime="2026-05-01T13:51:49.5124825+03:00" endTime="2026-05-01T13:51:49.5133293+03:00" testType="13cdc9d9-ddb5-4fa4-a97d-d965ccfc6d4b" outcome="Passed" testListId="8c84fa94-04c1-424b-9868-57a2d4851a1d" relativeResultsDirectory="dd7b8a21-f5cf-4b86-b183-08b1488936d4" />
    <UnitTestResult executionId="142ef0a8-191c-4d6a-8530-40a4cd791293" testId="1ada3a94-6a6e-6007-73e2-da253e9f4a4e" testName="SendAboutToExpireNotification_Called_ReturnsProductExpiredNotification" computerName="DESKTOP-C5LH746" duration="00:00:00.0004460" startTime="2026-05-01T13:51:48.5393297+03:00" endTime="2026-05-01T13:51:48.5397756+03:00" testType="13cdc9d9-ddb5-4fa4-a97d-d965ccfc6d4b" outcome="Passed" testListId="8c84fa94-04c1-424b-9868-57a2d4851a1d" relativeResultsDirectory="142ef0a8-191c-4d6a-8530-40a4cd791293" />
    <UnitTestResult executionId="de0d836e-2a15-48e9-9ead-a952e84da2bd" testId="1a94333e-84b4-6f0b-3493-22b2fc654d79" testName="LoadUsers_WhenServiceReturnsUsers_UpdatesUsersCollection" computerName="DESKTOP-C5LH746" duration="00:00:00.0013440" startTime="2026-05-01T13:51:49.3683276+03:00" endTime="2026-05-01T13:51:49.3696717+03:00" testType="13cdc9d9-ddb5-4fa4-a97d-d965ccfc6d4b" outcome="Passed" testListId="8c84fa94-04c1-424b-9868-57a2d4851a1d" relativeResultsDirectory="de0d836e-2a15-48e9-9ead-a952e84da2bd" />
    <UnitTestResult executionId="8c37dc84-f1e2-4c0b-b715-4c8b9294e7d7" testId="fe20276d-1b02-2a4c-85a7-92c5f9997659" testName="CompleteOrder_InsufficientStock_ThrowsArgumentException" computerName="DESKTOP-C5LH746" duration="00:00:00.0009580" startTime="2026-05-01T13:51:49.4498056+03:00" endTime="2026-05-01T13:51:49.4507637+03:00" testType="13cdc9d9-ddb5-4fa4-a97d-d965ccfc6d4b" outcome="Passed" testListId="8c84fa94-04c1-424b-9868-57a2d4851a1d" relativeResultsDirectory="8c37dc84-f1e2-4c0b-b715-4c8b9294e7d7" />
    <UnitTestResult executionId="c1cce271-416b-44e2-aeec-f6db6bf8bc0a" testId="f8a7720c-bbe8-4bad-f55e-a01bba0086a1" testName="ItemQuantityInBasket_SetToNewValue_RaisesPropertyChanged" computerName="DESKTOP-C5LH746" duration="00:00:00.0001660" startTime="2026-05-01T13:51:49.4118714+03:00" endTime="2026-05-01T13:51:49.4120372+03:00" testType="13cdc9d9-ddb5-4fa4-a97d-d965ccfc6d4b" outcome="Passed" testListId="8c84fa94-04c1-424b-9868-57a2d4851a1d" relativeResultsDirectory="c1cce271-416b-44e2-aeec-f6db6bf8bc0a" />
    <UnitTestResult executionId="f6276018-662c-4284-b989-8d0631198a56" testId="c10cecdc-93d6-879e-38bb-a9656a4048f7" testName="IsCorrectPhoneNumberFormat_WithLettersInPhoneNumber_ReturnsFalse" computerName="DESKTOP-C5LH746" duration="00:00:00.0001499" startTime="2026-05-01T13:51:49.3528876+03:00" endTime="2026-05-01T13:51:49.3530373+03:00" testType="13cdc9d9-ddb5-4fa4-a97d-d965ccfc6d4b" outcome="Passed" testListId="8c84fa94-04c1-424b-9868-57a2d4851a1d" relativeResultsDirectory="f6276018-662c-4284-b989-8d0631198a56" />
    <UnitTestResult executionId="977e0014-16d3-4657-a85c-364ef39c2ddf" testId="988fab6b-6163-2cff-f3f6-5d88ebc9f13e" testName="GetItems_SearchWithNullItemName_DoesNotThrowAndReturnsZeroCount" computerName="DESKTOP-C5LH746" duration="00:00:00.0004430" startTime="2026-05-01T13:51:49.6577948+03:00" endTime="2026-05-01T13:51:49.6582370+03:00" testType="13cdc9d9-ddb5-4fa4-a97d-d965ccfc6d4b" outcome="Passed" testListId="8c84fa94-04c1-424b-9868-57a2d4851a1d" relativeResultsDirectory="977e0014-16d3-4657-a85c-364ef39c2ddf" />
    <UnitTestResult executionId="d1e57f7e-1383-4a5e-8922-29fe4366b0ea" testId="a9e6d4a2-b357-ba17-8c66-ffee4f614bf0" testName="CompleteOrder_WhenStockSufficient_SubtractsQuantityFromItem" computerName="DESKTOP-C5LH746" duration="00:00:00.0013920" startTime="2026-05-01T13:51:49.0731359+03:00" endTime="2026-05-01T13:51:49.0745274+03:00" testType="13cdc9d9-ddb5-4fa4-a97d-d965ccfc6d4b" outcome="Passed" testListId="8c84fa94-04c1-424b-9868-57a2d4851a1d" relativeResultsDirectory="d1e57f7e-1383-4a5e-8922-29fe4366b0ea" />
    <UnitTestResult executionId="9338793c-5343-4928-b274-37865b7a247a" testId="537c7cb5-5367-d8b0-3c85-177ccd2543e5" testName="GetBasketItems_ItemWithMsAppxImagePath_PreservesPath" computerName="DESKTOP-C5LH746" duration="00:00:00.0003930" startTime="2026-05-01T13:51:49.4527973+03:00" endTime="2026-05-01T13:51:49.4531899+03:00" testType="13cdc9d9-ddb5-4fa4-a97d-d965ccfc6d4b" outcome="Passed" testListId="8c84fa94-04c1-424b-9868-57a2d4851a1d" relativeResultsDirectory="9338793c-5343-4928-b274-37865b7a247a" />
    <UnitTestResult executionId="51b079af-df20-497d-a91e-bce853981519" testId="863c8139-ac4b-0790-2ca1-b6191ca3b3a6" testName="GetTrackerState_WhenCurrentUserIsNull_ReturnsDefaultState" computerName="DESKTOP-C5LH746" duration="00:00:00.0004470" startTime="2026-05-01T13:51:49.4920092+03:00" endTime="2026-05-01T13:51:49.4924557+03:00" testType="13cdc9d9-ddb5-4fa4-a97d-d965ccfc6d4b" outcome="Passed" testListId="8c84fa94-04c1-424b-9868-57a2d4851a1d" relativeResultsDirectory="51b079af-df20-497d-a91e-bce853981519" />
    <UnitTestResult executionId="0891a96a-00f7-497c-9021-0c29f1391c92" testId="2c9a6c97-6ec1-1e60-fb7f-af41573efefe" testName="GetItems_EmptySearch_ReturnsCorrectCount" computerName="DESKTOP-C5LH746" duration="00:00:00.0004000" startTime="2026-05-01T13:51:49.6451900+03:00" endTime="2026-05-01T13:51:49.6455895+03:00" testType="13cdc9d9-ddb5-4fa4-a97d-d965ccfc6d4b" outcome="Passed" testListId="8c84fa94-04c1-424b-9868-57a2d4851a1d" relativeResultsDirectory="0891a96a-00f7-497c-9021-0c29f1391c92" />
    <UnitTestResult executionId="dc57052d-34b7-4ce6-bb61-5d6885f09703" testId="fbfec53d-286a-e8d9-b628-f2e0d3f7bc97" testName="TryAddToBasket_QuantityIsNotANumber_ReturnsSuccessFalse" computerName="DESKTOP-C5LH746" duration="00:00:00.0001370" startTime="2026-05-01T13:51:49.6914194+03:00" endTime="2026-05-01T13:51:49.6915565+03:00" testType="13cdc9d9-ddb5-4fa4-a97d-d965ccfc6d4b" outcome="Passed" testListId="8c84fa94-04c1-424b-9868-57a2d4851a1d" relativeResultsDirectory="dc57052d-34b7-4ce6-bb61-5d6885f09703" />
    <UnitTestResult executionId="17a012c7-2191-4295-b1f8-2aea906762da" testId="8a236f30-19fa-e0db-001b-8f0cf78cf25b" testName="CalculatePeriodTracker_WhenTodayFallsInsideOvulationWindow_SetsPastOvulationStringToNow" computerName="DESKTOP-C5LH746" duration="00:00:00.0000670" startTime="2026-05-01T13:51:49.5053002+03:00" endTime="2026-05-01T13:51:49.5053667+03:00" testType="13cdc9d9-ddb5-4fa4-a97d-d965ccfc6d4b" outcome="Passed" testListId="8c84fa94-04c1-424b-9868-57a2d4851a1d" relativeResultsDirectory="17a012c7-2191-4295-b1f8-2aea906762da" />
    <UnitTestResult executionId="64a0dd9c-ab78-44dc-839e-d3edb0fac690" testId="129d363f-2590-f969-1fec-502ffffc2f21" testName="CalculateBasketTotalSum_TwoItems_ReturnsSumOfFinalPricesAfter" computerName="DESKTOP-C5LH746" duration="00:00:00.0003070" startTime="2026-05-01T13:51:49.4473941+03:00" endTime="2026-05-01T13:51:49.4477014+03:00" testType="13cdc9d9-ddb5-4fa4-a97d-d965ccfc6d4b" outcome="Passed" testListId="8c84fa94-04c1-424b-9868-57a2d4851a1d" relativeResultsDirectory="64a0dd9c-ab78-44dc-839e-d3edb0fac690" />
    <UnitTestResult executionId="1790bc33-1110-4bbc-9f4f-e04ad57711af" testId="bf071287-e71c-f72b-3485-e9116fdec393" testName="ModifyIncompleteOrder_WhenPickUpDateIsToday_ThrowsArgumentException" computerName="DESKTOP-C5LH746" duration="00:00:00.0006810" startTime="2026-05-01T13:51:49.0918913+03:00" endTime="2026-05-01T13:51:49.0925717+03:00" testType="13cdc9d9-ddb5-4fa4-a97d-d965ccfc6d4b" outcome="Passed" testListId="8c84fa94-04c1-424b-9868-57a2d4851a1d" relativeResultsDirectory="1790bc33-1110-4bbc-9f4f-e04ad57711af" />
    <UnitTestResult executionId="46c646a5-88d6-4801-a548-972338c77ed8" testId="a1e5f81e-fdc6-824b-eb62-54725160c4dd" testName="GetBasketItems_WhenBasketHasValidItems_ReturnsCorrectViewModels" computerName="DESKTOP-C5LH746" duration="00:00:00.0020190" startTime="2026-05-01T13:51:49.0796744+03:00" endTime="2026-05-01T13:51:49.0816935+03:00" testType="13cdc9d9-ddb5-4fa4-a97d-d965ccfc6d4b" outcome="Passed" testListId="8c84fa94-04c1-424b-9868-57a2d4851a1d" relativeResultsDirectory="46c646a5-88d6-4801-a548-972338c77ed8" />
    <UnitTestResult executionId="0855cf2b-3de3-4e53-bdfa-9bda55fa1c3c" testId="1b7e1c7d-6b9c-046b-4124-553918b89af1" testName="ItemQuantityString_ReflectsCurrentQuantity" computerName="DESKTOP-C5LH746" duration="00:00:00.0001220" startTime="2026-05-01T13:51:49.4121739+03:00" endTime="2026-05-01T13:51:49.4122954+03:00" testType="13cdc9d9-ddb5-4fa4-a97d-d965ccfc6d4b" outcome="Passed" testListId="8c84fa94-04c1-424b-9868-57a2d4851a1d" relativeResultsDirectory="0855cf2b-3de3-4e53-bdfa-9bda55fa1c3c" />
    <UnitTestResult executionId="c57e711f-fa9b-4763-a979-11d0fe756ada" testId="8fe12d9b-d65b-4ee9-6994-ee38493d5424" testName="ApplyPrescriptionToBasket_EmptyPrescriptionResult_ThrowsArgumentException" computerName="DESKTOP-C5LH746" duration="00:00:00.0009080" startTime="2026-05-01T13:51:49.4414422+03:00" endTime="2026-05-01T13:51:49.4423503+03:00" testType="13cdc9d9-ddb5-4fa4-a97d-d965ccfc6d4b" outcome="Passed" testListId="8c84fa94-04c1-424b-9868-57a2d4851a1d" relativeResultsDirectory="c57e711f-fa9b-4763-a979-11d0fe756ada" />
    <UnitTestResult executionId="57e0d444-3489-4d20-81f9-7660699eb9f7" testId="c50a278e-1e9a-bcf1-b402-9221107e5005" testName="PlaceOrderFromBasket_WhenStockSufficient_ClearsUserBasket" computerName="DESKTOP-C5LH746" duration="00:00:00.0006590" startTime="2026-05-01T13:51:49.1066461+03:00" endTime="2026-05-01T13:51:49.1073049+03:00" testType="13cdc9d9-ddb5-4fa4-a97d-d965ccfc6d4b" outcome="Passed" testListId="8c84fa94-04c1-424b-9868-57a2d4851a1d" relativeResultsDirectory="57e0d444-3489-4d20-81f9-7660699eb9f7" />
    <UnitTestResult executionId="96184a25-876d-4918-bdf9-a643b6eebc49" testId="f0f67b7b-ac78-9880-302a-3e7d1aba25f4" testName="Equals_SameItemId_ReturnsTrue" computerName="DESKTOP-C5LH746" duration="00:00:00.0000640" startTime="2026-05-01T13:51:49.4099410+03:00" endTime="2026-05-01T13:51:49.4100048+03:00" testType="13cdc9d9-ddb5-4fa4-a97d-d965ccfc6d4b" outcome="Passed" testListId="8c84fa94-04c1-424b-9868-57a2d4851a1d" relativeResultsDirectory="96184a25-876d-4918-bdf9-a643b6eebc49" />
    <UnitTestResult executionId="93724dff-c835-4406-b60e-039f1f6977d3" testId="6ff76372-3553-118b-b87a-05194a5df58c" testName="RecalculateBasketItemPrices_WithBaseDiscount_ReducesFinalPrice" computerName="DESKTOP-C5LH746" duration="00:00:00.0002130" startTime="2026-05-01T13:51:49.1118040+03:00" endTime="2026-05-01T13:51:49.1120168+03:00" testType="13cdc9d9-ddb5-4fa4-a97d-d965ccfc6d4b" outcome="Passed" testListId="8c84fa94-04c1-424b-9868-57a2d4851a1d" relativeResultsDirectory="93724dff-c835-4406-b60e-039f1f6977d3" />
    <UnitTestResult executionId="3c4a32f2-7d1d-40d2-9694-406fd619b0ef" testId="5c7c9a33-ce21-05ae-cd28-eb55813a6873" testName="CalculatePeriodTracker_WhenPeriodLengthIsLessThanNine_ComputesLowFertilityInterval" computerName="DESKTOP-C5LH746" duration="00:00:00.0002050" startTime="2026-05-01T13:51:49.5041416+03:00" endTime="2026-05-01T13:51:49.5043463+03:00" testType="13cdc9d9-ddb5-4fa4-a97d-d965ccfc6d4b" outcome="Passed" testListId="8c84fa94-04c1-424b-9868-57a2d4851a1d" relativeResultsDirectory="3c4a32f2-7d1d-40d2-9694-406fd619b0ef" />
    <UnitTestResult executionId="1bad51c2-aa86-4f80-a1cc-49d2b0e4d074" testId="b7bcfa5c-40b8-1834-6b4d-cf3ce85dad54" testName="ModifyIncompleteOrder_WhenNewPickUpDateInFuture_PersistsThroughRepository" computerName="DESKTOP-C5LH746" duration="00:00:00.0012760" startTime="2026-05-01T13:51:49.0867460+03:00" endTime="2026-05-01T13:51:49.0880217+03:00" testType="13cdc9d9-ddb5-4fa4-a97d-d965ccfc6d4b" outcome="Passed" testListId="8c84fa94-04c1-424b-9868-57a2d4851a1d" relativeResultsDirectory="1bad51c2-aa86-4f80-a1cc-49d2b0e4d074" />
    <UnitTestResult executionId="ca4339b4-8c51-4feb-be47-e9d42e910afc" testId="9d40bcb4-1964-94d7-2058-277d696b5936" testName="GetItems_InvalidPriceRange_ThrowsArgumentException" computerName="DESKTOP-C5LH746" duration="00:00:00.0017150" startTime="2026-05-01T13:51:49.6456034+03:00" endTime="2026-05-01T13:51:49.6473184+03:00" testType="13cdc9d9-ddb5-4fa4-a97d-d965ccfc6d4b" outcome="Passed" testListId="8c84fa94-04c1-424b-9868-57a2d4851a1d" relativeResultsDirectory="ca4339b4-8c51-4feb-be47-e9d42e910afc" />
    <UnitTestResult executionId="0a9fc1cb-aaf8-4d50-bb33-2c4b6c3b523e" testId="e05c6b40-cfb3-f885-f9e5-71b0fae4b756" testName="AddSubstance_WhenCalled_DelegatesToRepository" computerName="DESKTOP-C5LH746" duration="00:00:00.0007190" startTime="2026-05-01T13:51:49.0152178+03:00" endTime="2026-05-01T13:51:49.0159357+03:00" testType="13cdc9d9-ddb5-4fa4-a97d-d965ccfc6d4b" outcome="Passed" testListId="8c84fa94-04c1-424b-9868-57a2d4851a1d" relativeResultsDirectory="0a9fc1cb-aaf8-4d50-bb33-2c4b6c3b523e" />
    <UnitTestResult executionId="53bef17b-47bf-41e1-906c-d9dc066612e5" testId="a310b787-0fb4-defc-1f23-378d3da51821" testName="Constructor_WithLoggedInUser_PopulatesUsernameFromCurrentUser" computerName="DESKTOP-C5LH746" duration="00:00:00.0005410" startTime="2026-05-01T13:51:49.3873860+03:00" endTime="2026-05-01T13:51:49.3879269+03:00" testType="13cdc9d9-ddb5-4fa4-a97d-d965ccfc6d4b" outcome="Passed" testListId="8c84fa94-04c1-424b-9868-57a2d4851a1d" relativeResultsDirectory="53bef17b-47bf-41e1-906c-d9dc066612e5" />
    <UnitTestResult executionId="a13a4666-400f-4677-ad44-d56464c81596" testId="bfde279f-68c9-4a39-d253-42ad9deba94d" testName="AddNoteCommand_WhenNotesAlreadyAtMaximum_DoesNotAddAnotherNote" computerName="DESKTOP-C5LH746" duration="00:00:00.0105780" startTime="2026-05-01T13:51:49.5880603+03:00" endTime="2026-05-01T13:51:49.5986380+03:00" testType="13cdc9d9-ddb5-4fa4-a97d-d965ccfc6d4b" outcome="Passed" testListId="8c84fa94-04c1-424b-9868-57a2d4851a1d" relativeResultsDirectory="a13a4666-400f-4677-ad44-d56464c81596" />
    <UnitTestResult executionId="07156ef7-6f91-40b9-ad59-c775be0a3632" testId="ca65f2dc-5ea2-5ca4-6a93-d12ed94aedb9" testName="CurrentStockLevel_StockIsBelowThreshold_ReturnsLowStock" computerName="DESKTOP-C5LH746" duration="00:00:00.0001350" startTime="2026-05-01T13:51:49.6797146+03:00" endTime="2026-05-01T13:51:49.6798494+03:00" testType="13cdc9d9-ddb5-4fa4-a97d-d965ccfc6d4b" outcome="Passed" testListId="8c84fa94-04c1-424b-9868-57a2d4851a1d" relativeResultsDirectory="07156ef7-6f91-40b9-ad59-c775be0a3632" />
    <UnitTestResult executionId="1dc33a0e-caaa-47f6-b871-90ff9e33cece" testId="428365f3-3f82-8d97-faca-23363fa957f2" testName="CalculatePeriodTracker_WhenPremenstrualSyndromeOptionIsMild_ComputesPmsDatesWithinExpectedRangeAndText" computerName="DESKTOP-C5LH746" duration="00:00:00.0003970" startTime="2026-05-01T13:51:49.5043545+03:00" endTime="2026-05-01T13:51:49.5047518+03:00" testType="13cdc9d9-ddb5-4fa4-a97d-d965ccfc6d4b" outcome="Passed" testListId="8c84fa94-04c1-424b-9868-57a2d4851a1d" relativeResultsDirectory="1dc33a0e-caaa-47f6-b871-90ff9e33cece" />
    <UnitTestResult executionId="db369689-9a76-410e-bef6-91c5089d54cd" testId="7220750d-4103-a250-2665-4f4a5f8e6ef9" testName="ApplyPrescriptionToBasket_WhenPrescriptionReturnsEmpty_ThrowsArgumentException" computerName="DESKTOP-C5LH746" duration="00:00:00.0005620" startTime="2026-05-01T13:51:49.0506832+03:00" endTime="2026-05-01T13:51:49.0512449+03:00" testType="13cdc9d9-ddb5-4fa4-a97d-d965ccfc6d4b" outcome="Passed" testListId="8c84fa94-04c1-424b-9868-57a2d4851a1d" relativeResultsDirectory="db369689-9a76-410e-bef6-91c5089d54cd" />
    <UnitTestResult executionId="86a3dead-b2e9-44f7-a70f-130989d3403e" testId="fc21f0b1-0d40-0ce2-905a-cc06a482e74c" testName="AddItemToBasket_ExistingItem_AccumulatesQuantity" computerName="DESKTOP-C5LH746" duration="00:00:00.0010180" startTime="2026-05-01T13:51:49.4385932+03:00" endTime="2026-05-01T13:51:49.4396113+03:00" testType="13cdc9d9-ddb5-4fa4-a97d-d965ccfc6d4b" outcome="Passed" testListId="8c84fa94-04c1-424b-9868-57a2d4851a1d" relativeResultsDirectory="86a3dead-b2e9-44f7-a70f-130989d3403e" />
    <UnitTestResult executionId="7259e59a-4748-4f21-ba8e-832895c522eb" testId="0b19b033-eb8c-a092-2c30-fba00ded78eb" testName="ResubmitExpiredOrder_WhenStockInsufficient_ThrowsArgumentException" computerName="DESKTOP-C5LH746" duration="00:00:00.0009560" startTime="2026-05-01T13:51:49.1167559+03:00" endTime="2026-05-01T13:51:49.1177121+03:00" testType="13cdc9d9-ddb5-4fa4-a97d-d965ccfc6d4b" outcome="Passed" testListId="8c84fa94-04c1-424b-9868-57a2d4851a1d" relativeResultsDirectory="7259e59a-4748-4f21-ba8e-832895c522eb" />
    <UnitTestResult executionId="910be9bb-e43c-4bca-8449-732b3f2b949c" testId="797530b3-66a4-6edf-43a1-be4ce632339d" testName="GetNotificationsForUser_AdminAndStockAlerts_ContainsStockAlertNotification" computerName="DESKTOP-C5LH746" duration="00:00:00.0017630" startTime="2026-05-01T13:51:48.4966433+03:00" endTime="2026-05-01T13:51:48.4984053+03:00" testType="13cdc9d9-ddb5-4fa4-a97d-d965ccfc6d4b" outcome="Passed" testListId="8c84fa94-04c1-424b-9868-57a2d4851a1d" relativeResultsDirectory="910be9bb-e43c-4bca-8449-732b3f2b949c" />
    <UnitTestResult executionId="a68dce9f-7720-4912-9906-4c3aefcfd3ec" testId="39b06fa0-a014-b015-9398-ce43cc5ff037" testName="AddSubstanceGridVisibility_Set_RaisesPropertyChanged" computerName="DESKTOP-C5LH746" duration="00:00:00.0005950" startTime="2026-05-01T13:51:49.6373457+03:00" endTime="2026-05-01T13:51:49.6379404+03:00" testType="13cdc9d9-ddb5-4fa4-a97d-d965ccfc6d4b" outcome="Passed" testListId="8c84fa94-04c1-424b-9868-57a2d4851a1d" relativeResultsDirectory="a68dce9f-7720-4912-9906-4c3aefcfd3ec" />
    <UnitTestResult executionId="43690faf-4468-4ae1-ac65-a49d11ed8e42" testId="7fc71cf3-7f12-c1f8-07cc-b874ac170e3c" testName="ItemFinalDiscountedPriceString_FormatsWithTwoDecimalsAndRON" computerName="DESKTOP-C5LH746" duration="00:00:00.0004290" startTime="2026-05-01T13:51:49.4106929+03:00" endTime="2026-05-01T13:51:49.4111216+03:00" testType="13cdc9d9-ddb5-4fa4-a97d-d965ccfc6d4b" outcome="Passed" testListId="8c84fa94-04c1-424b-9868-57a2d4851a1d" relativeResultsDirectory="43690faf-4468-4ae1-ac65-a49d11ed8e42" />
    <UnitTestResult executionId="dd72904b-83ef-4c79-8a15-764aea11e69e" testId="b1df6d46-139d-0050-0d68-b9eeec8f907d" testName="UpdateProfile_WithValidData_PersistsChangesToRepository" computerName="DESKTOP-C5LH746" duration="00:00:00.0061870" startTime="2026-05-01T13:51:49.3442339+03:00" endTime="2026-05-01T13:51:49.3504207+03:00" testType="13cdc9d9-ddb5-4fa4-a97d-d965ccfc6d4b" outcome="Passed" testListId="8c84fa94-04c1-424b-9868-57a2d4851a1d" relativeResultsDirectory="dd72904b-83ef-4c79-8a15-764aea11e69e" />
    <UnitTestResult executionId="12a05b17-45d9-4362-bb83-00c36dd40a7c" testId="9702ea6c-6a57-678b-b4ea-072ea5f8ab1b" testName="GetTop30Substances_EmptyData_ReturnsEmptyDictionary" computerName="DESKTOP-C5LH746" duration="00:00:00.0006600" startTime="2026-05-01T13:51:48.5318801+03:00" endTime="2026-05-01T13:51:48.5325400+03:00" testType="13cdc9d9-ddb5-4fa4-a97d-d965ccfc6d4b" outcome="Passed" testListId="8c84fa94-04c1-424b-9868-57a2d4851a1d" relativeResultsDirectory="12a05b17-45d9-4362-bb83-00c36dd40a7c" />
    <UnitTestResult executionId="358e3f28-17b4-47c9-a996-5b1aab264bc7" testId="29847ec7-fb97-71e9-1ef8-6ba6353ebb86" testName="FillBasketFromPrescription_Called_DelegatesToRepositoryAndService" computerName="DESKTOP-C5LH746" duration="00:00:00.0006550" startTime="2026-05-01T13:51:49.4507929+03:00" endTime="2026-05-01T13:51:49.4514475+03:00" testType="13cdc9d9-ddb5-4fa4-a97d-d965ccfc6d4b" outcome="Passed" testListId="8c84fa94-04c1-424b-9868-57a2d4851a1d" relativeResultsDirectory="358e3f28-17b4-47c9-a996-5b1aab264bc7" />
    <UnitTestResult executionId="a5cfaafc-96c3-4f70-88ca-90c8367717a9" testId="28febe5c-0576-68b0-3a33-425e3684f6ae" testName="IsCorrectEmailFormat_WithMissingAtSign_ReturnsFalse" computerName="DESKTOP-C5LH746" duration="00:00:00.0001800" startTime="2026-05-01T13:51:49.3508239+03:00" endTime="2026-05-01T13:51:49.3510038+03:00" testType="13cdc9d9-ddb5-4fa4-a97d-d965ccfc6d4b" outcome="Passed" testListId="8c84fa94-04c1-424b-9868-57a2d4851a1d" relativeResultsDirectory="a5cfaafc-96c3-4f70-88ca-90c8367717a9" />
    <UnitTestResult executionId="b304e9c3-8741-488f-aab3-6387db16b51e" testId="17ad29c1-0050-1a68-50a5-5058f6a300dc" testName="SubstancesText_HasSubstances_ReturnsFormattedString" computerName="DESKTOP-C5LH746" duration="00:00:00.0007420" startTime="2026-05-01T13:51:49.6879685+03:00" endTime="2026-05-01T13:51:49.6887104+03:00" testType="13cdc9d9-ddb5-4fa4-a97d-d965ccfc6d4b" outcome="Passed" testListId="8c84fa94-04c1-424b-9868-57a2d4851a1d" relativeResultsDirectory="b304e9c3-8741-488f-aab3-6387db16b51e" />
    <UnitTestResult executionId="c923c03f-4a9a-44bc-b40a-1071079e7f73" testId="36d23986-4275-da2d-f2d4-a9fab356d882" testName="Constructor_SetsTotalPriceStringToDiscountedTotal" computerName="DESKTOP-C5LH746" duration="00:00:00.0005220" startTime="2026-05-01T13:51:49.4634895+03:00" endTime="2026-05-01T13:51:49.4640116+03:00" testType="13cdc9d9-ddb5-4fa4-a97d-d965ccfc6d4b" outcome="Passed" testListId="8c84fa94-04c1-424b-9868-57a2d4851a1d" relativeResultsDirectory="c923c03f-4a9a-44bc-b40a-1071079e7f73" />
    <UnitTestResult executionId="5b2e61ef-8a8d-4512-bc96-60687e49d26a" testId="e8647495-da3f-621a-b6b6-62c3419f220e" testName="TotalDiscountedPriceString_SetNewValue_RaisesPropertyChanged" computerName="DESKTOP-C5LH746" duration="00:00:00.0015530" startTime="2026-05-01T13:51:49.4348596+03:00" endTime="2026-05-01T13:51:49.4364123+03:00" testType="13cdc9d9-ddb5-4fa4-a97d-d965ccfc6d4b" outcome="Passed" testListId="8c84fa94-04c1-424b-9868-57a2d4851a1d" relativeResultsDirectory="5b2e61ef-8a8d-4512-bc96-60687e49d26a" />
    <UnitTestResult executionId="aa31d1a6-7048-4da1-a67b-d5f7e360528d" testId="44a4108d-477c-bd36-6582-f16fefde7445" testName="IsCorrectPasswordFormat_WithNoLowercaseLetter_ReturnsFalse" computerName="DESKTOP-C5LH746" duration="00:00:00.0002250" startTime="2026-05-01T13:51:49.3517247+03:00" endTime="2026-05-01T13:51:49.3519492+03:00" testType="13cdc9d9-ddb5-4fa4-a97d-d965ccfc6d4b" outcome="Passed" testListId="8c84fa94-04c1-424b-9868-57a2d4851a1d" relativeResultsDirectory="aa31d1a6-7048-4da1-a67b-d5f7e360528d" />
    <UnitTestResult executionId="3a3ca46c-bf7d-46fc-a515-012780464aec" testId="8f19a6ab-9339-c858-3dd3-de40e44a7bc2" testName="ValidateItemForAdd_WhenInvalid_ThrowsArgumentException" computerName="DESKTOP-C5LH746" duration="00:00:00.0008540" startTime="2026-05-01T13:51:49.0349129+03:00" endTime="2026-05-01T13:51:49.0357662+03:00" testType="13cdc9d9-ddb5-4fa4-a97d-d965ccfc6d4b" outcome="Passed" testListId="8c84fa94-04c1-424b-9868-57a2d4851a1d" relativeResultsDirectory="3a3ca46c-bf7d-46fc-a515-012780464aec" />
    <UnitTestResult executionId="67983a02-1702-4c48-b7ef-da54127871c0" testId="5eaf762f-a692-8337-8c4d-da15de79150d" testName="AddSubstance_CallsService" computerName="DESKTOP-C5LH746" duration="00:00:00.0010770" startTime="2026-05-01T13:51:49.6361932+03:00" endTime="2026-05-01T13:51:49.6372700+03:00" testType="13cdc9d9-ddb5-4fa4-a97d-d965ccfc6d4b" outcome="Passed" testListId="8c84fa94-04c1-424b-9868-57a2d4851a1d" relativeResultsDirectory="67983a02-1702-4c48-b7ef-da54127871c0" />
    <UnitTestResult executionId="3a9a165f-f161-44a2-a354-23bfc710694f" testId="091c43f0-dda5-ceff-9df7-029edc2e8b77" testName="GetItems_PriceExactlyOnMaxBoundary_ReturnsItem" computerName="DESKTOP-C5LH746" duration="00:00:00.0012290" startTime="2026-05-01T13:51:49.6500141+03:00" endTime="2026-05-01T13:51:49.6512427+03:00" testType="13cdc9d9-ddb5-4fa4-a97d-d965ccfc6d4b" outcome="Passed" testListId="8c84fa94-04c1-424b-9868-57a2d4851a1d" relativeResultsDirectory="3a9a165f-f161-44a2-a354-23bfc710694f" />
    <UnitTestResult executionId="43185212-8dad-4da0-8834-2259d5bd6af3" testId="6181eb32-7cb0-198b-a41d-8347fd411bf6" testName="IsCorrectPhoneNumberFormat_WithDigitsOnlyNumber_ReturnsTrue" computerName="DESKTOP-C5LH746" duration="00:00:00.0001979" startTime="2026-05-01T13:51:49.3525216+03:00" endTime="2026-05-01T13:51:49.3527191+03:00" testType="13cdc9d9-ddb5-4fa4-a97d-d965ccfc6d4b" outcome="Passed" testListId="8c84fa94-04c1-424b-9868-57a2d4851a1d" relativeResultsDirectory="43185212-8dad-4da0-8834-2259d5bd6af3" />
    <UnitTestResult executionId="b679d363-d8c4-4eeb-a299-506e78c9cd6c" testId="75706402-7873-6cb5-c796-051718e9bd74" testName="TryAddToBasket_QuantityIsZero_ReturnsSuccessFalse" computerName="DESKTOP-C5LH746" duration="00:00:00.0006620" startTime="2026-05-01T13:51:49.6943990+03:00" endTime="2026-05-01T13:51:49.6950605+03:00" testType="13cdc9d9-ddb5-4fa4-a97d-d965ccfc6d4b" outcome="Passed" testListId="8c84fa94-04c1-424b-9868-57a2d4851a1d" relativeResultsDirectory="b679d363-d8c4-4eeb-a299-506e78c9cd6c" />
    <UnitTestResult executionId="3fe59a6e-3a62-4010-9133-68f41340b4a4" testId="9e8b433a-dced-c153-ec9c-34c50db9e5bc" testName="GetBasketItems_ItemWithPathContainingAssetsFolder_ReplacesBackslashesWithForwardSlashes" computerName="DESKTOP-C5LH746" duration="00:00:00.0005250" startTime="2026-05-01T13:51:49.4535873+03:00" endTime="2026-05-01T13:51:49.4541122+03:00" testType="13cdc9d9-ddb5-4fa4-a97d-d965ccfc6d4b" outcome="Passed" testListId="8c84fa94-04c1-424b-9868-57a2d4851a1d" relativeResultsDirectory="3fe59a6e-3a62-4010-9133-68f41340b4a4" />
    <UnitTestResult executionId="68ef4636-4e14-4b4d-bc25-0da4d761d949" testId="40e7dffe-262c-04e7-23d6-35facc54e1f0" testName="UpdatePeriodTracker_WhenCalled_PersistsThroughRepository" computerName="DESKTOP-C5LH746" duration="00:00:00.0012100" startTime="2026-05-01T13:51:49.1281294+03:00" endTime="2026-05-01T13:51:49.1293391+03:00" testType="13cdc9d9-ddb5-4fa4-a97d-d965ccfc6d4b" outcome="Passed" testListId="8c84fa94-04c1-424b-9868-57a2d4851a1d" relativeResultsDirectory="68ef4636-4e14-4b4d-bc25-0da4d761d949" />
    <UnitTestResult executionId="819f684c-fe44-4cb5-9f4e-b40e4f0d3a09" testId="53bc8bf8-27df-67ec-ef78-54f0682346f3" testName="Constructor_WhenNotesAreBelowMaximum_CanAddNoteIsTrueAndVisibilityIsVisible" computerName="DESKTOP-C5LH746" duration="00:00:00.0006870" startTime="2026-05-01T13:51:49.6095457+03:00" endTime="2026-05-01T13:51:49.6102320+03:00" testType="13cdc9d9-ddb5-4fa4-a97d-d965ccfc6d4b" outcome="Passed" testListId="8c84fa94-04c1-424b-9868-57a2d4851a1d" relativeResultsDirectory="819f684c-fe44-4cb5-9f4e-b40e4f0d3a09" />
    <UnitTestResult executionId="996d5383-75d5-44d4-ae16-e2073461fefc" testId="70cd34ac-129f-8315-9310-bf7c2b8d9e85" testName="ModifyIncompleteOrder_WhenNewPickUpDateInFuture_UpdatesOrderPickUpDate" computerName="DESKTOP-C5LH746" duration="00:00:00.0030580" startTime="2026-05-01T13:51:49.0880506+03:00" endTime="2026-05-01T13:51:49.0911084+03:00" testType="13cdc9d9-ddb5-4fa4-a97d-d965ccfc6d4b" outcome="Passed" testListId="8c84fa94-04c1-424b-9868-57a2d4851a1d" relativeResultsDirectory="996d5383-75d5-44d4-ae16-e2073461fefc" />
    <UnitTestResult executionId="ea01b6bc-bdda-407e-be4f-b2546fcc0fd3" testId="ada5a58d-9de3-928a-5c1e-b5b39b53068d" testName="Constructor_SetsPickUpDateFromOrder" computerName="DESKTOP-C5LH746" duration="00:00:00.0008430" startTime="2026-05-01T13:51:49.4715228+03:00" endTime="2026-05-01T13:51:49.4723654+03:00" testType="13cdc9d9-ddb5-4fa4-a97d-d965ccfc6d4b" outcome="Passed" testListId="8c84fa94-04c1-424b-9868-57a2d4851a1d" relativeResultsDirectory="ea01b6bc-bdda-407e-be4f-b2546fcc0fd3" />
[...]
    <TestEntry testId="485556f4-8b82-acc4-2e27-b240f47663c8" executionId="a571fd79-2fc4-4565-a3ba-b5700e372574" testListId="8c84fa94-04c1-424b-9868-57a2d4851a1d" />
    <TestEntry testId="ec70ba48-d248-b3d3-468a-48c55c803e9f" executionId="66dce4ea-105c-4565-b71f-34f10da34544" testListId="8c84fa94-04c1-424b-9868-57a2d4851a1d" />
    <TestEntry testId="799fe25e-04a4-33e2-4926-c6991f66d74d" executionId="22e2eef8-d775-4499-b64f-cbfcc2bddfd8" testListId="8c84fa94-04c1-424b-9868-57a2d4851a1d" />
    <TestEntry testId="c0b73a5c-8785-5b46-e322-b3a066416b09" executionId="5a1be037-cb26-4665-b1c9-dd11346b7516" testListId="8c84fa94-04c1-424b-9868-57a2d4851a1d" />
    <TestEntry testId="dcbe6256-afdf-96e1-57e4-1cc4e4957f6c" executionId="d49566ab-cb04-4a51-bff1-2d1858f86b60" testListId="8c84fa94-04c1-424b-9868-57a2d4851a1d" />
    <TestEntry testId="42a3c383-5669-1ec6-b9dd-a375d5052abd" executionId="cf6ad815-cc36-464a-9fad-5539b797e2a9" testListId="8c84fa94-04c1-424b-9868-57a2d4851a1d" />
    <TestEntry testId="ff670060-3b4f-2c76-1ea9-3a6f9b3f4860" executionId="e1495842-e555-4331-bd4a-b60b09b10935" testListId="8c84fa94-04c1-424b-9868-57a2d4851a1d" />
    <TestEntry testId="9d98dfb0-42ba-7b4b-f214-086e8fcbcffe" executionId="175c5867-8007-456a-bafb-62f3ded46d2a" testListId="8c84fa94-04c1-424b-9868-57a2d4851a1d" />
    <TestEntry testId="4dac18f7-ce5f-783e-94f7-5280098c96dc" executionId="ea1e18a5-4bc8-4ce3-9673-9c7030043948" testListId="8c84fa94-04c1-424b-9868-57a2d4851a1d" />
    <TestEntry testId="de82c38c-e789-4ddd-d347-1755943e06d2" executionId="81bcd7fa-b341-4baa-ad2e-8746fc275bdf" testListId="8c84fa94-04c1-424b-9868-57a2d4851a1d" />
    <TestEntry testId="7b9ef8b6-7580-91d4-dbb9-b2096cab075b" executionId="d6802f1e-5398-4698-9da2-e5c9c739233d" testListId="8c84fa94-04c1-424b-9868-57a2d4851a1d" />
    <TestEntry testId="f682e62b-387c-c563-9a1b-8728cc73eaed" executionId="2abbaf02-4428-422d-bbd9-bc31d73cae3c" testListId="8c84fa94-04c1-424b-9868-57a2d4851a1d" />
    <TestEntry testId="c62930be-0930-cf6b-4d32-5c9a96da70d8" executionId="8a156074-b0d2-4a47-a574-3bd8b47c1f86" testListId="8c84fa94-04c1-424b-9868-57a2d4851a1d" />
    <TestEntry testId="5a2a8c49-969f-220f-36ed-a806aba1bf75" executionId="f13263c7-d123-42fc-ad98-2d1bca9d1cab" testListId="8c84fa94-04c1-424b-9868-57a2d4851a1d" />
    <TestEntry testId="35b88adb-ff6d-63c8-1d0a-6d6c865c426a" executionId="ae160049-a388-4ca9-b027-bdbf9e5d9ed5" testListId="8c84fa94-04c1-424b-9868-57a2d4851a1d" />
    <TestEntry testId="6503093a-8317-75af-20f1-5b58b511d4e2" executionId="be61b9e4-2384-4751-aa0b-8f7fe39d01b4" testListId="8c84fa94-04c1-424b-9868-57a2d4851a1d" />
    <TestEntry testId="eb82b934-59a6-2756-58b3-92bd7b90efa3" executionId="c554822a-9ae5-4f40-9a7a-f6397f898319" testListId="8c84fa94-04c1-424b-9868-57a2d4851a1d" />
    <TestEntry testId="88beb312-0b4c-c2e0-1167-9cb7596e939e" executionId="fc3c6907-cfce-4bb7-a061-fd130da91592" testListId="8c84fa94-04c1-424b-9868-57a2d4851a1d" />
    <TestEntry testId="ff8414df-1450-5e69-d2d5-dfb0d70a138d" executionId="58c04ff0-563a-4201-bab0-5b0f0cb4968a" testListId="8c84fa94-04c1-424b-9868-57a2d4851a1d" />
    <TestEntry testId="91238b6c-a5f6-54ea-ce57-b605224b2419" executionId="6d62a632-54bf-47d5-9e8b-442ef732a012" testListId="8c84fa94-04c1-424b-9868-57a2d4851a1d" />
    <TestEntry testId="3521c299-e6db-4685-e593-7d2ed624e96d" executionId="61f7e835-420c-43d4-8791-def47a1758ca" testListId="8c84fa94-04c1-424b-9868-57a2d4851a1d" />
    <TestEntry testId="839b58b0-376c-ede5-2916-7fa5755cfefc" executionId="bd109f7a-366b-4ba3-b0a3-958ff131fe98" testListId="8c84fa94-04c1-424b-9868-57a2d4851a1d" />
    <TestEntry testId="a559c132-440c-15eb-eba9-344029a605b1" executionId="d39007c0-71e6-4c91-85de-f24943bb5ebc" testListId="8c84fa94-04c1-424b-9868-57a2d4851a1d" />
    <TestEntry testId="cace56e4-9836-f967-13c6-7bbffcef79cc" executionId="4b3eb237-cc50-4562-a42a-b803fca3a279" testListId="8c84fa94-04c1-424b-9868-57a2d4851a1d" />
    <TestEntry testId="e0de1575-d0b7-9d58-c427-2abdfec1d6e6" executionId="1911443f-2668-4c5b-888d-63b8157ebcc4" testListId="8c84fa94-04c1-424b-9868-57a2d4851a1d" />
    <TestEntry testId="4839f06e-370d-f184-a452-143ce59470da" executionId="8f35d3c1-3ec1-45aa-8e21-a37623b4f2e7" testListId="8c84fa94-04c1-424b-9868-57a2d4851a1d" />
    <TestEntry testId="bcb40c64-80fd-d4df-a71e-93317e452fd4" executionId="aae7e45b-9502-4275-aebb-d5b2ce5b7b8c" testListId="8c84fa94-04c1-424b-9868-57a2d4851a1d" />
    <TestEntry testId="5bb2b368-643b-d875-ac22-374811bf6e63" executionId="1c3cd6d9-207e-4be3-8514-0c035c1c17ae" testListId="8c84fa94-04c1-424b-9868-57a2d4851a1d" />
    <TestEntry testId="facf45a9-5e61-ba68-56cd-c7605d3d9a4c" executionId="0af60045-2f7b-41ae-9abd-796647abd315" testListId="8c84fa94-04c1-424b-9868-57a2d4851a1d" />
    <TestEntry testId="9fe0cb8c-7519-7425-7479-327c745556bc" executionId="5568d0ff-48cb-4126-93d2-f686216da257" testListId="8c84fa94-04c1-424b-9868-57a2d4851a1d" />
    <TestEntry testId="e7b942b1-b240-fb62-cf5a-44ffdf44125a" executionId="596eac98-bb8f-4ed2-8465-8058b198fbce" testListId="8c84fa94-04c1-424b-9868-57a2d4851a1d" />
    <TestEntry testId="7250a79e-aa54-26b5-bf0d-35fabacc9f22" executionId="34c20ca3-7721-4559-b5b6-69c93cf20de2" testListId="8c84fa94-04c1-424b-9868-57a2d4851a1d" />
    <TestEntry testId="1bd2f0dd-dd1e-5920-d619-d8ff53577c73" executionId="d5c31acf-2558-4740-986f-0f6d94443f40" testListId="8c84fa94-04c1-424b-9868-57a2d4851a1d" />
    <TestEntry testId="0389b15a-4496-b47d-6af5-eb53a726818a" executionId="184681f1-fd29-459b-90ca-f0ad01d7734e" testListId="8c84fa94-04c1-424b-9868-57a2d4851a1d" />
    <TestEntry testId="cdc7f684-67aa-983f-47b6-66b486bacc74" executionId="0489047d-bf88-4ca3-a1f1-86874a2226a3" testListId="8c84fa94-04c1-424b-9868-57a2d4851a1d" />
    <TestEntry testId="1581e712-07ee-ad5a-9537-5fee09acb6fd" executionId="1da12a01-30bc-40ab-b955-a345de814de0" testListId="8c84fa94-04c1-424b-9868-57a2d4851a1d" />
    <TestEntry testId="a46fe3f7-2186-7c6c-1343-f1590ee1c172" executionId="2274b163-702b-4228-99fd-765aada58eb1" testListId="8c84fa94-04c1-424b-9868-57a2d4851a1d" />
    <TestEntry testId="88e51f9f-1772-51bf-40d0-ffc0505482fc" executionId="bcb67681-f2d8-4565-aa5a-7c60ac9ac764" testListId="8c84fa94-04c1-424b-9868-57a2d4851a1d" />
    <TestEntry testId="65d4edc6-1035-425b-cf6f-a354808ffc48" executionId="d01caf5e-7b44-4e68-b85b-c5905071f241" testListId="8c84fa94-04c1-424b-9868-57a2d4851a1d" />
    <TestEntry testId="b8292e72-cdf6-6f98-f101-f6f967f59443" executionId="d7c5951e-0029-41cd-82c7-cdf850ddb62e" testListId="8c84fa94-04c1-424b-9868-57a2d4851a1d" />
    <TestEntry testId="bec83661-471a-849c-de32-8530a78185b7" executionId="92854dff-1b40-4dee-a7ff-846d6c093498" testListId="8c84fa94-04c1-424b-9868-57a2d4851a1d" />
    <TestEntry testId="d34738dd-bbd7-431c-53be-4281bf3cdc71" executionId="a8abc031-5f62-4a75-85dc-ce555ed26428" testListId="8c84fa94-04c1-424b-9868-57a2d4851a1d" />
    <TestEntry testId="59030bfb-4edd-1cf2-f887-1209a74081ed" executionId="a0b84aee-d956-4e19-be7d-a59e5a90cb08" testListId="8c84fa94-04c1-424b-9868-57a2d4851a1d" />
    <TestEntry testId="ba869aaa-d42a-d48c-0e07-931e37111370" executionId="957c670b-f904-4427-82f2-30bd3c110c32" testListId="8c84fa94-04c1-424b-9868-57a2d4851a1d" />
    <TestEntry testId="c2fbf877-8c69-4b7b-c9ee-3836f119866e" executionId="d6440df0-296d-4c85-bc25-48e85f8fd5fc" testListId="8c84fa94-04c1-424b-9868-57a2d4851a1d" />
    <TestEntry testId="bf094517-7c87-f01e-b2d9-7e8dd0a62e25" executionId="e558d471-dd1e-445c-8309-fe976efb344f" testListId="8c84fa94-04c1-424b-9868-57a2d4851a1d" />
    <TestEntry testId="6e2f04e9-a612-fce2-6a15-5edac6816dc2" executionId="f6c2ebbe-b5c9-420b-bb63-6e7520d90b45" testListId="8c84fa94-04c1-424b-9868-57a2d4851a1d" />
    <TestEntry testId="3c2cd82a-e07e-6d16-48c6-85c3177d24a3" executionId="3d250235-55e4-4cba-941d-b73b9f8b37fb" testListId="8c84fa94-04c1-424b-9868-57a2d4851a1d" />
    <TestEntry testId="5824afb8-90b6-3813-0417-131f1a1c1608" executionId="a8d0fe6f-3a81-4ddc-8a4c-e9063d128e6c" testListId="8c84fa94-04c1-424b-9868-57a2d4851a1d" />
    <TestEntry testId="bb653d28-3a76-e773-3ea4-21b553337126" executionId="e09c41c1-c74a-465f-9bd7-eb83cd369874" testListId="8c84fa94-04c1-424b-9868-57a2d4851a1d" />
    <TestEntry testId="13764364-153b-ef86-0b4b-18382ccdfa9f" executionId="fdaa6995-3d47-45ae-a53d-4df8ac8729e3" testListId="8c84fa94-04c1-424b-9868-57a2d4851a1d" />
    <TestEntry testId="928bdc69-17dc-5370-ec80-5364eea98fb0" executionId="3db4fb8e-665e-4631-9fc1-874920de28dd" testListId="8c84fa94-04c1-424b-9868-57a2d4851a1d" />
    <TestEntry testId="912fae24-6e1c-28f3-4ecd-26cfec408a2c" executionId="831327b2-4acb-47b0-8908-7fb01202e78d" testListId="8c84fa94-04c1-424b-9868-57a2d4851a1d" />
    <TestEntry testId="4ad988f2-be80-9e5a-255a-234be7e489a6" executionId="40cbab8d-4f3a-426d-a5f1-3911e614b280" testListId="8c84fa94-04c1-424b-9868-57a2d4851a1d" />
    <TestEntry testId="3747f5c2-7c07-1983-dd79-b27ad6ece067" executionId="ce5b1f7f-e144-4c5c-b086-261d54d97afa" testListId="8c84fa94-04c1-424b-9868-57a2d4851a1d" />
    <TestEntry testId="4ea2157c-e176-b8d0-1ef8-6ca8c5879186" executionId="5acdb72d-552b-440a-ac98-58e78b55495b" testListId="8c84fa94-04c1-424b-9868-57a2d4851a1d" />
    <TestEntry testId="35cdb732-fadb-7ea2-f0a2-d3f6069233dc" executionId="1029cdd0-21d1-4983-9884-5a2799b044b6" testListId="8c84fa94-04c1-424b-9868-57a2d4851a1d" />
    <TestEntry testId="99dd11b8-9d8d-a408-9df5-7df4f0342e8f" executionId="8799e0c8-02f6-41c5-a3e8-0433ef6838ac" testListId="8c84fa94-04c1-424b-9868-57a2d4851a1d" />
    <TestEntry testId="3aafeaf2-64a7-7658-7647-3d72294326ac" executionId="6dc37105-8a1c-4dd6-a5d3-744b84c75e46" testListId="8c84fa94-04c1-424b-9868-57a2d4851a1d" />
    <TestEntry testId="60537e5b-4c1b-b701-08b0-b54baeea4801" executionId="fd0370ae-d972-4be4-9550-c9362c2acee1" testListId="8c84fa94-04c1-424b-9868-57a2d4851a1d" />
    <TestEntry testId="e0027d45-2061-074b-ebfe-79c4a75f4826" executionId="d7388892-c973-430c-883d-270d5b709b17" testListId="8c84fa94-04c1-424b-9868-57a2d4851a1d" />
    <TestEntry testId="06e84a98-7b51-b1a7-a5c1-91006be3509f" executionId="81d11a41-a867-4d4a-a538-412d3aa8661d" testListId="8c84fa94-04c1-424b-9868-57a2d4851a1d" />
    <TestEntry testId="be7b8461-f467-73b7-f793-b686574e06da" executionId="b90eb073-53f8-4c76-ad25-1843a586cfc0" testListId="8c84fa94-04c1-424b-9868-57a2d4851a1d" />
    <TestEntry testId="7409cf79-bbdf-e810-94fb-fab8b8fb3fa2" executionId="4add0032-f586-4141-92ad-9b0675703615" testListId="8c84fa94-04c1-424b-9868-57a2d4851a1d" />
    <TestEntry testId="22ad1863-7c66-d1e6-c048-8715847e3f30" executionId="40799caa-5773-4260-be67-f0cbb75b279f" testListId="8c84fa94-04c1-424b-9868-57a2d4851a1d" />
    <TestEntry testId="ea720bb9-b7a5-333a-f6c2-b357986a3850" executionId="48a57820-17c4-4bb3-add5-e2131374bf4d" testListId="8c84fa94-04c1-424b-9868-57a2d4851a1d" />
    <TestEntry testId="a452b9ad-59f6-6213-3ed4-897b6b6949f4" executionId="5729665e-90a9-4e67-bb76-37ba62c75a6a" testListId="8c84fa94-04c1-424b-9868-57a2d4851a1d" />
    <TestEntry testId="d0420f4c-2c9b-61e7-0850-b4dcb62c413b" executionId="f9120819-23c3-4efd-8ff7-a7b49ac82150" testListId="8c84fa94-04c1-424b-9868-57a2d4851a1d" />
    <TestEntry testId="e782b416-58bd-236c-3be7-d7ada5a29cef" executionId="8be3ea84-c00f-4680-a269-e343b0b7f093" testListId="8c84fa94-04c1-424b-9868-57a2d4851a1d" />
    <TestEntry testId="c35474cb-5638-b4bc-33ef-531467f440fd" executionId="a8d157ec-3dd5-41b1-8e8e-2d898db548e8" testListId="8c84fa94-04c1-424b-9868-57a2d4851a1d" />
    <TestEntry testId="807b5409-afb7-877c-ba4d-b84d9e5cd7a6" executionId="c7aac61f-6b5a-4dfe-83f6-5599bc0945ee" testListId="8c84fa94-04c1-424b-9868-57a2d4851a1d" />
    <TestEntry testId="7e66a283-633c-5572-e6ef-6f35259c06eb" executionId="b4e8d468-a328-4aa3-a5a8-fa733ffdb666" testListId="8c84fa94-04c1-424b-9868-57a2d4851a1d" />
    <TestEntry testId="1fb8ef35-259e-2214-8014-2f4daaf32396" executionId="e4274b7f-1cae-4682-9d2d-dc5d5e8db87e" testListId="8c84fa94-04c1-424b-9868-57a2d4851a1d" />
    <TestEntry testId="35e1a0b6-88ca-0758-cf60-822fd8fabf52" executionId="76630dc5-9585-4e85-8a7a-3f90117119c0" testListId="8c84fa94-04c1-424b-9868-57a2d4851a1d" />
    <TestEntry testId="f73fde3e-8b97-8ce5-b511-71d95623b0d4" executionId="7524d67d-57ee-40ba-9276-7132e326aade" testListId="8c84fa94-04c1-424b-9868-57a2d4851a1d" />
    <TestEntry testId="3f71acad-9d02-ab3a-d602-14fb685cf1dc" executionId="97081f81-d4a1-403c-ba11-f2a32cd16e22" testListId="8c84fa94-04c1-424b-9868-57a2d4851a1d" />
    <TestEntry testId="275244a9-ba45-e3fd-01ba-1b9f1e29eeaa" executionId="29d0dddf-eabe-4086-ab87-08c1913cffe9" testListId="8c84fa94-04c1-424b-9868-57a2d4851a1d" />
    <TestEntry testId="8fdfa8e3-248f-b8ca-9d45-3982958a95d4" executionId="68276c14-6677-4f31-a1a1-f8ef786de198" testListId="8c84fa94-04c1-424b-9868-57a2d4851a1d" />
    <TestEntry testId="542822ea-c79c-e40a-99b6-1bd3b6411fa0" executionId="0f3ea4ad-1d31-4fa6-828e-246c722d7741" testListId="8c84fa94-04c1-424b-9868-57a2d4851a1d" />
    <TestEntry testId="c0b068c9-221d-7e19-fc43-d382f188bee6" executionId="30e0ecc2-edf4-4a12-a64d-846d4ab90584" testListId="8c84fa94-04c1-424b-9868-57a2d4851a1d" />
    <TestEntry testId="130a09cd-52ef-fd74-42bf-29d7db7a27b1" executionId="3cc921a6-7323-41f0-a1f6-78b96473af4b" testListId="8c84fa94-04c1-424b-9868-57a2d4851a1d" />
    <TestEntry testId="7b0cd8e0-765f-7e30-d7e4-1e4cac6f40af" executionId="b5323d73-3d7a-4a4c-b1cb-f99ac0ef3500" testListId="8c84fa94-04c1-424b-9868-57a2d4851a1d" />
    <TestEntry testId="abd6eebf-0ffc-efc9-bdbc-5343750f830d" executionId="883b5abf-591e-49a1-9dc7-b038bc083301" testListId="8c84fa94-04c1-424b-9868-57a2d4851a1d" />
    <TestEntry testId="bb7568e3-d037-c2c5-57c8-9ca50a9c6d11" executionId="b5d01f32-4e2c-47ab-b567-937014261654" testListId="8c84fa94-04c1-424b-9868-57a2d4851a1d" />
    <TestEntry testId="9ff8470c-20e4-b9f9-f951-97ed23258721" executionId="3c10da1b-2090-4c42-b3a3-720f225ed0a5" testListId="8c84fa94-04c1-424b-9868-57a2d4851a1d" />
    <TestEntry testId="26a4e4c8-7904-ce05-a28a-e7b64ffa388b" executionId="bde34913-1181-423a-9721-c1cca5679218" testListId="8c84fa94-04c1-424b-9868-57a2d4851a1d" />
    <TestEntry testId="d837b9ee-96af-7157-c1bb-f13edaf78b04" executionId="32db346b-13cd-4506-9257-30fc8c548d6d" testListId="8c84fa94-04c1-424b-9868-57a2d4851a1d" />
    <TestEntry testId="59341a56-8b04-8fae-a392-be35c00b5eae" executionId="d05e83eb-18a2-4666-b225-188e9db2b3ed" testListId="8c84fa94-04c1-424b-9868-57a2d4851a1d" />
    <TestEntry testId="066640d5-0f8d-3e6b-e671-061b9b1bbc40" executionId="503fc5b9-318a-4c0f-886f-b07ad76019ac" testListId="8c84fa94-04c1-424b-9868-57a2d4851a1d" />
    <TestEntry testId="efc61bda-651d-4cfc-7bcf-a6a000114720" executionId="606aed4e-5fb7-4eb4-858e-b03d191259f2" testListId="8c84fa94-04c1-424b-9868-57a2d4851a1d" />
    <TestEntry testId="846bc473-6069-878c-a09e-175cddc63181" executionId="c13e7555-92fa-4c44-a56e-7c0403cc168c" testListId="8c84fa94-04c1-424b-9868-57a2d4851a1d" />
    <TestEntry testId="f0885bc3-05e5-7772-d339-612a30f20d7e" executionId="77d156da-369e-4ec5-ae11-36cf39253a25" testListId="8c84fa94-04c1-424b-9868-57a2d4851a1d" />
    <TestEntry testId="aa156e5a-00fb-9dd1-3e15-9e964a9b4dcc" executionId="b859ee88-d4b9-402c-8465-99fdbad5919b" testListId="8c84fa94-04c1-424b-9868-57a2d4851a1d" />
    <TestEntry testId="e02305b3-38c9-af16-c269-d67097c5a1ee" executionId="9802205f-a00a-4589-a344-4e739a714fa1" testListId="8c84fa94-04c1-424b-9868-57a2d4851a1d" />
    <TestEntry testId="7dc22ad6-8e47-c594-1525-d0e8aa246314" executionId="bc40054b-bb6a-4fe0-8a56-fdfa3ca895b2" testListId="8c84fa94-04c1-424b-9868-57a2d4851a1d" />
    <TestEntry testId="188a9807-6062-eaa9-e6a4-629204b8f65e" executionId="45859798-3cd6-4859-90fe-4e503644ba90" testListId="8c84fa94-04c1-424b-9868-57a2d4851a1d" />
    <TestEntry testId="1dfb950e-a26c-d882-1c8a-2697dc456388" executionId="5fc3b304-fefc-4543-b519-e44caf8cea91" testListId="8c84fa94-04c1-424b-9868-57a2d4851a1d" />
    <TestEntry testId="cd1f1ea3-3d28-f80f-5146-1c0e6b51cf25" executionId="dad09a05-c408-4d8b-9c6a-8b39965ca79f" testListId="8c84fa94-04c1-424b-9868-57a2d4851a1d" />
    <TestEntry testId="35be7a6d-f524-ba13-db82-6b7f6f9551c1" executionId="6b878cba-24ca-4fa6-abe1-6fdb744e1788" testListId="8c84fa94-04c1-424b-9868-57a2d4851a1d" />
    <TestEntry testId="f27f4177-44fc-d5d5-65d5-c96b21465aa0" executionId="992be90f-9b8a-42a6-8edf-bc6e881a729a" testListId="8c84fa94-04c1-424b-9868-57a2d4851a1d" />
    <TestEntry testId="7efeeeda-75c2-8714-bc7d-d6ba0e5c3489" executionId="82febaa2-dcda-42a5-8b38-f90c29a46089" testListId="8c84fa94-04c1-424b-9868-57a2d4851a1d" />
    <TestEntry testId="4a19f136-be72-188d-daa7-6befec36b9be" executionId="4a4f339c-9164-4d38-a81b-9ce9d9f758ac" testListId="8c84fa94-04c1-424b-9868-57a2d4851a1d" />
    <TestEntry testId="9ad5076a-942f-5afe-9dda-7381082946ab" executionId="b8f18b4b-6c15-4c99-9e99-26e0bd45b10a" testListId="8c84fa94-04c1-424b-9868-57a2d4851a1d" />
    <TestEntry testId="4d1f674b-9e29-21e3-e3b4-1966aac26aee" executionId="df1c475b-fc04-4886-95de-4eda7e5b4458" testListId="8c84fa94-04c1-424b-9868-57a2d4851a1d" />
    <TestEntry testId="eee77ccc-8a0d-abdf-4ff3-cd32fa574642" executionId="5fab5e74-9d3f-4f7b-9a51-0180bfc6cef7" testListId="8c84fa94-04c1-424b-9868-57a2d4851a1d" />
    <TestEntry testId="282e9430-2abd-7c15-f3bf-22878ccd69cc" executionId="916947e4-90f6-4659-8482-0398453948da" testListId="8c84fa94-04c1-424b-9868-57a2d4851a1d" />
  </TestEntries>
  <TestLists>
    <TestList name="Results Not in a List" id="8c84fa94-04c1-424b-9868-57a2d4851a1d" />
    <TestList name="All Loaded Results" id="19431567-8539-422a-85d7-44ee4e166bda" />
  </TestLists>
  <ResultSummary outcome="Completed">
    <Counters total="514" executed="514" passed="514" failed="0" error="0" timeout="0" aborted="0" inconclusive="0" passedButRunAborted="0" notRunnable="0" notExecuted="0" disconnected="0" warning="0" completed="0" inProgress="0" pending="0" />
    <Output>
      <StdOut>NUnit Adapter 4.5.0.0: Test execution started&#xD;
Running all tests in D:\facultate\UBB-cs\sem4\iss\UBB-SE-2026-PussyCats_clone\PharmacyApp.Tests.Clean\bin\Debug\net8.0-windows10.0.22621.0\PharmacyApp.Tests.Clean.dll&#xD;
   NUnit3TestExecutor discovered 514 of 514 NUnit test cases using Current Discovery mode, Non-Explicit run&#xD;
NUnit Adapter 4.5.0.0: Test execution complete&#xD;
</StdOut>
    </Output>
    <RunInfos>
      <RunInfo computerName="DESKTOP-C5LH746" outcome="Warning" timestamp="2026-05-01T13:51:48.4449261+03:00">
        <Text>Error adding item: Invalid item data. Please check the input and try again.&#xD;
</Text>
      </RunInfo>
      <RunInfo computerName="DESKTOP-C5LH746" outcome="Warning" timestamp="2026-05-01T13:51:48.4506837+03:00">
        <Text>Error adding item: Invalid item data. Please check the input and try again.&#xD;
</Text>
      </RunInfo>
      <RunInfo computerName="DESKTOP-C5LH746" outcome="Warning" timestamp="2026-05-01T13:51:48.4617707+03:00">
        <Text>Error adding item: Invalid item data. Please check the input and try again.&#xD;
</Text>
      </RunInfo>
      <RunInfo computerName="DESKTOP-C5LH746" outcome="Warning" timestamp="2026-05-01T13:51:48.4621937+03:00">
        <Text>Error adding item: Invalid item data. Please check the input and try again.&#xD;
</Text>
      </RunInfo>
      <RunInfo computerName="DESKTOP-C5LH746" outcome="Warning" timestamp="2026-05-01T13:51:49.0115053+03:00">
        <Text>Error adding item: Invalid item data. Please check the input and try again.&#xD;
</Text>
      </RunInfo>
      <RunInfo computerName="DESKTOP-C5LH746" outcome="Warning" timestamp="2026-05-01T13:51:49.7043744+03:00">
        <Text>THE REAL ERROR IS: Value does not fall within the expected range.&#xD;
</Text>
      </RunInfo>
    </RunInfos>
  </ResultSummary>
</TestRun>